{"F:\\final pharmatrack web\\Backend\\Controller\\auth.controller.js": {"path":"F:\\final pharmatrack web\\Backend\\Controller\\auth.controller.js","statementMap":{"0":{"start":{"line":8,"column":20},"end":{"line":22,"column":1}},"1":{"start":{"line":9,"column":2},"end":{"line":21,"column":3}},"2":{"start":{"line":10,"column":4},"end":{"line":18,"column":7}},"3":{"start":{"line":20,"column":4},"end":{"line":20,"column":52}},"4":{"start":{"line":25,"column":24},"end":{"line":86,"column":1}},"5":{"start":{"line":26,"column":2},"end":{"line":85,"column":3}},"6":{"start":{"line":35,"column":8},"end":{"line":35,"column":16}},"7":{"start":{"line":36,"column":21},"end":{"line":36,"column":83}},"8":{"start":{"line":39,"column":4},"end":{"line":41,"column":5}},"9":{"start":{"line":40,"column":6},"end":{"line":40,"column":75}},"10":{"start":{"line":42,"column":4},"end":{"line":44,"column":5}},"11":{"start":{"line":43,"column":6},"end":{"line":43,"column":92}},"12":{"start":{"line":45,"column":4},"end":{"line":47,"column":5}},"13":{"start":{"line":46,"column":6},"end":{"line":46,"column":113}},"14":{"start":{"line":49,"column":21},"end":{"line":49,"column":61}},"15":{"start":{"line":50,"column":4},"end":{"line":52,"column":5}},"16":{"start":{"line":51,"column":6},"end":{"line":51,"column":72}},"17":{"start":{"line":55,"column":22},"end":{"line":55,"column":27}},"18":{"start":{"line":56,"column":4},"end":{"line":61,"column":5}},"19":{"start":{"line":57,"column":22},"end":{"line":57,"column":92}},"20":{"start":{"line":58,"column":6},"end":{"line":58,"column":46}},"21":{"start":{"line":64,"column":17},"end":{"line":75,"column":6}},"22":{"start":{"line":77,"column":4},"end":{"line":81,"column":7}},"23":{"start":{"line":83,"column":4},"end":{"line":83,"column":46}},"24":{"start":{"line":84,"column":4},"end":{"line":84,"column":77}},"25":{"start":{"line":89,"column":21},"end":{"line":197,"column":1}},"26":{"start":{"line":90,"column":2},"end":{"line":196,"column":3}},"27":{"start":{"line":91,"column":32},"end":{"line":91,"column":40}},"28":{"start":{"line":93,"column":4},"end":{"line":95,"column":5}},"29":{"start":{"line":94,"column":6},"end":{"line":94,"column":83}},"30":{"start":{"line":97,"column":17},"end":{"line":97,"column":57}},"31":{"start":{"line":98,"column":4},"end":{"line":100,"column":5}},"32":{"start":{"line":99,"column":6},"end":{"line":99,"column":77}},"33":{"start":{"line":103,"column":4},"end":{"line":111,"column":5}},"34":{"start":{"line":104,"column":6},"end":{"line":110,"column":7}},"35":{"start":{"line":106,"column":8},"end":{"line":106,"column":85}},"36":{"start":{"line":108,"column":8},"end":{"line":108,"column":101}},"37":{"start":{"line":109,"column":8},"end":{"line":109,"column":106}},"38":{"start":{"line":114,"column":4},"end":{"line":116,"column":5}},"39":{"start":{"line":115,"column":6},"end":{"line":115,"column":106}},"40":{"start":{"line":119,"column":4},"end":{"line":121,"column":5}},"41":{"start":{"line":120,"column":6},"end":{"line":120,"column":116}},"42":{"start":{"line":123,"column":20},"end":{"line":123,"column":65}},"43":{"start":{"line":124,"column":4},"end":{"line":156,"column":5}},"44":{"start":{"line":126,"column":26},"end":{"line":126,"column":55}},"45":{"start":{"line":127,"column":24},"end":{"line":127,"column":25}},"46":{"start":{"line":129,"column":6},"end":{"line":132,"column":20}},"47":{"start":{"line":130,"column":24},"end":{"line":130,"column":94}},"48":{"start":{"line":131,"column":8},"end":{"line":131,"column":60}},"49":{"start":{"line":134,"column":6},"end":{"line":153,"column":7}},"50":{"start":{"line":136,"column":27},"end":{"line":136,"column":29}},"51":{"start":{"line":137,"column":8},"end":{"line":140,"column":22}},"52":{"start":{"line":138,"column":26},"end":{"line":138,"column":99}},"53":{"start":{"line":139,"column":10},"end":{"line":139,"column":64}},"54":{"start":{"line":142,"column":8},"end":{"line":146,"column":11}},"55":{"start":{"line":148,"column":8},"end":{"line":148,"column":129}},"56":{"start":{"line":149,"column":8},"end":{"line":149,"column":138}},"57":{"start":{"line":151,"column":8},"end":{"line":151,"column":58}},"58":{"start":{"line":152,"column":8},"end":{"line":152,"column":134}},"59":{"start":{"line":155,"column":6},"end":{"line":155,"column":77}},"60":{"start":{"line":159,"column":21},"end":{"line":159,"column":60}},"61":{"start":{"line":160,"column":4},"end":{"line":165,"column":7}},"62":{"start":{"line":168,"column":4},"end":{"line":168,"column":76}},"63":{"start":{"line":170,"column":18},"end":{"line":174,"column":5}},"64":{"start":{"line":176,"column":4},"end":{"line":192,"column":7}},"65":{"start":{"line":194,"column":4},"end":{"line":194,"column":39}},"66":{"start":{"line":195,"column":4},"end":{"line":195,"column":77}},"67":{"start":{"line":199,"column":37},"end":{"line":216,"column":1}},"68":{"start":{"line":200,"column":2},"end":{"line":215,"column":3}},"69":{"start":{"line":201,"column":23},"end":{"line":201,"column":48}},"70":{"start":{"line":202,"column":4},"end":{"line":204,"column":5}},"71":{"start":{"line":203,"column":6},"end":{"line":203,"column":82}},"72":{"start":{"line":206,"column":18},"end":{"line":206,"column":42}},"73":{"start":{"line":207,"column":4},"end":{"line":209,"column":5}},"74":{"start":{"line":208,"column":6},"end":{"line":208,"column":82}},"75":{"start":{"line":211,"column":20},"end":{"line":211,"column":103}},"76":{"start":{"line":212,"column":4},"end":{"line":212,"column":52}},"77":{"start":{"line":214,"column":4},"end":{"line":214,"column":76}},"78":{"start":{"line":219,"column":25},"end":{"line":230,"column":1}},"79":{"start":{"line":220,"column":2},"end":{"line":229,"column":3}},"80":{"start":{"line":221,"column":18},"end":{"line":224,"column":6}},"81":{"start":{"line":225,"column":4},"end":{"line":225,"column":39}},"82":{"start":{"line":227,"column":4},"end":{"line":227,"column":44}},"83":{"start":{"line":228,"column":4},"end":{"line":228,"column":70}},"84":{"start":{"line":233,"column":26},"end":{"line":258,"column":1}},"85":{"start":{"line":234,"column":2},"end":{"line":257,"column":3}},"86":{"start":{"line":235,"column":17},"end":{"line":251,"column":6}},"87":{"start":{"line":252,"column":4},"end":{"line":252,"column":74}},"88":{"start":{"line":252,"column":15},"end":{"line":252,"column":74}},"89":{"start":{"line":253,"column":4},"end":{"line":253,"column":38}},"90":{"start":{"line":255,"column":4},"end":{"line":255,"column":45}},"91":{"start":{"line":256,"column":4},"end":{"line":256,"column":71}},"92":{"start":{"line":261,"column":29},"end":{"line":304,"column":1}},"93":{"start":{"line":262,"column":2},"end":{"line":303,"column":3}},"94":{"start":{"line":263,"column":107},"end":{"line":263,"column":115}},"95":{"start":{"line":264,"column":17},"end":{"line":264,"column":53}},"96":{"start":{"line":265,"column":4},"end":{"line":265,"column":74}},"97":{"start":{"line":265,"column":15},"end":{"line":265,"column":74}},"98":{"start":{"line":267,"column":4},"end":{"line":272,"column":5}},"99":{"start":{"line":268,"column":23},"end":{"line":268,"column":63}},"100":{"start":{"line":269,"column":6},"end":{"line":271,"column":7}},"101":{"start":{"line":270,"column":8},"end":{"line":270,"column":73}},"102":{"start":{"line":274,"column":4},"end":{"line":283,"column":7}},"103":{"start":{"line":285,"column":4},"end":{"line":299,"column":7}},"104":{"start":{"line":301,"column":4},"end":{"line":301,"column":48}},"105":{"start":{"line":302,"column":4},"end":{"line":302,"column":73}},"106":{"start":{"line":307,"column":30},"end":{"line":330,"column":1}},"107":{"start":{"line":308,"column":2},"end":{"line":329,"column":3}},"108":{"start":{"line":309,"column":41},"end":{"line":309,"column":49}},"109":{"start":{"line":310,"column":4},"end":{"line":312,"column":5}},"110":{"start":{"line":311,"column":6},"end":{"line":311,"column":84}},"111":{"start":{"line":314,"column":17},"end":{"line":314,"column":53}},"112":{"start":{"line":315,"column":4},"end":{"line":315,"column":74}},"113":{"start":{"line":315,"column":15},"end":{"line":315,"column":74}},"114":{"start":{"line":317,"column":20},"end":{"line":317,"column":68}},"115":{"start":{"line":318,"column":4},"end":{"line":320,"column":5}},"116":{"start":{"line":319,"column":6},"end":{"line":319,"column":76}},"117":{"start":{"line":322,"column":4},"end":{"line":322,"column":32}},"118":{"start":{"line":323,"column":4},"end":{"line":323,"column":22}},"119":{"start":{"line":325,"column":4},"end":{"line":325,"column":78}},"120":{"start":{"line":327,"column":4},"end":{"line":327,"column":49}},"121":{"start":{"line":328,"column":4},"end":{"line":328,"column":74}},"122":{"start":{"line":333,"column":26},"end":{"line":335,"column":1}},"123":{"start":{"line":334,"column":2},"end":{"line":334,"column":64}},"124":{"start":{"line":338,"column":30},"end":{"line":387,"column":1}},"125":{"start":{"line":339,"column":2},"end":{"line":386,"column":3}},"126":{"start":{"line":340,"column":22},"end":{"line":340,"column":30}},"127":{"start":{"line":342,"column":4},"end":{"line":344,"column":5}},"128":{"start":{"line":343,"column":6},"end":{"line":343,"column":68}},"129":{"start":{"line":347,"column":17},"end":{"line":347,"column":57}},"130":{"start":{"line":348,"column":4},"end":{"line":352,"column":5}},"131":{"start":{"line":351,"column":6},"end":{"line":351,"column":91}},"132":{"start":{"line":355,"column":4},"end":{"line":357,"column":5}},"133":{"start":{"line":356,"column":6},"end":{"line":356,"column":106}},"134":{"start":{"line":360,"column":22},"end":{"line":360,"column":41}},"135":{"start":{"line":363,"column":23},"end":{"line":363,"column":55}},"136":{"start":{"line":364,"column":4},"end":{"line":367,"column":7}},"137":{"start":{"line":370,"column":4},"end":{"line":370,"column":97}},"138":{"start":{"line":373,"column":4},"end":{"line":378,"column":5}},"139":{"start":{"line":374,"column":6},"end":{"line":374,"column":69}},"140":{"start":{"line":376,"column":6},"end":{"line":376,"column":57}},"141":{"start":{"line":377,"column":6},"end":{"line":377,"column":101}},"142":{"start":{"line":380,"column":4},"end":{"line":382,"column":7}},"143":{"start":{"line":384,"column":4},"end":{"line":384,"column":49}},"144":{"start":{"line":385,"column":4},"end":{"line":385,"column":89}},"145":{"start":{"line":390,"column":31},"end":{"line":428,"column":1}},"146":{"start":{"line":391,"column":2},"end":{"line":427,"column":3}},"147":{"start":{"line":392,"column":28},"end":{"line":392,"column":36}},"148":{"start":{"line":394,"column":4},"end":{"line":396,"column":5}},"149":{"start":{"line":395,"column":6},"end":{"line":395,"column":78}},"150":{"start":{"line":398,"column":17},"end":{"line":398,"column":57}},"151":{"start":{"line":399,"column":4},"end":{"line":401,"column":5}},"152":{"start":{"line":400,"column":6},"end":{"line":400,"column":72}},"153":{"start":{"line":404,"column":4},"end":{"line":406,"column":5}},"154":{"start":{"line":405,"column":6},"end":{"line":405,"column":110}},"155":{"start":{"line":408,"column":4},"end":{"line":412,"column":5}},"156":{"start":{"line":410,"column":6},"end":{"line":410,"column":82}},"157":{"start":{"line":411,"column":6},"end":{"line":411,"column":100}},"158":{"start":{"line":415,"column":24},"end":{"line":415,"column":75}},"159":{"start":{"line":416,"column":4},"end":{"line":418,"column":5}},"160":{"start":{"line":417,"column":6},"end":{"line":417,"column":69}},"161":{"start":{"line":420,"column":4},"end":{"line":423,"column":7}},"162":{"start":{"line":425,"column":4},"end":{"line":425,"column":51}},"163":{"start":{"line":426,"column":4},"end":{"line":426,"column":76}},"164":{"start":{"line":431,"column":29},"end":{"line":481,"column":1}},"165":{"start":{"line":432,"column":2},"end":{"line":480,"column":3}},"166":{"start":{"line":433,"column":41},"end":{"line":433,"column":49}},"167":{"start":{"line":435,"column":4},"end":{"line":437,"column":5}},"168":{"start":{"line":436,"column":6},"end":{"line":436,"column":93}},"169":{"start":{"line":440,"column":4},"end":{"line":444,"column":5}},"170":{"start":{"line":441,"column":6},"end":{"line":443,"column":9}},"171":{"start":{"line":446,"column":17},"end":{"line":446,"column":57}},"172":{"start":{"line":447,"column":4},"end":{"line":449,"column":5}},"173":{"start":{"line":448,"column":6},"end":{"line":448,"column":72}},"174":{"start":{"line":452,"column":4},"end":{"line":454,"column":5}},"175":{"start":{"line":453,"column":6},"end":{"line":453,"column":110}},"176":{"start":{"line":456,"column":4},"end":{"line":459,"column":5}},"177":{"start":{"line":457,"column":6},"end":{"line":457,"column":82}},"178":{"start":{"line":458,"column":6},"end":{"line":458,"column":100}},"179":{"start":{"line":462,"column":24},"end":{"line":462,"column":75}},"180":{"start":{"line":463,"column":4},"end":{"line":465,"column":5}},"181":{"start":{"line":464,"column":6},"end":{"line":464,"column":69}},"182":{"start":{"line":468,"column":4},"end":{"line":468,"column":32}},"183":{"start":{"line":469,"column":4},"end":{"line":469,"column":35}},"184":{"start":{"line":470,"column":4},"end":{"line":470,"column":37}},"185":{"start":{"line":471,"column":4},"end":{"line":471,"column":22}},"186":{"start":{"line":474,"column":4},"end":{"line":474,"column":89}},"187":{"start":{"line":476,"column":4},"end":{"line":476,"column":106}},"188":{"start":{"line":478,"column":4},"end":{"line":478,"column":48}},"189":{"start":{"line":479,"column":4},"end":{"line":479,"column":73}}},"fnMap":{"0":{"name":"(anonymous_0)","decl":{"start":{"line":8,"column":20},"end":{"line":8,"column":21}},"loc":{"start":{"line":8,"column":101},"end":{"line":22,"column":1}},"line":8},"1":{"name":"(anonymous_1)","decl":{"start":{"line":25,"column":24},"end":{"line":25,"column":25}},"loc":{"start":{"line":25,"column":44},"end":{"line":86,"column":1}},"line":25},"2":{"name":"(anonymous_2)","decl":{"start":{"line":89,"column":21},"end":{"line":89,"column":22}},"loc":{"start":{"line":89,"column":41},"end":{"line":197,"column":1}},"line":89},"3":{"name":"(anonymous_3)","decl":{"start":{"line":199,"column":37},"end":{"line":199,"column":38}},"loc":{"start":{"line":199,"column":51},"end":{"line":216,"column":1}},"line":199},"4":{"name":"(anonymous_4)","decl":{"start":{"line":219,"column":25},"end":{"line":219,"column":26}},"loc":{"start":{"line":219,"column":45},"end":{"line":230,"column":1}},"line":219},"5":{"name":"(anonymous_5)","decl":{"start":{"line":233,"column":26},"end":{"line":233,"column":27}},"loc":{"start":{"line":233,"column":46},"end":{"line":258,"column":1}},"line":233},"6":{"name":"(anonymous_6)","decl":{"start":{"line":261,"column":29},"end":{"line":261,"column":30}},"loc":{"start":{"line":261,"column":49},"end":{"line":304,"column":1}},"line":261},"7":{"name":"(anonymous_7)","decl":{"start":{"line":307,"column":30},"end":{"line":307,"column":31}},"loc":{"start":{"line":307,"column":50},"end":{"line":330,"column":1}},"line":307},"8":{"name":"(anonymous_8)","decl":{"start":{"line":333,"column":26},"end":{"line":333,"column":27}},"loc":{"start":{"line":333,"column":32},"end":{"line":335,"column":1}},"line":333},"9":{"name":"(anonymous_9)","decl":{"start":{"line":338,"column":30},"end":{"line":338,"column":31}},"loc":{"start":{"line":338,"column":50},"end":{"line":387,"column":1}},"line":338},"10":{"name":"(anonymous_10)","decl":{"start":{"line":390,"column":31},"end":{"line":390,"column":32}},"loc":{"start":{"line":390,"column":51},"end":{"line":428,"column":1}},"line":390},"11":{"name":"(anonymous_11)","decl":{"start":{"line":431,"column":29},"end":{"line":431,"column":30}},"loc":{"start":{"line":431,"column":49},"end":{"line":481,"column":1}},"line":431}},"branchMap":{"0":{"loc":{"start":{"line":8,"column":61},"end":{"line":8,"column":74}},"type":"default-arg","locations":[{"start":{"line":8,"column":72},"end":{"line":8,"column":74}}],"line":8},"1":{"loc":{"start":{"line":8,"column":76},"end":{"line":8,"column":96}},"type":"default-arg","locations":[{"start":{"line":8,"column":91},"end":{"line":8,"column":96}}],"line":8},"2":{"loc":{"start":{"line":14,"column":17},"end":{"line":14,"column":56}},"type":"binary-expr","locations":[{"start":{"line":14,"column":17},"end":{"line":14,"column":23}},{"start":{"line":14,"column":27},"end":{"line":14,"column":56}}],"line":14},"3":{"loc":{"start":{"line":36,"column":21},"end":{"line":36,"column":83}},"type":"binary-expr","locations":[{"start":{"line":36,"column":21},"end":{"line":36,"column":38}},{"start":{"line":36,"column":43},"end":{"line":36,"column":82}}],"line":36},"4":{"loc":{"start":{"line":36,"column":43},"end":{"line":36,"column":82}},"type":"cond-expr","locations":[{"start":{"line":36,"column":51},"end":{"line":36,"column":70}},{"start":{"line":36,"column":73},"end":{"line":36,"column":82}}],"line":36},"5":{"loc":{"start":{"line":39,"column":4},"end":{"line":41,"column":5}},"type":"if","locations":[{"start":{"line":39,"column":4},"end":{"line":41,"column":5}},{"start":{},"end":{}}],"line":39},"6":{"loc":{"start":{"line":39,"column":8},"end":{"line":39,"column":103}},"type":"binary-expr","locations":[{"start":{"line":39,"column":8},"end":{"line":39,"column":21}},{"start":{"line":39,"column":25},"end":{"line":39,"column":35}},{"start":{"line":39,"column":39},"end":{"line":39,"column":45}},{"start":{"line":39,"column":49},"end":{"line":39,"column":55}},{"start":{"line":39,"column":59},"end":{"line":39,"column":78}},{"start":{"line":39,"column":82},"end":{"line":39,"column":90}},{"start":{"line":39,"column":94},"end":{"line":39,"column":103}}],"line":39},"7":{"loc":{"start":{"line":42,"column":4},"end":{"line":44,"column":5}},"type":"if","locations":[{"start":{"line":42,"column":4},"end":{"line":44,"column":5}},{"start":{},"end":{}}],"line":42},"8":{"loc":{"start":{"line":45,"column":4},"end":{"line":47,"column":5}},"type":"if","locations":[{"start":{"line":45,"column":4},"end":{"line":47,"column":5}},{"start":{},"end":{}}],"line":45},"9":{"loc":{"start":{"line":50,"column":4},"end":{"line":52,"column":5}},"type":"if","locations":[{"start":{"line":50,"column":4},"end":{"line":52,"column":5}},{"start":{},"end":{}}],"line":50},"10":{"loc":{"start":{"line":73,"column":14},"end":{"line":73,"column":48}},"type":"cond-expr","locations":[{"start":{"line":73,"column":28},"end":{"line":73,"column":36}},{"start":{"line":73,"column":39},"end":{"line":73,"column":48}}],"line":73},"11":{"loc":{"start":{"line":78,"column":15},"end":{"line":80,"column":68}},"type":"cond-expr","locations":[{"start":{"line":79,"column":10},"end":{"line":79,"column":56}},{"start":{"line":80,"column":10},"end":{"line":80,"column":68}}],"line":78},"12":{"loc":{"start":{"line":93,"column":4},"end":{"line":95,"column":5}},"type":"if","locations":[{"start":{"line":93,"column":4},"end":{"line":95,"column":5}},{"start":{},"end":{}}],"line":93},"13":{"loc":{"start":{"line":93,"column":8},"end":{"line":93,"column":27}},"type":"binary-expr","locations":[{"start":{"line":93,"column":8},"end":{"line":93,"column":14}},{"start":{"line":93,"column":18},"end":{"line":93,"column":27}}],"line":93},"14":{"loc":{"start":{"line":98,"column":4},"end":{"line":100,"column":5}},"type":"if","locations":[{"start":{"line":98,"column":4},"end":{"line":100,"column":5}},{"start":{},"end":{}}],"line":98},"15":{"loc":{"start":{"line":103,"column":4},"end":{"line":111,"column":5}},"type":"if","locations":[{"start":{"line":103,"column":4},"end":{"line":111,"column":5}},{"start":{},"end":{}}],"line":103},"16":{"loc":{"start":{"line":104,"column":6},"end":{"line":110,"column":7}},"type":"if","locations":[{"start":{"line":104,"column":6},"end":{"line":110,"column":7}},{"start":{"line":107,"column":13},"end":{"line":110,"column":7}}],"line":104},"17":{"loc":{"start":{"line":104,"column":10},"end":{"line":104,"column":59}},"type":"binary-expr","locations":[{"start":{"line":104,"column":10},"end":{"line":104,"column":26}},{"start":{"line":104,"column":30},"end":{"line":104,"column":59}}],"line":104},"18":{"loc":{"start":{"line":114,"column":4},"end":{"line":116,"column":5}},"type":"if","locations":[{"start":{"line":114,"column":4},"end":{"line":116,"column":5}},{"start":{},"end":{}}],"line":114},"19":{"loc":{"start":{"line":119,"column":4},"end":{"line":121,"column":5}},"type":"if","locations":[{"start":{"line":119,"column":4},"end":{"line":121,"column":5}},{"start":{},"end":{}}],"line":119},"20":{"loc":{"start":{"line":119,"column":8},"end":{"line":119,"column":53}},"type":"binary-expr","locations":[{"start":{"line":119,"column":8},"end":{"line":119,"column":33}},{"start":{"line":119,"column":37},"end":{"line":119,"column":53}}],"line":119},"21":{"loc":{"start":{"line":124,"column":4},"end":{"line":156,"column":5}},"type":"if","locations":[{"start":{"line":124,"column":4},"end":{"line":156,"column":5}},{"start":{},"end":{}}],"line":124},"22":{"loc":{"start":{"line":126,"column":27},"end":{"line":126,"column":50}},"type":"binary-expr","locations":[{"start":{"line":126,"column":27},"end":{"line":126,"column":45}},{"start":{"line":126,"column":49},"end":{"line":126,"column":50}}],"line":126},"23":{"loc":{"start":{"line":131,"column":22},"end":{"line":131,"column":59}},"type":"cond-expr","locations":[{"start":{"line":131,"column":32},"end":{"line":131,"column":55}},{"start":{"line":131,"column":58},"end":{"line":131,"column":59}}],"line":131},"24":{"loc":{"start":{"line":134,"column":6},"end":{"line":153,"column":7}},"type":"if","locations":[{"start":{"line":134,"column":6},"end":{"line":153,"column":7}},{"start":{"line":150,"column":13},"end":{"line":153,"column":7}}],"line":134},"25":{"loc":{"start":{"line":139,"column":25},"end":{"line":139,"column":63}},"type":"cond-expr","locations":[{"start":{"line":139,"column":35},"end":{"line":139,"column":58}},{"start":{"line":139,"column":61},"end":{"line":139,"column":63}}],"line":139},"26":{"loc":{"start":{"line":159,"column":21},"end":{"line":159,"column":60}},"type":"binary-expr","locations":[{"start":{"line":159,"column":21},"end":{"line":159,"column":27}},{"start":{"line":159,"column":31},"end":{"line":159,"column":60}}],"line":159},"27":{"loc":{"start":{"line":172,"column":6},"end":{"line":172,"column":70}},"type":"binary-expr","locations":[{"start":{"line":172,"column":6},"end":{"line":172,"column":28}},{"start":{"line":172,"column":32},"end":{"line":172,"column":70}}],"line":172},"28":{"loc":{"start":{"line":202,"column":4},"end":{"line":204,"column":5}},"type":"if","locations":[{"start":{"line":202,"column":4},"end":{"line":204,"column":5}},{"start":{},"end":{}}],"line":202},"29":{"loc":{"start":{"line":207,"column":4},"end":{"line":209,"column":5}},"type":"if","locations":[{"start":{"line":207,"column":4},"end":{"line":209,"column":5}},{"start":{},"end":{}}],"line":207},"30":{"loc":{"start":{"line":211,"column":38},"end":{"line":211,"column":102}},"type":"binary-expr","locations":[{"start":{"line":211,"column":38},"end":{"line":211,"column":60}},{"start":{"line":211,"column":64},"end":{"line":211,"column":102}}],"line":211},"31":{"loc":{"start":{"line":252,"column":4},"end":{"line":252,"column":74}},"type":"if","locations":[{"start":{"line":252,"column":4},"end":{"line":252,"column":74}},{"start":{},"end":{}}],"line":252},"32":{"loc":{"start":{"line":265,"column":4},"end":{"line":265,"column":74}},"type":"if","locations":[{"start":{"line":265,"column":4},"end":{"line":265,"column":74}},{"start":{},"end":{}}],"line":265},"33":{"loc":{"start":{"line":267,"column":4},"end":{"line":272,"column":5}},"type":"if","locations":[{"start":{"line":267,"column":4},"end":{"line":272,"column":5}},{"start":{},"end":{}}],"line":267},"34":{"loc":{"start":{"line":267,"column":8},"end":{"line":267,"column":37}},"type":"binary-expr","locations":[{"start":{"line":267,"column":8},"end":{"line":267,"column":13}},{"start":{"line":267,"column":17},"end":{"line":267,"column":37}}],"line":267},"35":{"loc":{"start":{"line":269,"column":6},"end":{"line":271,"column":7}},"type":"if","locations":[{"start":{"line":269,"column":6},"end":{"line":271,"column":7}},{"start":{},"end":{}}],"line":269},"36":{"loc":{"start":{"line":275,"column":20},"end":{"line":275,"column":53}},"type":"binary-expr","locations":[{"start":{"line":275,"column":20},"end":{"line":275,"column":32}},{"start":{"line":275,"column":36},"end":{"line":275,"column":53}}],"line":275},"37":{"loc":{"start":{"line":276,"column":17},"end":{"line":276,"column":44}},"type":"binary-expr","locations":[{"start":{"line":276,"column":17},"end":{"line":276,"column":26}},{"start":{"line":276,"column":30},"end":{"line":276,"column":44}}],"line":276},"38":{"loc":{"start":{"line":277,"column":13},"end":{"line":277,"column":32}},"type":"binary-expr","locations":[{"start":{"line":277,"column":13},"end":{"line":277,"column":18}},{"start":{"line":277,"column":22},"end":{"line":277,"column":32}}],"line":277},"39":{"loc":{"start":{"line":278,"column":13},"end":{"line":278,"column":32}},"type":"binary-expr","locations":[{"start":{"line":278,"column":13},"end":{"line":278,"column":18}},{"start":{"line":278,"column":22},"end":{"line":278,"column":32}}],"line":278},"40":{"loc":{"start":{"line":279,"column":26},"end":{"line":279,"column":71}},"type":"binary-expr","locations":[{"start":{"line":279,"column":26},"end":{"line":279,"column":44}},{"start":{"line":279,"column":48},"end":{"line":279,"column":71}}],"line":279},"41":{"loc":{"start":{"line":280,"column":15},"end":{"line":280,"column":38}},"type":"binary-expr","locations":[{"start":{"line":280,"column":15},"end":{"line":280,"column":22}},{"start":{"line":280,"column":26},"end":{"line":280,"column":38}}],"line":280},"42":{"loc":{"start":{"line":281,"column":16},"end":{"line":281,"column":41}},"type":"binary-expr","locations":[{"start":{"line":281,"column":16},"end":{"line":281,"column":24}},{"start":{"line":281,"column":28},"end":{"line":281,"column":41}}],"line":281},"43":{"loc":{"start":{"line":282,"column":20},"end":{"line":282,"column":53}},"type":"binary-expr","locations":[{"start":{"line":282,"column":20},"end":{"line":282,"column":32}},{"start":{"line":282,"column":36},"end":{"line":282,"column":53}}],"line":282},"44":{"loc":{"start":{"line":310,"column":4},"end":{"line":312,"column":5}},"type":"if","locations":[{"start":{"line":310,"column":4},"end":{"line":312,"column":5}},{"start":{},"end":{}}],"line":310},"45":{"loc":{"start":{"line":310,"column":8},"end":{"line":310,"column":36}},"type":"binary-expr","locations":[{"start":{"line":310,"column":8},"end":{"line":310,"column":20}},{"start":{"line":310,"column":24},"end":{"line":310,"column":36}}],"line":310},"46":{"loc":{"start":{"line":315,"column":4},"end":{"line":315,"column":74}},"type":"if","locations":[{"start":{"line":315,"column":4},"end":{"line":315,"column":74}},{"start":{},"end":{}}],"line":315},"47":{"loc":{"start":{"line":318,"column":4},"end":{"line":320,"column":5}},"type":"if","locations":[{"start":{"line":318,"column":4},"end":{"line":320,"column":5}},{"start":{},"end":{}}],"line":318},"48":{"loc":{"start":{"line":342,"column":4},"end":{"line":344,"column":5}},"type":"if","locations":[{"start":{"line":342,"column":4},"end":{"line":344,"column":5}},{"start":{},"end":{}}],"line":342},"49":{"loc":{"start":{"line":348,"column":4},"end":{"line":352,"column":5}},"type":"if","locations":[{"start":{"line":348,"column":4},"end":{"line":352,"column":5}},{"start":{},"end":{}}],"line":348},"50":{"loc":{"start":{"line":355,"column":4},"end":{"line":357,"column":5}},"type":"if","locations":[{"start":{"line":355,"column":4},"end":{"line":357,"column":5}},{"start":{},"end":{}}],"line":355},"51":{"loc":{"start":{"line":394,"column":4},"end":{"line":396,"column":5}},"type":"if","locations":[{"start":{"line":394,"column":4},"end":{"line":396,"column":5}},{"start":{},"end":{}}],"line":394},"52":{"loc":{"start":{"line":394,"column":8},"end":{"line":394,"column":23}},"type":"binary-expr","locations":[{"start":{"line":394,"column":8},"end":{"line":394,"column":14}},{"start":{"line":394,"column":18},"end":{"line":394,"column":23}}],"line":394},"53":{"loc":{"start":{"line":399,"column":4},"end":{"line":401,"column":5}},"type":"if","locations":[{"start":{"line":399,"column":4},"end":{"line":401,"column":5}},{"start":{},"end":{}}],"line":399},"54":{"loc":{"start":{"line":404,"column":4},"end":{"line":406,"column":5}},"type":"if","locations":[{"start":{"line":404,"column":4},"end":{"line":406,"column":5}},{"start":{},"end":{}}],"line":404},"55":{"loc":{"start":{"line":404,"column":8},"end":{"line":404,"column":62}},"type":"binary-expr","locations":[{"start":{"line":404,"column":8},"end":{"line":404,"column":32}},{"start":{"line":404,"column":36},"end":{"line":404,"column":62}}],"line":404},"56":{"loc":{"start":{"line":408,"column":4},"end":{"line":412,"column":5}},"type":"if","locations":[{"start":{"line":408,"column":4},"end":{"line":412,"column":5}},{"start":{},"end":{}}],"line":408},"57":{"loc":{"start":{"line":416,"column":4},"end":{"line":418,"column":5}},"type":"if","locations":[{"start":{"line":416,"column":4},"end":{"line":418,"column":5}},{"start":{},"end":{}}],"line":416},"58":{"loc":{"start":{"line":435,"column":4},"end":{"line":437,"column":5}},"type":"if","locations":[{"start":{"line":435,"column":4},"end":{"line":437,"column":5}},{"start":{},"end":{}}],"line":435},"59":{"loc":{"start":{"line":435,"column":8},"end":{"line":435,"column":39}},"type":"binary-expr","locations":[{"start":{"line":435,"column":8},"end":{"line":435,"column":14}},{"start":{"line":435,"column":18},"end":{"line":435,"column":23}},{"start":{"line":435,"column":27},"end":{"line":435,"column":39}}],"line":435},"60":{"loc":{"start":{"line":440,"column":4},"end":{"line":444,"column":5}},"type":"if","locations":[{"start":{"line":440,"column":4},"end":{"line":444,"column":5}},{"start":{},"end":{}}],"line":440},"61":{"loc":{"start":{"line":447,"column":4},"end":{"line":449,"column":5}},"type":"if","locations":[{"start":{"line":447,"column":4},"end":{"line":449,"column":5}},{"start":{},"end":{}}],"line":447},"62":{"loc":{"start":{"line":452,"column":4},"end":{"line":454,"column":5}},"type":"if","locations":[{"start":{"line":452,"column":4},"end":{"line":454,"column":5}},{"start":{},"end":{}}],"line":452},"63":{"loc":{"start":{"line":452,"column":8},"end":{"line":452,"column":62}},"type":"binary-expr","locations":[{"start":{"line":452,"column":8},"end":{"line":452,"column":32}},{"start":{"line":452,"column":36},"end":{"line":452,"column":62}}],"line":452},"64":{"loc":{"start":{"line":456,"column":4},"end":{"line":459,"column":5}},"type":"if","locations":[{"start":{"line":456,"column":4},"end":{"line":459,"column":5}},{"start":{},"end":{}}],"line":456},"65":{"loc":{"start":{"line":463,"column":4},"end":{"line":465,"column":5}},"type":"if","locations":[{"start":{"line":463,"column":4},"end":{"line":465,"column":5}},{"start":{},"end":{}}],"line":463}},"s":{"0":1,"1":1,"2":1,"3":0,"4":1,"5":5,"6":5,"7":5,"8":5,"9":1,"10":4,"11":1,"12":3,"13":1,"14":2,"15":2,"16":1,"17":1,"18":1,"19":1,"20":1,"21":1,"22":1,"23":0,"24":0,"25":1,"26":5,"27":5,"28":5,"29":2,"30":3,"31":3,"32":1,"33":2,"34":0,"35":0,"36":0,"37":0,"38":2,"39":0,"40":2,"41":1,"42":1,"43":1,"44":0,"45":0,"46":0,"47":0,"48":0,"49":0,"50":0,"51":0,"52":0,"53":0,"54":0,"55":0,"56":0,"57":0,"58":0,"59":0,"60":1,"61":1,"62":1,"63":1,"64":1,"65":0,"66":0,"67":1,"68":0,"69":0,"70":0,"71":0,"72":0,"73":0,"74":0,"75":0,"76":0,"77":0,"78":1,"79":0,"80":0,"81":0,"82":0,"83":0,"84":1,"85":0,"86":0,"87":0,"88":0,"89":0,"90":0,"91":0,"92":1,"93":0,"94":0,"95":0,"96":0,"97":0,"98":0,"99":0,"100":0,"101":0,"102":0,"103":0,"104":0,"105":0,"106":1,"107":0,"108":0,"109":0,"110":0,"111":0,"112":0,"113":0,"114":0,"115":0,"116":0,"117":0,"118":0,"119":0,"120":0,"121":0,"122":1,"123":0,"124":1,"125":0,"126":0,"127":0,"128":0,"129":0,"130":0,"131":0,"132":0,"133":0,"134":0,"135":0,"136":0,"137":0,"138":0,"139":0,"140":0,"141":0,"142":0,"143":0,"144":0,"145":1,"146":0,"147":0,"148":0,"149":0,"150":0,"151":0,"152":0,"153":0,"154":0,"155":0,"156":0,"157":0,"158":0,"159":0,"160":0,"161":0,"162":0,"163":0,"164":1,"165":0,"166":0,"167":0,"168":0,"169":0,"170":0,"171":0,"172":0,"173":0,"174":0,"175":0,"176":0,"177":0,"178":0,"179":0,"180":0,"181":0,"182":0,"183":0,"184":0,"185":0,"186":0,"187":0,"188":0,"189":0},"f":{"0":1,"1":5,"2":5,"3":0,"4":0,"5":0,"6":0,"7":0,"8":0,"9":0,"10":0,"11":0},"b":{"0":[1],"1":[1],"2":[1,0],"3":[5,5],"4":[4,1],"5":[1,4],"6":[5,5,4,4,4,4,4],"7":[1,3],"8":[1,2],"9":[1,1],"10":[0,1],"11":[0,1],"12":[2,3],"13":[5,4],"14":[1,2],"15":[0,2],"16":[0,0],"17":[0,0],"18":[0,2],"19":[1,1],"20":[2,2],"21":[0,1],"22":[0,0],"23":[0,0],"24":[0,0],"25":[0,0],"26":[1,0],"27":[1,1],"28":[0,0],"29":[0,0],"30":[0,0],"31":[0,0],"32":[0,0],"33":[0,0],"34":[0,0],"35":[0,0],"36":[0,0],"37":[0,0],"38":[0,0],"39":[0,0],"40":[0,0],"41":[0,0],"42":[0,0],"43":[0,0],"44":[0,0],"45":[0,0],"46":[0,0],"47":[0,0],"48":[0,0],"49":[0,0],"50":[0,0],"51":[0,0],"52":[0,0],"53":[0,0],"54":[0,0],"55":[0,0],"56":[0,0],"57":[0,0],"58":[0,0],"59":[0,0,0],"60":[0,0],"61":[0,0],"62":[0,0],"63":[0,0],"64":[0,0],"65":[0,0]},"inputSourceMap":null,"_coverageSchema":"1a1c01bbd47fc00a2c39e90264f33305004495a9","hash":"ba04dc31340faa2a809859ffaa6d33bc2f5719bd"}
,"F:\\final pharmatrack web\\Backend\\Controller\\index.js": {"path":"F:\\final pharmatrack web\\Backend\\Controller\\index.js","statementMap":{},"fnMap":{},"branchMap":{},"s":{},"f":{},"b":{},"inputSourceMap":null}
,"F:\\final pharmatrack web\\Backend\\Controller\\Bill\\billController.js": {"path":"F:\\final pharmatrack web\\Backend\\Controller\\Bill\\billController.js","statementMap":{"0":{"start":{"line":6,"column":27},"end":{"line":75,"column":1}},"1":{"start":{"line":7,"column":4},"end":{"line":74,"column":5}},"2":{"start":{"line":8,"column":89},"end":{"line":8,"column":98}},"3":{"start":{"line":9,"column":23},"end":{"line":9,"column":41}},"4":{"start":{"line":11,"column":28},"end":{"line":11,"column":55}},"5":{"start":{"line":13,"column":8},"end":{"line":18,"column":9}},"6":{"start":{"line":14,"column":12},"end":{"line":17,"column":14}},"7":{"start":{"line":20,"column":8},"end":{"line":22,"column":9}},"8":{"start":{"line":21,"column":12},"end":{"line":21,"column":40}},"9":{"start":{"line":24,"column":8},"end":{"line":26,"column":9}},"10":{"start":{"line":25,"column":12},"end":{"line":25,"column":48}},"11":{"start":{"line":28,"column":8},"end":{"line":32,"column":9}},"12":{"start":{"line":29,"column":12},"end":{"line":31,"column":14}},"13":{"start":{"line":34,"column":32},"end":{"line":59,"column":10}},"14":{"start":{"line":61,"column":8},"end":{"line":70,"column":11}},"15":{"start":{"line":72,"column":8},"end":{"line":72,"column":54}},"16":{"start":{"line":73,"column":8},"end":{"line":73,"column":96}},"17":{"start":{"line":78,"column":27},"end":{"line":111,"column":1}},"18":{"start":{"line":79,"column":4},"end":{"line":110,"column":5}},"19":{"start":{"line":80,"column":21},"end":{"line":100,"column":10}},"20":{"start":{"line":102,"column":8},"end":{"line":104,"column":9}},"21":{"start":{"line":103,"column":12},"end":{"line":103,"column":87}},"22":{"start":{"line":106,"column":8},"end":{"line":106,"column":48}},"23":{"start":{"line":108,"column":8},"end":{"line":108,"column":53}},"24":{"start":{"line":109,"column":8},"end":{"line":109,"column":96}},"25":{"start":{"line":114,"column":26},"end":{"line":216,"column":1}},"26":{"start":{"line":115,"column":24},"end":{"line":115,"column":53}},"27":{"start":{"line":117,"column":4},"end":{"line":215,"column":5}},"28":{"start":{"line":126,"column":12},"end":{"line":126,"column":20}},"29":{"start":{"line":129,"column":21},"end":{"line":129,"column":31}},"30":{"start":{"line":130,"column":21},"end":{"line":130,"column":39}},"31":{"start":{"line":131,"column":22},"end":{"line":131,"column":66}},"32":{"start":{"line":132,"column":25},"end":{"line":135,"column":10}},"33":{"start":{"line":136,"column":25},"end":{"line":136,"column":55}},"34":{"start":{"line":137,"column":27},"end":{"line":137,"column":84}},"35":{"start":{"line":140,"column":23},"end":{"line":140,"column":24}},"36":{"start":{"line":141,"column":28},"end":{"line":141,"column":29}},"37":{"start":{"line":142,"column":23},"end":{"line":142,"column":24}},"38":{"start":{"line":144,"column":8},"end":{"line":154,"column":11}},"39":{"start":{"line":145,"column":30},"end":{"line":145,"column":55}},"40":{"start":{"line":146,"column":29},"end":{"line":148,"column":38}},"41":{"start":{"line":149,"column":30},"end":{"line":149,"column":78}},"42":{"start":{"line":151,"column":12},"end":{"line":151,"column":34}},"43":{"start":{"line":152,"column":12},"end":{"line":152,"column":38}},"44":{"start":{"line":153,"column":12},"end":{"line":153,"column":34}},"45":{"start":{"line":156,"column":27},"end":{"line":156,"column":62}},"46":{"start":{"line":159,"column":21},"end":{"line":174,"column":27}},"47":{"start":{"line":177,"column":26},"end":{"line":196,"column":10}},"48":{"start":{"line":178,"column":30},"end":{"line":178,"column":55}},"49":{"start":{"line":179,"column":29},"end":{"line":181,"column":31}},"50":{"start":{"line":182,"column":30},"end":{"line":182,"column":71}},"51":{"start":{"line":183,"column":26},"end":{"line":183,"column":58}},"52":{"start":{"line":185,"column":12},"end":{"line":195,"column":14}},"53":{"start":{"line":198,"column":8},"end":{"line":198,"column":62}},"54":{"start":{"line":200,"column":8},"end":{"line":200,"column":35}},"55":{"start":{"line":203,"column":28},"end":{"line":208,"column":10}},"56":{"start":{"line":210,"column":8},"end":{"line":210,"column":105}},"57":{"start":{"line":212,"column":8},"end":{"line":212,"column":37}},"58":{"start":{"line":213,"column":8},"end":{"line":213,"column":53}},"59":{"start":{"line":214,"column":8},"end":{"line":214,"column":96}},"60":{"start":{"line":219,"column":26},"end":{"line":324,"column":1}},"61":{"start":{"line":220,"column":24},"end":{"line":220,"column":53}},"62":{"start":{"line":222,"column":4},"end":{"line":323,"column":5}},"63":{"start":{"line":223,"column":21},"end":{"line":226,"column":10}},"64":{"start":{"line":228,"column":8},"end":{"line":231,"column":9}},"65":{"start":{"line":229,"column":12},"end":{"line":229,"column":41}},"66":{"start":{"line":230,"column":12},"end":{"line":230,"column":87}},"67":{"start":{"line":233,"column":8},"end":{"line":236,"column":9}},"68":{"start":{"line":234,"column":12},"end":{"line":234,"column":41}},"69":{"start":{"line":235,"column":12},"end":{"line":235,"column":96}},"70":{"start":{"line":246,"column":12},"end":{"line":246,"column":20}},"71":{"start":{"line":249,"column":23},"end":{"line":249,"column":24}},"72":{"start":{"line":250,"column":28},"end":{"line":250,"column":29}},"73":{"start":{"line":251,"column":23},"end":{"line":251,"column":24}},"74":{"start":{"line":253,"column":8},"end":{"line":263,"column":11}},"75":{"start":{"line":254,"column":30},"end":{"line":254,"column":55}},"76":{"start":{"line":255,"column":29},"end":{"line":257,"column":31}},"77":{"start":{"line":258,"column":30},"end":{"line":258,"column":71}},"78":{"start":{"line":260,"column":12},"end":{"line":260,"column":34}},"79":{"start":{"line":261,"column":12},"end":{"line":261,"column":38}},"80":{"start":{"line":262,"column":12},"end":{"line":262,"column":34}},"81":{"start":{"line":265,"column":27},"end":{"line":265,"column":62}},"82":{"start":{"line":266,"column":27},"end":{"line":266,"column":55}},"83":{"start":{"line":269,"column":8},"end":{"line":281,"column":28}},"84":{"start":{"line":284,"column":8},"end":{"line":284,"column":76}},"85":{"start":{"line":286,"column":26},"end":{"line":305,"column":10}},"86":{"start":{"line":287,"column":30},"end":{"line":287,"column":55}},"87":{"start":{"line":288,"column":29},"end":{"line":290,"column":31}},"88":{"start":{"line":291,"column":30},"end":{"line":291,"column":71}},"89":{"start":{"line":292,"column":26},"end":{"line":292,"column":58}},"90":{"start":{"line":294,"column":12},"end":{"line":304,"column":14}},"91":{"start":{"line":307,"column":8},"end":{"line":307,"column":62}},"92":{"start":{"line":309,"column":8},"end":{"line":309,"column":35}},"93":{"start":{"line":311,"column":28},"end":{"line":316,"column":10}},"94":{"start":{"line":318,"column":8},"end":{"line":318,"column":93}},"95":{"start":{"line":320,"column":8},"end":{"line":320,"column":37}},"96":{"start":{"line":321,"column":8},"end":{"line":321,"column":53}},"97":{"start":{"line":322,"column":8},"end":{"line":322,"column":96}},"98":{"start":{"line":327,"column":26},"end":{"line":356,"column":1}},"99":{"start":{"line":328,"column":24},"end":{"line":328,"column":53}},"100":{"start":{"line":330,"column":4},"end":{"line":355,"column":5}},"101":{"start":{"line":331,"column":21},"end":{"line":334,"column":10}},"102":{"start":{"line":336,"column":8},"end":{"line":339,"column":9}},"103":{"start":{"line":337,"column":12},"end":{"line":337,"column":41}},"104":{"start":{"line":338,"column":12},"end":{"line":338,"column":87}},"105":{"start":{"line":341,"column":8},"end":{"line":344,"column":9}},"106":{"start":{"line":342,"column":12},"end":{"line":342,"column":41}},"107":{"start":{"line":343,"column":12},"end":{"line":343,"column":107}},"108":{"start":{"line":346,"column":8},"end":{"line":346,"column":76}},"109":{"start":{"line":347,"column":8},"end":{"line":347,"column":44}},"110":{"start":{"line":349,"column":8},"end":{"line":349,"column":35}},"111":{"start":{"line":350,"column":8},"end":{"line":350,"column":74}},"112":{"start":{"line":352,"column":8},"end":{"line":352,"column":37}},"113":{"start":{"line":353,"column":8},"end":{"line":353,"column":53}},"114":{"start":{"line":354,"column":8},"end":{"line":354,"column":96}},"115":{"start":{"line":359,"column":28},"end":{"line":394,"column":1}},"116":{"start":{"line":360,"column":4},"end":{"line":393,"column":5}},"117":{"start":{"line":361,"column":23},"end":{"line":361,"column":38}},"118":{"start":{"line":363,"column":90},"end":{"line":376,"column":10}},"119":{"start":{"line":378,"column":8},"end":{"line":389,"column":11}},"120":{"start":{"line":391,"column":8},"end":{"line":391,"column":59}},"121":{"start":{"line":392,"column":8},"end":{"line":392,"column":96}},"122":{"start":{"line":397,"column":38},"end":{"line":417,"column":1}},"123":{"start":{"line":398,"column":4},"end":{"line":416,"column":5}},"124":{"start":{"line":399,"column":31},"end":{"line":399,"column":41}},"125":{"start":{"line":401,"column":22},"end":{"line":410,"column":10}},"126":{"start":{"line":412,"column":8},"end":{"line":412,"column":49}},"127":{"start":{"line":414,"column":8},"end":{"line":414,"column":59}},"128":{"start":{"line":415,"column":8},"end":{"line":415,"column":96}}},"fnMap":{"0":{"name":"(anonymous_0)","decl":{"start":{"line":6,"column":27},"end":{"line":6,"column":28}},"loc":{"start":{"line":6,"column":47},"end":{"line":75,"column":1}},"line":6},"1":{"name":"(anonymous_1)","decl":{"start":{"line":78,"column":27},"end":{"line":78,"column":28}},"loc":{"start":{"line":78,"column":47},"end":{"line":111,"column":1}},"line":78},"2":{"name":"(anonymous_2)","decl":{"start":{"line":114,"column":26},"end":{"line":114,"column":27}},"loc":{"start":{"line":114,"column":46},"end":{"line":216,"column":1}},"line":114},"3":{"name":"(anonymous_3)","decl":{"start":{"line":144,"column":22},"end":{"line":144,"column":23}},"loc":{"start":{"line":144,"column":30},"end":{"line":154,"column":9}},"line":144},"4":{"name":"(anonymous_4)","decl":{"start":{"line":177,"column":36},"end":{"line":177,"column":37}},"loc":{"start":{"line":177,"column":44},"end":{"line":196,"column":9}},"line":177},"5":{"name":"(anonymous_5)","decl":{"start":{"line":219,"column":26},"end":{"line":219,"column":27}},"loc":{"start":{"line":219,"column":46},"end":{"line":324,"column":1}},"line":219},"6":{"name":"(anonymous_6)","decl":{"start":{"line":253,"column":22},"end":{"line":253,"column":23}},"loc":{"start":{"line":253,"column":30},"end":{"line":263,"column":9}},"line":253},"7":{"name":"(anonymous_7)","decl":{"start":{"line":286,"column":36},"end":{"line":286,"column":37}},"loc":{"start":{"line":286,"column":44},"end":{"line":305,"column":9}},"line":286},"8":{"name":"(anonymous_8)","decl":{"start":{"line":327,"column":26},"end":{"line":327,"column":27}},"loc":{"start":{"line":327,"column":46},"end":{"line":356,"column":1}},"line":327},"9":{"name":"(anonymous_9)","decl":{"start":{"line":359,"column":28},"end":{"line":359,"column":29}},"loc":{"start":{"line":359,"column":48},"end":{"line":394,"column":1}},"line":359},"10":{"name":"(anonymous_10)","decl":{"start":{"line":397,"column":38},"end":{"line":397,"column":39}},"loc":{"start":{"line":397,"column":58},"end":{"line":417,"column":1}},"line":397}},"branchMap":{"0":{"loc":{"start":{"line":8,"column":16},"end":{"line":8,"column":24}},"type":"default-arg","locations":[{"start":{"line":8,"column":23},"end":{"line":8,"column":24}}],"line":8},"1":{"loc":{"start":{"line":8,"column":26},"end":{"line":8,"column":36}},"type":"default-arg","locations":[{"start":{"line":8,"column":34},"end":{"line":8,"column":36}}],"line":8},"2":{"loc":{"start":{"line":13,"column":8},"end":{"line":18,"column":9}},"type":"if","locations":[{"start":{"line":13,"column":8},"end":{"line":18,"column":9}},{"start":{},"end":{}}],"line":13},"3":{"loc":{"start":{"line":20,"column":8},"end":{"line":22,"column":9}},"type":"if","locations":[{"start":{"line":20,"column":8},"end":{"line":22,"column":9}},{"start":{},"end":{}}],"line":20},"4":{"loc":{"start":{"line":24,"column":8},"end":{"line":26,"column":9}},"type":"if","locations":[{"start":{"line":24,"column":8},"end":{"line":26,"column":9}},{"start":{},"end":{}}],"line":24},"5":{"loc":{"start":{"line":28,"column":8},"end":{"line":32,"column":9}},"type":"if","locations":[{"start":{"line":28,"column":8},"end":{"line":32,"column":9}},{"start":{},"end":{}}],"line":28},"6":{"loc":{"start":{"line":28,"column":12},"end":{"line":28,"column":32}},"type":"binary-expr","locations":[{"start":{"line":28,"column":12},"end":{"line":28,"column":21}},{"start":{"line":28,"column":25},"end":{"line":28,"column":32}}],"line":28},"7":{"loc":{"start":{"line":102,"column":8},"end":{"line":104,"column":9}},"type":"if","locations":[{"start":{"line":102,"column":8},"end":{"line":104,"column":9}},{"start":{},"end":{}}],"line":102},"8":{"loc":{"start":{"line":125,"column":12},"end":{"line":125,"column":28}},"type":"default-arg","locations":[{"start":{"line":125,"column":21},"end":{"line":125,"column":28}}],"line":125},"9":{"loc":{"start":{"line":136,"column":25},"end":{"line":136,"column":55}},"type":"cond-expr","locations":[{"start":{"line":136,"column":36},"end":{"line":136,"column":51}},{"start":{"line":136,"column":54},"end":{"line":136,"column":55}}],"line":136},"10":{"loc":{"start":{"line":146,"column":29},"end":{"line":148,"column":38}},"type":"cond-expr","locations":[{"start":{"line":147,"column":19},"end":{"line":147,"column":57}},{"start":{"line":148,"column":19},"end":{"line":148,"column":37}}],"line":146},"11":{"loc":{"start":{"line":147,"column":32},"end":{"line":147,"column":50}},"type":"binary-expr","locations":[{"start":{"line":147,"column":32},"end":{"line":147,"column":45}},{"start":{"line":147,"column":49},"end":{"line":147,"column":50}}],"line":147},"12":{"loc":{"start":{"line":148,"column":19},"end":{"line":148,"column":37}},"type":"binary-expr","locations":[{"start":{"line":148,"column":19},"end":{"line":148,"column":32}},{"start":{"line":148,"column":36},"end":{"line":148,"column":37}}],"line":148},"13":{"loc":{"start":{"line":149,"column":57},"end":{"line":149,"column":70}},"type":"binary-expr","locations":[{"start":{"line":149,"column":57},"end":{"line":149,"column":65}},{"start":{"line":149,"column":69},"end":{"line":149,"column":70}}],"line":149},"14":{"loc":{"start":{"line":179,"column":29},"end":{"line":181,"column":31}},"type":"cond-expr","locations":[{"start":{"line":180,"column":19},"end":{"line":180,"column":50}},{"start":{"line":181,"column":18},"end":{"line":181,"column":31}}],"line":179},"15":{"loc":{"start":{"line":192,"column":30},"end":{"line":192,"column":58}},"type":"binary-expr","locations":[{"start":{"line":192,"column":30},"end":{"line":192,"column":47}},{"start":{"line":192,"column":51},"end":{"line":192,"column":58}}],"line":192},"16":{"loc":{"start":{"line":228,"column":8},"end":{"line":231,"column":9}},"type":"if","locations":[{"start":{"line":228,"column":8},"end":{"line":231,"column":9}},{"start":{},"end":{}}],"line":228},"17":{"loc":{"start":{"line":233,"column":8},"end":{"line":236,"column":9}},"type":"if","locations":[{"start":{"line":233,"column":8},"end":{"line":236,"column":9}},{"start":{},"end":{}}],"line":233},"18":{"loc":{"start":{"line":255,"column":29},"end":{"line":257,"column":31}},"type":"cond-expr","locations":[{"start":{"line":256,"column":19},"end":{"line":256,"column":50}},{"start":{"line":257,"column":18},"end":{"line":257,"column":31}}],"line":255},"19":{"loc":{"start":{"line":288,"column":29},"end":{"line":290,"column":31}},"type":"cond-expr","locations":[{"start":{"line":289,"column":19},"end":{"line":289,"column":50}},{"start":{"line":290,"column":18},"end":{"line":290,"column":31}}],"line":288},"20":{"loc":{"start":{"line":301,"column":30},"end":{"line":301,"column":58}},"type":"binary-expr","locations":[{"start":{"line":301,"column":30},"end":{"line":301,"column":47}},{"start":{"line":301,"column":51},"end":{"line":301,"column":58}}],"line":301},"21":{"loc":{"start":{"line":336,"column":8},"end":{"line":339,"column":9}},"type":"if","locations":[{"start":{"line":336,"column":8},"end":{"line":339,"column":9}},{"start":{},"end":{}}],"line":336},"22":{"loc":{"start":{"line":341,"column":8},"end":{"line":344,"column":9}},"type":"if","locations":[{"start":{"line":341,"column":8},"end":{"line":344,"column":9}},{"start":{},"end":{}}],"line":341},"23":{"loc":{"start":{"line":381,"column":28},"end":{"line":381,"column":43}},"type":"binary-expr","locations":[{"start":{"line":381,"column":28},"end":{"line":381,"column":38}},{"start":{"line":381,"column":42},"end":{"line":381,"column":43}}],"line":381},"24":{"loc":{"start":{"line":382,"column":27},"end":{"line":382,"column":41}},"type":"binary-expr","locations":[{"start":{"line":382,"column":27},"end":{"line":382,"column":36}},{"start":{"line":382,"column":40},"end":{"line":382,"column":41}}],"line":382},"25":{"loc":{"start":{"line":383,"column":27},"end":{"line":383,"column":41}},"type":"binary-expr","locations":[{"start":{"line":383,"column":27},"end":{"line":383,"column":36}},{"start":{"line":383,"column":40},"end":{"line":383,"column":41}}],"line":383},"26":{"loc":{"start":{"line":384,"column":30},"end":{"line":384,"column":47}},"type":"binary-expr","locations":[{"start":{"line":384,"column":30},"end":{"line":384,"column":42}},{"start":{"line":384,"column":46},"end":{"line":384,"column":47}}],"line":384},"27":{"loc":{"start":{"line":385,"column":29},"end":{"line":385,"column":45}},"type":"binary-expr","locations":[{"start":{"line":385,"column":29},"end":{"line":385,"column":40}},{"start":{"line":385,"column":44},"end":{"line":385,"column":45}}],"line":385},"28":{"loc":{"start":{"line":386,"column":28},"end":{"line":386,"column":43}},"type":"binary-expr","locations":[{"start":{"line":386,"column":28},"end":{"line":386,"column":38}},{"start":{"line":386,"column":42},"end":{"line":386,"column":43}}],"line":386},"29":{"loc":{"start":{"line":387,"column":29},"end":{"line":387,"column":45}},"type":"binary-expr","locations":[{"start":{"line":387,"column":29},"end":{"line":387,"column":40}},{"start":{"line":387,"column":44},"end":{"line":387,"column":45}}],"line":387},"30":{"loc":{"start":{"line":387,"column":50},"end":{"line":387,"column":65}},"type":"binary-expr","locations":[{"start":{"line":387,"column":50},"end":{"line":387,"column":60}},{"start":{"line":387,"column":64},"end":{"line":387,"column":65}}],"line":387}},"s":{"0":0,"1":0,"2":0,"3":0,"4":0,"5":0,"6":0,"7":0,"8":0,"9":0,"10":0,"11":0,"12":0,"13":0,"14":0,"15":0,"16":0,"17":0,"18":0,"19":0,"20":0,"21":0,"22":0,"23":0,"24":0,"25":0,"26":0,"27":0,"28":0,"29":0,"30":0,"31":0,"32":0,"33":0,"34":0,"35":0,"36":0,"37":0,"38":0,"39":0,"40":0,"41":0,"42":0,"43":0,"44":0,"45":0,"46":0,"47":0,"48":0,"49":0,"50":0,"51":0,"52":0,"53":0,"54":0,"55":0,"56":0,"57":0,"58":0,"59":0,"60":0,"61":0,"62":0,"63":0,"64":0,"65":0,"66":0,"67":0,"68":0,"69":0,"70":0,"71":0,"72":0,"73":0,"74":0,"75":0,"76":0,"77":0,"78":0,"79":0,"80":0,"81":0,"82":0,"83":0,"84":0,"85":0,"86":0,"87":0,"88":0,"89":0,"90":0,"91":0,"92":0,"93":0,"94":0,"95":0,"96":0,"97":0,"98":0,"99":0,"100":0,"101":0,"102":0,"103":0,"104":0,"105":0,"106":0,"107":0,"108":0,"109":0,"110":0,"111":0,"112":0,"113":0,"114":0,"115":0,"116":0,"117":0,"118":0,"119":0,"120":0,"121":0,"122":0,"123":0,"124":0,"125":0,"126":0,"127":0,"128":0},"f":{"0":0,"1":0,"2":0,"3":0,"4":0,"5":0,"6":0,"7":0,"8":0,"9":0,"10":0},"b":{"0":[0],"1":[0],"2":[0,0],"3":[0,0],"4":[0,0],"5":[0,0],"6":[0,0],"7":[0,0],"8":[0],"9":[0,0],"10":[0,0],"11":[0,0],"12":[0,0],"13":[0,0],"14":[0,0],"15":[0,0],"16":[0,0],"17":[0,0],"18":[0,0],"19":[0,0],"20":[0,0],"21":[0,0],"22":[0,0],"23":[0,0],"24":[0,0],"25":[0,0],"26":[0,0],"27":[0,0],"28":[0,0],"29":[0,0],"30":[0,0]},"inputSourceMap":null}
,"F:\\final pharmatrack web\\Backend\\Controller\\Customer\\customerController.js": {"path":"F:\\final pharmatrack web\\Backend\\Controller\\Customer\\customerController.js","statementMap":{"0":{"start":{"line":5,"column":28},"end":{"line":42,"column":1}},"1":{"start":{"line":6,"column":2},"end":{"line":41,"column":3}},"2":{"start":{"line":7,"column":31},"end":{"line":7,"column":40}},"3":{"start":{"line":10,"column":24},"end":{"line":10,"column":26}},"4":{"start":{"line":13,"column":4},"end":{"line":15,"column":5}},"5":{"start":{"line":14,"column":6},"end":{"line":14,"column":34}},"6":{"start":{"line":18,"column":4},"end":{"line":18,"column":59}},"7":{"start":{"line":19,"column":4},"end":{"line":19,"column":41}},"8":{"start":{"line":20,"column":4},"end":{"line":20,"column":66}},"9":{"start":{"line":23,"column":4},"end":{"line":30,"column":5}},"10":{"start":{"line":24,"column":6},"end":{"line":29,"column":8}},"11":{"start":{"line":32,"column":22},"end":{"line":35,"column":6}},"12":{"start":{"line":37,"column":4},"end":{"line":37,"column":36}},"13":{"start":{"line":39,"column":4},"end":{"line":39,"column":54}},"14":{"start":{"line":40,"column":4},"end":{"line":40,"column":76}},"15":{"start":{"line":45,"column":31},"end":{"line":65,"column":1}},"16":{"start":{"line":46,"column":2},"end":{"line":64,"column":3}},"17":{"start":{"line":47,"column":19},"end":{"line":47,"column":29}},"18":{"start":{"line":49,"column":21},"end":{"line":54,"column":6}},"19":{"start":{"line":56,"column":4},"end":{"line":58,"column":5}},"20":{"start":{"line":57,"column":6},"end":{"line":57,"column":69}},"21":{"start":{"line":60,"column":4},"end":{"line":60,"column":35}},"22":{"start":{"line":62,"column":4},"end":{"line":62,"column":53}},"23":{"start":{"line":63,"column":4},"end":{"line":63,"column":76}},"24":{"start":{"line":68,"column":30},"end":{"line":117,"column":1}},"25":{"start":{"line":69,"column":2},"end":{"line":116,"column":3}},"26":{"start":{"line":70,"column":68},"end":{"line":70,"column":76}},"27":{"start":{"line":73,"column":4},"end":{"line":75,"column":5}},"28":{"start":{"line":74,"column":6},"end":{"line":74,"column":78}},"29":{"start":{"line":78,"column":29},"end":{"line":83,"column":6}},"30":{"start":{"line":84,"column":4},"end":{"line":86,"column":5}},"31":{"start":{"line":85,"column":6},"end":{"line":85,"column":92}},"32":{"start":{"line":88,"column":4},"end":{"line":88,"column":61}},"33":{"start":{"line":89,"column":24},"end":{"line":98,"column":6}},"34":{"start":{"line":100,"column":4},"end":{"line":100,"column":38}},"35":{"start":{"line":102,"column":4},"end":{"line":102,"column":53}},"36":{"start":{"line":105,"column":4},"end":{"line":108,"column":5}},"37":{"start":{"line":106,"column":23},"end":{"line":106,"column":57}},"38":{"start":{"line":106,"column":47},"end":{"line":106,"column":56}},"39":{"start":{"line":107,"column":6},"end":{"line":107,"column":68}},"40":{"start":{"line":111,"column":4},"end":{"line":113,"column":5}},"41":{"start":{"line":112,"column":6},"end":{"line":112,"column":92}},"42":{"start":{"line":115,"column":4},"end":{"line":115,"column":76}},"43":{"start":{"line":120,"column":30},"end":{"line":176,"column":1}},"44":{"start":{"line":121,"column":2},"end":{"line":175,"column":3}},"45":{"start":{"line":122,"column":19},"end":{"line":122,"column":29}},"46":{"start":{"line":123,"column":68},"end":{"line":123,"column":76}},"47":{"start":{"line":125,"column":21},"end":{"line":130,"column":6}},"48":{"start":{"line":132,"column":4},"end":{"line":134,"column":5}},"49":{"start":{"line":133,"column":6},"end":{"line":133,"column":69}},"50":{"start":{"line":137,"column":4},"end":{"line":148,"column":5}},"51":{"start":{"line":138,"column":31},"end":{"line":144,"column":8}},"52":{"start":{"line":145,"column":6},"end":{"line":147,"column":7}},"53":{"start":{"line":146,"column":8},"end":{"line":146,"column":94}},"54":{"start":{"line":151,"column":4},"end":{"line":159,"column":7}},"55":{"start":{"line":161,"column":4},"end":{"line":161,"column":35}},"56":{"start":{"line":163,"column":4},"end":{"line":163,"column":53}},"57":{"start":{"line":165,"column":4},"end":{"line":168,"column":5}},"58":{"start":{"line":166,"column":23},"end":{"line":166,"column":57}},"59":{"start":{"line":166,"column":47},"end":{"line":166,"column":56}},"60":{"start":{"line":167,"column":6},"end":{"line":167,"column":68}},"61":{"start":{"line":170,"column":4},"end":{"line":172,"column":5}},"62":{"start":{"line":171,"column":6},"end":{"line":171,"column":92}},"63":{"start":{"line":174,"column":4},"end":{"line":174,"column":76}},"64":{"start":{"line":179,"column":30},"end":{"line":201,"column":1}},"65":{"start":{"line":180,"column":2},"end":{"line":200,"column":3}},"66":{"start":{"line":181,"column":19},"end":{"line":181,"column":29}},"67":{"start":{"line":183,"column":21},"end":{"line":188,"column":6}},"68":{"start":{"line":190,"column":4},"end":{"line":192,"column":5}},"69":{"start":{"line":191,"column":6},"end":{"line":191,"column":69}},"70":{"start":{"line":194,"column":4},"end":{"line":194,"column":29}},"71":{"start":{"line":196,"column":4},"end":{"line":196,"column":71}},"72":{"start":{"line":198,"column":4},"end":{"line":198,"column":53}},"73":{"start":{"line":199,"column":4},"end":{"line":199,"column":76}},"74":{"start":{"line":204,"column":32},"end":{"line":225,"column":1}},"75":{"start":{"line":205,"column":2},"end":{"line":224,"column":3}},"76":{"start":{"line":206,"column":55},"end":{"line":212,"column":6}},"77":{"start":{"line":214,"column":4},"end":{"line":220,"column":7}},"78":{"start":{"line":222,"column":4},"end":{"line":222,"column":59}},"79":{"start":{"line":223,"column":4},"end":{"line":223,"column":76}}},"fnMap":{"0":{"name":"(anonymous_0)","decl":{"start":{"line":5,"column":28},"end":{"line":5,"column":29}},"loc":{"start":{"line":5,"column":48},"end":{"line":42,"column":1}},"line":5},"1":{"name":"(anonymous_1)","decl":{"start":{"line":45,"column":31},"end":{"line":45,"column":32}},"loc":{"start":{"line":45,"column":51},"end":{"line":65,"column":1}},"line":45},"2":{"name":"(anonymous_2)","decl":{"start":{"line":68,"column":30},"end":{"line":68,"column":31}},"loc":{"start":{"line":68,"column":50},"end":{"line":117,"column":1}},"line":68},"3":{"name":"(anonymous_3)","decl":{"start":{"line":106,"column":40},"end":{"line":106,"column":41}},"loc":{"start":{"line":106,"column":47},"end":{"line":106,"column":56}},"line":106},"4":{"name":"(anonymous_4)","decl":{"start":{"line":120,"column":30},"end":{"line":120,"column":31}},"loc":{"start":{"line":120,"column":50},"end":{"line":176,"column":1}},"line":120},"5":{"name":"(anonymous_5)","decl":{"start":{"line":166,"column":40},"end":{"line":166,"column":41}},"loc":{"start":{"line":166,"column":47},"end":{"line":166,"column":56}},"line":166},"6":{"name":"(anonymous_6)","decl":{"start":{"line":179,"column":30},"end":{"line":179,"column":31}},"loc":{"start":{"line":179,"column":50},"end":{"line":201,"column":1}},"line":179},"7":{"name":"(anonymous_7)","decl":{"start":{"line":204,"column":32},"end":{"line":204,"column":33}},"loc":{"start":{"line":204,"column":52},"end":{"line":225,"column":1}},"line":204}},"branchMap":{"0":{"loc":{"start":{"line":13,"column":4},"end":{"line":15,"column":5}},"type":"if","locations":[{"start":{"line":13,"column":4},"end":{"line":15,"column":5}},{"start":{},"end":{}}],"line":13},"1":{"loc":{"start":{"line":13,"column":8},"end":{"line":13,"column":34}},"type":"binary-expr","locations":[{"start":{"line":13,"column":8},"end":{"line":13,"column":14}},{"start":{"line":13,"column":18},"end":{"line":13,"column":34}}],"line":13},"2":{"loc":{"start":{"line":23,"column":4},"end":{"line":30,"column":5}},"type":"if","locations":[{"start":{"line":23,"column":4},"end":{"line":30,"column":5}},{"start":{},"end":{}}],"line":23},"3":{"loc":{"start":{"line":56,"column":4},"end":{"line":58,"column":5}},"type":"if","locations":[{"start":{"line":56,"column":4},"end":{"line":58,"column":5}},{"start":{},"end":{}}],"line":56},"4":{"loc":{"start":{"line":73,"column":4},"end":{"line":75,"column":5}},"type":"if","locations":[{"start":{"line":73,"column":4},"end":{"line":75,"column":5}},{"start":{},"end":{}}],"line":73},"5":{"loc":{"start":{"line":73,"column":8},"end":{"line":73,"column":23}},"type":"binary-expr","locations":[{"start":{"line":73,"column":8},"end":{"line":73,"column":13}},{"start":{"line":73,"column":17},"end":{"line":73,"column":23}}],"line":73},"6":{"loc":{"start":{"line":84,"column":4},"end":{"line":86,"column":5}},"type":"if","locations":[{"start":{"line":84,"column":4},"end":{"line":86,"column":5}},{"start":{},"end":{}}],"line":84},"7":{"loc":{"start":{"line":92,"column":15},"end":{"line":92,"column":38}},"type":"binary-expr","locations":[{"start":{"line":92,"column":15},"end":{"line":92,"column":30}},{"start":{"line":92,"column":34},"end":{"line":92,"column":38}}],"line":92},"8":{"loc":{"start":{"line":94,"column":13},"end":{"line":94,"column":34}},"type":"binary-expr","locations":[{"start":{"line":94,"column":13},"end":{"line":94,"column":26}},{"start":{"line":94,"column":30},"end":{"line":94,"column":34}}],"line":94},"9":{"loc":{"start":{"line":95,"column":14},"end":{"line":95,"column":32}},"type":"binary-expr","locations":[{"start":{"line":95,"column":14},"end":{"line":95,"column":20}},{"start":{"line":95,"column":24},"end":{"line":95,"column":32}}],"line":95},"10":{"loc":{"start":{"line":96,"column":15},"end":{"line":96,"column":38}},"type":"binary-expr","locations":[{"start":{"line":96,"column":15},"end":{"line":96,"column":30}},{"start":{"line":96,"column":34},"end":{"line":96,"column":38}}],"line":96},"11":{"loc":{"start":{"line":97,"column":13},"end":{"line":97,"column":34}},"type":"binary-expr","locations":[{"start":{"line":97,"column":13},"end":{"line":97,"column":26}},{"start":{"line":97,"column":30},"end":{"line":97,"column":34}}],"line":97},"12":{"loc":{"start":{"line":105,"column":4},"end":{"line":108,"column":5}},"type":"if","locations":[{"start":{"line":105,"column":4},"end":{"line":108,"column":5}},{"start":{},"end":{}}],"line":105},"13":{"loc":{"start":{"line":111,"column":4},"end":{"line":113,"column":5}},"type":"if","locations":[{"start":{"line":111,"column":4},"end":{"line":113,"column":5}},{"start":{},"end":{}}],"line":111},"14":{"loc":{"start":{"line":132,"column":4},"end":{"line":134,"column":5}},"type":"if","locations":[{"start":{"line":132,"column":4},"end":{"line":134,"column":5}},{"start":{},"end":{}}],"line":132},"15":{"loc":{"start":{"line":137,"column":4},"end":{"line":148,"column":5}},"type":"if","locations":[{"start":{"line":137,"column":4},"end":{"line":148,"column":5}},{"start":{},"end":{}}],"line":137},"16":{"loc":{"start":{"line":137,"column":8},"end":{"line":137,"column":55}},"type":"binary-expr","locations":[{"start":{"line":137,"column":8},"end":{"line":137,"column":13}},{"start":{"line":137,"column":17},"end":{"line":137,"column":55}}],"line":137},"17":{"loc":{"start":{"line":145,"column":6},"end":{"line":147,"column":7}},"type":"if","locations":[{"start":{"line":145,"column":6},"end":{"line":147,"column":7}},{"start":{},"end":{}}],"line":145},"18":{"loc":{"start":{"line":152,"column":12},"end":{"line":152,"column":41}},"type":"binary-expr","locations":[{"start":{"line":152,"column":12},"end":{"line":152,"column":24}},{"start":{"line":152,"column":28},"end":{"line":152,"column":41}}],"line":152},"19":{"loc":{"start":{"line":153,"column":15},"end":{"line":153,"column":83}},"type":"cond-expr","locations":[{"start":{"line":153,"column":40},"end":{"line":153,"column":63}},{"start":{"line":153,"column":67},"end":{"line":153,"column":83}}],"line":153},"20":{"loc":{"start":{"line":153,"column":40},"end":{"line":153,"column":63}},"type":"binary-expr","locations":[{"start":{"line":153,"column":40},"end":{"line":153,"column":55}},{"start":{"line":153,"column":59},"end":{"line":153,"column":63}}],"line":153},"21":{"loc":{"start":{"line":154,"column":13},"end":{"line":154,"column":58}},"type":"binary-expr","locations":[{"start":{"line":154,"column":13},"end":{"line":154,"column":40}},{"start":{"line":154,"column":44},"end":{"line":154,"column":58}}],"line":154},"22":{"loc":{"start":{"line":155,"column":13},"end":{"line":155,"column":75}},"type":"cond-expr","locations":[{"start":{"line":155,"column":36},"end":{"line":155,"column":57}},{"start":{"line":155,"column":61},"end":{"line":155,"column":75}}],"line":155},"23":{"loc":{"start":{"line":155,"column":36},"end":{"line":155,"column":57}},"type":"binary-expr","locations":[{"start":{"line":155,"column":36},"end":{"line":155,"column":49}},{"start":{"line":155,"column":53},"end":{"line":155,"column":57}}],"line":155},"24":{"loc":{"start":{"line":156,"column":14},"end":{"line":156,"column":39}},"type":"binary-expr","locations":[{"start":{"line":156,"column":14},"end":{"line":156,"column":20}},{"start":{"line":156,"column":24},"end":{"line":156,"column":39}}],"line":156},"25":{"loc":{"start":{"line":157,"column":15},"end":{"line":157,"column":83}},"type":"cond-expr","locations":[{"start":{"line":157,"column":40},"end":{"line":157,"column":63}},{"start":{"line":157,"column":67},"end":{"line":157,"column":83}}],"line":157},"26":{"loc":{"start":{"line":157,"column":40},"end":{"line":157,"column":63}},"type":"binary-expr","locations":[{"start":{"line":157,"column":40},"end":{"line":157,"column":55}},{"start":{"line":157,"column":59},"end":{"line":157,"column":63}}],"line":157},"27":{"loc":{"start":{"line":158,"column":13},"end":{"line":158,"column":75}},"type":"cond-expr","locations":[{"start":{"line":158,"column":36},"end":{"line":158,"column":57}},{"start":{"line":158,"column":61},"end":{"line":158,"column":75}}],"line":158},"28":{"loc":{"start":{"line":158,"column":36},"end":{"line":158,"column":57}},"type":"binary-expr","locations":[{"start":{"line":158,"column":36},"end":{"line":158,"column":49}},{"start":{"line":158,"column":53},"end":{"line":158,"column":57}}],"line":158},"29":{"loc":{"start":{"line":165,"column":4},"end":{"line":168,"column":5}},"type":"if","locations":[{"start":{"line":165,"column":4},"end":{"line":168,"column":5}},{"start":{},"end":{}}],"line":165},"30":{"loc":{"start":{"line":170,"column":4},"end":{"line":172,"column":5}},"type":"if","locations":[{"start":{"line":170,"column":4},"end":{"line":172,"column":5}},{"start":{},"end":{}}],"line":170},"31":{"loc":{"start":{"line":190,"column":4},"end":{"line":192,"column":5}},"type":"if","locations":[{"start":{"line":190,"column":4},"end":{"line":192,"column":5}},{"start":{},"end":{}}],"line":190}},"s":{"0":1,"1":5,"2":5,"3":5,"4":5,"5":1,"6":5,"7":5,"8":5,"9":5,"10":1,"11":5,"12":4,"13":1,"14":1,"15":1,"16":3,"17":3,"18":3,"19":2,"20":1,"21":1,"22":1,"23":1,"24":1,"25":5,"26":5,"27":5,"28":2,"29":3,"30":3,"31":1,"32":2,"33":2,"34":1,"35":1,"36":1,"37":0,"38":0,"39":0,"40":1,"41":0,"42":1,"43":1,"44":0,"45":0,"46":0,"47":0,"48":0,"49":0,"50":0,"51":0,"52":0,"53":0,"54":0,"55":0,"56":0,"57":0,"58":0,"59":0,"60":0,"61":0,"62":0,"63":0,"64":1,"65":0,"66":0,"67":0,"68":0,"69":0,"70":0,"71":0,"72":0,"73":0,"74":1,"75":0,"76":0,"77":0,"78":0,"79":0},"f":{"0":5,"1":3,"2":5,"3":0,"4":0,"5":0,"6":0,"7":0},"b":{"0":[1,4],"1":[5,1],"2":[1,4],"3":[1,1],"4":[2,3],"5":[5,4],"6":[1,2],"7":[2,2],"8":[2,1],"9":[2,2],"10":[2,1],"11":[2,2],"12":[0,1],"13":[0,1],"14":[0,0],"15":[0,0],"16":[0,0],"17":[0,0],"18":[0,0],"19":[0,0],"20":[0,0],"21":[0,0],"22":[0,0],"23":[0,0],"24":[0,0],"25":[0,0],"26":[0,0],"27":[0,0],"28":[0,0],"29":[0,0],"30":[0,0],"31":[0,0]},"inputSourceMap":null,"_coverageSchema":"1a1c01bbd47fc00a2c39e90264f33305004495a9","hash":"ccdfa596775e64248ec5a4ea60c8219e65cd19ba"}
,"F:\\final pharmatrack web\\Backend\\Controller\\Dashboard\\dashboardController.js": {"path":"F:\\final pharmatrack web\\Backend\\Controller\\Dashboard\\dashboardController.js","statementMap":{"0":{"start":{"line":5,"column":26},"end":{"line":85,"column":1}},"1":{"start":{"line":6,"column":16},"end":{"line":6,"column":26}},"2":{"start":{"line":9,"column":25},"end":{"line":9,"column":27}},"3":{"start":{"line":10,"column":2},"end":{"line":20,"column":3}},"4":{"start":{"line":10,"column":15},"end":{"line":10,"column":16}},"5":{"start":{"line":11,"column":17},"end":{"line":11,"column":32}},"6":{"start":{"line":12,"column":4},"end":{"line":12,"column":37}},"7":{"start":{"line":13,"column":20},"end":{"line":13,"column":51}},"8":{"start":{"line":14,"column":4},"end":{"line":19,"column":7}},"9":{"start":{"line":23,"column":23},"end":{"line":29,"column":3}},"10":{"start":{"line":32,"column":24},"end":{"line":37,"column":3}},"11":{"start":{"line":40,"column":23},"end":{"line":46,"column":3}},"12":{"start":{"line":49,"column":26},"end":{"line":53,"column":3}},"13":{"start":{"line":56,"column":25},"end":{"line":62,"column":3}},"14":{"start":{"line":65,"column":24},"end":{"line":69,"column":3}},"15":{"start":{"line":71,"column":2},"end":{"line":84,"column":4}},"16":{"start":{"line":87,"column":35},"end":{"line":272,"column":1}},"17":{"start":{"line":88,"column":2},"end":{"line":271,"column":3}},"18":{"start":{"line":89,"column":19},"end":{"line":89,"column":35}},"19":{"start":{"line":90,"column":18},"end":{"line":90,"column":28}},"20":{"start":{"line":91,"column":21},"end":{"line":91,"column":53}},"21":{"start":{"line":94,"column":30},"end":{"line":94,"column":45}},"22":{"start":{"line":95,"column":4},"end":{"line":95,"column":64}},"23":{"start":{"line":97,"column":25},"end":{"line":97,"column":40}},"24":{"start":{"line":98,"column":4},"end":{"line":98,"column":53}},"25":{"start":{"line":101,"column":4},"end":{"line":104,"column":5}},"26":{"start":{"line":102,"column":6},"end":{"line":102,"column":69}},"27":{"start":{"line":103,"column":6},"end":{"line":103,"column":55}},"28":{"start":{"line":106,"column":19},"end":{"line":106,"column":21}},"29":{"start":{"line":107,"column":22},"end":{"line":107,"column":23}},"30":{"start":{"line":108,"column":23},"end":{"line":108,"column":24}},"31":{"start":{"line":109,"column":24},"end":{"line":109,"column":25}},"32":{"start":{"line":110,"column":23},"end":{"line":110,"column":25}},"33":{"start":{"line":111,"column":26},"end":{"line":111,"column":28}},"34":{"start":{"line":112,"column":25},"end":{"line":112,"column":27}},"35":{"start":{"line":113,"column":24},"end":{"line":113,"column":26}},"36":{"start":{"line":114,"column":21},"end":{"line":114,"column":23}},"37":{"start":{"line":116,"column":4},"end":{"line":124,"column":5}},"38":{"start":{"line":118,"column":6},"end":{"line":121,"column":9}},"39":{"start":{"line":123,"column":6},"end":{"line":123,"column":56}},"40":{"start":{"line":126,"column":4},"end":{"line":208,"column":5}},"41":{"start":{"line":127,"column":22},"end":{"line":203,"column":8}},"42":{"start":{"line":134,"column":23},"end":{"line":134,"column":24}},"43":{"start":{"line":137,"column":58},"end":{"line":137,"column":59}},"44":{"start":{"line":145,"column":23},"end":{"line":145,"column":24}},"45":{"start":{"line":153,"column":23},"end":{"line":153,"column":25}},"46":{"start":{"line":166,"column":23},"end":{"line":166,"column":25}},"47":{"start":{"line":174,"column":23},"end":{"line":174,"column":25}},"48":{"start":{"line":184,"column":23},"end":{"line":184,"column":25}},"49":{"start":{"line":202,"column":23},"end":{"line":202,"column":25}},"50":{"start":{"line":205,"column":6},"end":{"line":205,"column":133}},"51":{"start":{"line":207,"column":6},"end":{"line":207,"column":56}},"52":{"start":{"line":211,"column":25},"end":{"line":213,"column":64}},"53":{"start":{"line":212,"column":6},"end":{"line":212,"column":51}},"54":{"start":{"line":213,"column":21},"end":{"line":213,"column":50}},"55":{"start":{"line":216,"column":26},"end":{"line":220,"column":83}},"56":{"start":{"line":217,"column":6},"end":{"line":217,"column":41}},"57":{"start":{"line":217,"column":28},"end":{"line":217,"column":41}},"58":{"start":{"line":218,"column":21},"end":{"line":218,"column":46}},"59":{"start":{"line":219,"column":6},"end":{"line":219,"column":60}},"60":{"start":{"line":220,"column":22},"end":{"line":220,"column":69}},"61":{"start":{"line":223,"column":27},"end":{"line":223,"column":29}},"62":{"start":{"line":224,"column":4},"end":{"line":236,"column":5}},"63":{"start":{"line":224,"column":17},"end":{"line":224,"column":18}},"64":{"start":{"line":225,"column":19},"end":{"line":225,"column":34}},"65":{"start":{"line":226,"column":6},"end":{"line":226,"column":39}},"66":{"start":{"line":227,"column":22},"end":{"line":227,"column":53}},"67":{"start":{"line":228,"column":22},"end":{"line":228,"column":69}},"68":{"start":{"line":228,"column":43},"end":{"line":228,"column":68}},"69":{"start":{"line":230,"column":6},"end":{"line":235,"column":9}},"70":{"start":{"line":239,"column":24},"end":{"line":239,"column":119}},"71":{"start":{"line":242,"column":4},"end":{"line":245,"column":5}},"72":{"start":{"line":243,"column":6},"end":{"line":243,"column":72}},"73":{"start":{"line":244,"column":6},"end":{"line":244,"column":55}},"74":{"start":{"line":247,"column":4},"end":{"line":265,"column":7}},"75":{"start":{"line":267,"column":4},"end":{"line":267,"column":45}},"76":{"start":{"line":269,"column":4},"end":{"line":269,"column":66}},"77":{"start":{"line":270,"column":4},"end":{"line":270,"column":46}},"78":{"start":{"line":275,"column":36},"end":{"line":290,"column":1}},"79":{"start":{"line":276,"column":2},"end":{"line":289,"column":3}},"80":{"start":{"line":277,"column":19},"end":{"line":277,"column":34}},"81":{"start":{"line":278,"column":19},"end":{"line":278,"column":29}},"82":{"start":{"line":280,"column":4},"end":{"line":283,"column":6}},"83":{"start":{"line":285,"column":4},"end":{"line":285,"column":69}},"84":{"start":{"line":287,"column":4},"end":{"line":287,"column":53}},"85":{"start":{"line":288,"column":4},"end":{"line":288,"column":77}},"86":{"start":{"line":293,"column":40},"end":{"line":307,"column":1}},"87":{"start":{"line":294,"column":2},"end":{"line":306,"column":3}},"88":{"start":{"line":295,"column":19},"end":{"line":295,"column":34}},"89":{"start":{"line":297,"column":4},"end":{"line":300,"column":6}},"90":{"start":{"line":302,"column":4},"end":{"line":302,"column":74}},"91":{"start":{"line":304,"column":4},"end":{"line":304,"column":58}},"92":{"start":{"line":305,"column":4},"end":{"line":305,"column":78}}},"fnMap":{"0":{"name":"(anonymous_0)","decl":{"start":{"line":5,"column":26},"end":{"line":5,"column":27}},"loc":{"start":{"line":5,"column":32},"end":{"line":85,"column":1}},"line":5},"1":{"name":"(anonymous_1)","decl":{"start":{"line":87,"column":35},"end":{"line":87,"column":36}},"loc":{"start":{"line":87,"column":55},"end":{"line":272,"column":1}},"line":87},"2":{"name":"(anonymous_2)","decl":{"start":{"line":134,"column":17},"end":{"line":134,"column":18}},"loc":{"start":{"line":134,"column":23},"end":{"line":134,"column":24}},"line":134},"3":{"name":"(anonymous_3)","decl":{"start":{"line":137,"column":52},"end":{"line":137,"column":53}},"loc":{"start":{"line":137,"column":58},"end":{"line":137,"column":59}},"line":137},"4":{"name":"(anonymous_4)","decl":{"start":{"line":145,"column":17},"end":{"line":145,"column":18}},"loc":{"start":{"line":145,"column":23},"end":{"line":145,"column":24}},"line":145},"5":{"name":"(anonymous_5)","decl":{"start":{"line":153,"column":17},"end":{"line":153,"column":18}},"loc":{"start":{"line":153,"column":23},"end":{"line":153,"column":25}},"line":153},"6":{"name":"(anonymous_6)","decl":{"start":{"line":166,"column":17},"end":{"line":166,"column":18}},"loc":{"start":{"line":166,"column":23},"end":{"line":166,"column":25}},"line":166},"7":{"name":"(anonymous_7)","decl":{"start":{"line":174,"column":17},"end":{"line":174,"column":18}},"loc":{"start":{"line":174,"column":23},"end":{"line":174,"column":25}},"line":174},"8":{"name":"(anonymous_8)","decl":{"start":{"line":184,"column":17},"end":{"line":184,"column":18}},"loc":{"start":{"line":184,"column":23},"end":{"line":184,"column":25}},"line":184},"9":{"name":"(anonymous_9)","decl":{"start":{"line":202,"column":17},"end":{"line":202,"column":18}},"loc":{"start":{"line":202,"column":23},"end":{"line":202,"column":25}},"line":202},"10":{"name":"(anonymous_10)","decl":{"start":{"line":211,"column":41},"end":{"line":211,"column":42}},"loc":{"start":{"line":212,"column":6},"end":{"line":212,"column":51}},"line":212},"11":{"name":"(anonymous_11)","decl":{"start":{"line":213,"column":11},"end":{"line":213,"column":12}},"loc":{"start":{"line":213,"column":21},"end":{"line":213,"column":50}},"line":213},"12":{"name":"(anonymous_12)","decl":{"start":{"line":216,"column":42},"end":{"line":216,"column":43}},"loc":{"start":{"line":216,"column":50},"end":{"line":220,"column":5}},"line":216},"13":{"name":"(anonymous_13)","decl":{"start":{"line":220,"column":12},"end":{"line":220,"column":13}},"loc":{"start":{"line":220,"column":22},"end":{"line":220,"column":69}},"line":220},"14":{"name":"(anonymous_14)","decl":{"start":{"line":228,"column":38},"end":{"line":228,"column":39}},"loc":{"start":{"line":228,"column":43},"end":{"line":228,"column":68}},"line":228},"15":{"name":"(anonymous_15)","decl":{"start":{"line":275,"column":36},"end":{"line":275,"column":37}},"loc":{"start":{"line":275,"column":56},"end":{"line":290,"column":1}},"line":275},"16":{"name":"(anonymous_16)","decl":{"start":{"line":293,"column":40},"end":{"line":293,"column":41}},"loc":{"start":{"line":293,"column":60},"end":{"line":307,"column":1}},"line":293}},"branchMap":{"0":{"loc":{"start":{"line":101,"column":4},"end":{"line":104,"column":5}},"type":"if","locations":[{"start":{"line":101,"column":4},"end":{"line":104,"column":5}},{"start":{},"end":{}}],"line":101},"1":{"loc":{"start":{"line":212,"column":27},"end":{"line":212,"column":50}},"type":"binary-expr","locations":[{"start":{"line":212,"column":27},"end":{"line":212,"column":44}},{"start":{"line":212,"column":48},"end":{"line":212,"column":50}}],"line":212},"2":{"loc":{"start":{"line":217,"column":6},"end":{"line":217,"column":41}},"type":"if","locations":[{"start":{"line":217,"column":6},"end":{"line":217,"column":41}},{"start":{},"end":{}}],"line":217},"3":{"loc":{"start":{"line":219,"column":13},"end":{"line":219,"column":59}},"type":"binary-expr","locations":[{"start":{"line":219,"column":13},"end":{"line":219,"column":28}},{"start":{"line":219,"column":32},"end":{"line":219,"column":59}}],"line":219},"4":{"loc":{"start":{"line":233,"column":27},"end":{"line":233,"column":51}},"type":"binary-expr","locations":[{"start":{"line":233,"column":27},"end":{"line":233,"column":46}},{"start":{"line":233,"column":50},"end":{"line":233,"column":51}}],"line":233},"5":{"loc":{"start":{"line":234,"column":27},"end":{"line":234,"colu
[...]
480,"column":51}},"type":"binary-expr","locations":[{"start":{"line":480,"column":32},"end":{"line":480,"column":46}},{"start":{"line":480,"column":50},"end":{"line":480,"column":51}}],"line":480},"45":{"loc":{"start":{"line":481,"column":29},"end":{"line":481,"column":45}},"type":"binary-expr","locations":[{"start":{"line":481,"column":29},"end":{"line":481,"column":40}},{"start":{"line":481,"column":44},"end":{"line":481,"column":45}}],"line":481},"46":{"loc":{"start":{"line":482,"column":31},"end":{"line":482,"column":49}},"type":"binary-expr","locations":[{"start":{"line":482,"column":31},"end":{"line":482,"column":44}},{"start":{"line":482,"column":48},"end":{"line":482,"column":49}}],"line":482},"47":{"loc":{"start":{"line":483,"column":32},"end":{"line":483,"column":48}},"type":"binary-expr","locations":[{"start":{"line":483,"column":32},"end":{"line":483,"column":43}},{"start":{"line":483,"column":47},"end":{"line":483,"column":48}}],"line":483},"48":{"loc":{"start":{"line":483,"column":53},"end":{"line":483,"column":71}},"type":"binary-expr","locations":[{"start":{"line":483,"column":53},"end":{"line":483,"column":66}},{"start":{"line":483,"column":70},"end":{"line":483,"column":71}}],"line":483}},"s":{"0":0,"1":0,"2":0,"3":0,"4":0,"5":0,"6":0,"7":0,"8":0,"9":0,"10":0,"11":0,"12":0,"13":0,"14":0,"15":0,"16":0,"17":0,"18":0,"19":0,"20":0,"21":0,"22":0,"23":0,"24":0,"25":0,"26":0,"27":0,"28":0,"29":0,"30":0,"31":0,"32":0,"33":0,"34":0,"35":0,"36":0,"37":0,"38":0,"39":0,"40":0,"41":0,"42":0,"43":0,"44":0,"45":0,"46":0,"47":0,"48":0,"49":0,"50":0,"51":0,"52":0,"53":0,"54":0,"55":0,"56":0,"57":0,"58":0,"59":0,"60":0,"61":0,"62":0,"63":0,"64":0,"65":0,"66":0,"67":0,"68":0,"69":0,"70":0,"71":0,"72":0,"73":0,"74":0,"75":0,"76":0,"77":0,"78":0,"79":0,"80":0,"81":0,"82":0,"83":0,"84":0,"85":0,"86":0,"87":0,"88":0,"89":0,"90":0,"91":0,"92":0,"93":0,"94":0,"95":0,"96":0,"97":0,"98":0,"99":0,"100":0,"101":0,"102":0,"103":0,"104":0,"105":0,"106":0,"107":0,"108":0,"109":0,"110":0,"111":0,"112":0,"113":0,"114":0,"115":0,"116":0,"117":0,"118":0,"119":0,"120":0,"121":0,"122":0,"123":0,"124":0,"125":0,"126":0,"127":0,"128":0,"129":0,"130":0,"131":0,"132":0,"133":0,"134":0,"135":0,"136":0,"137":0,"138":0,"139":0,"140":0,"141":0,"142":0,"143":0,"144":0,"145":0,"146":0,"147":0,"148":0,"149":0,"150":0,"151":0,"152":0,"153":0,"154":0,"155":0,"156":0,"157":0,"158":0,"159":0,"160":0,"161":0,"162":0},"f":{"0":0,"1":0,"2":0,"3":0,"4":0,"5":0,"6":0,"7":0,"8":0,"9":0,"10":0,"11":0},"b":{"0":[0],"1":[0],"2":[0,0],"3":[0,0],"4":[0,0],"5":[0,0],"6":[0,0],"7":[0,0],"8":[0],"9":[0,0],"10":[0,0],"11":[0,0],"12":[0,0],"13":[0,0],"14":[0,0],"15":[0,0],"16":[0,0],"17":[0,0],"18":[0,0],"19":[0,0],"20":[0,0],"21":[0,0],"22":[0,0],"23":[0,0],"24":[0,0],"25":[0,0],"26":[0,0],"27":[0,0],"28":[0,0],"29":[0,0],"30":[0,0],"31":[0,0],"32":[0,0],"33":[0,0],"34":[0,0],"35":[0,0],"36":[0,0],"37":[0,0],"38":[0,0],"39":[0,0],"40":[0,0],"41":[0,0],"42":[0,0],"43":[0,0],"44":[0,0],"45":[0,0],"46":[0,0],"47":[0,0],"48":[0,0]},"inputSourceMap":null}
,"F:\\final pharmatrack web\\Backend\\Middleware\\auth.middleware.js": {"path":"F:\\final pharmatrack web\\Backend\\Middleware\\auth.middleware.js","statementMap":{"0":{"start":{"line":3,"column":28},"end":{"line":20,"column":1}},"1":{"start":{"line":4,"column":23},"end":{"line":4,"column":48}},"2":{"start":{"line":6,"column":4},"end":{"line":8,"column":5}},"3":{"start":{"line":7,"column":8},"end":{"line":7,"column":76}},"4":{"start":{"line":10,"column":18},"end":{"line":10,"column":42}},"5":{"start":{"line":12,"column":4},"end":{"line":19,"column":5}},"6":{"start":{"line":13,"column":24},"end":{"line":13,"column":107}},"7":{"start":{"line":14,"column":8},"end":{"line":14,"column":65}},"8":{"start":{"line":15,"column":8},"end":{"line":15,"column":27}},"9":{"start":{"line":16,"column":8},"end":{"line":16,"column":15}},"10":{"start":{"line":18,"column":8},"end":{"line":18,"column":77}}},"fnMap":{"0":{"name":"(anonymous_0)","decl":{"start":{"line":3,"column":28},"end":{"line":3,"column":29}},"loc":{"start":{"line":3,"column":48},"end":{"line":20,"column":1}},"line":3}},"branchMap":{"0":{"loc":{"start":{"line":6,"column":4},"end":{"line":8,"column":5}},"type":"if","locations":[{"start":{"line":6,"column":4},"end":{"line":8,"column":5}},{"start":{},"end":{}}],"line":6},"1":{"loc":{"start":{"line":6,"column":8},"end":{"line":6,"column":56}},"type":"binary-expr","locations":[{"start":{"line":6,"column":8},"end":{"line":6,"column":19}},{"start":{"line":6,"column":23},"end":{"line":6,"column":56}}],"line":6},"2":{"loc":{"start":{"line":13,"column":42},"end":{"line":13,"column":106}},"type":"binary-expr","locations":[{"start":{"line":13,"column":42},"end":{"line":13,"column":64}},{"start":{"line":13,"column":68},"end":{"line":13,"column":106}}],"line":13}},"s":{"0":1,"1":5,"2":5,"3":2,"4":3,"5":3,"6":3,"7":1,"8":1,"9":1,"10":2},"f":{"0":5},"b":{"0":[2,3],"1":[5,4],"2":[3,3]},"inputSourceMap":null,"_coverageSchema":"1a1c01bbd47fc00a2c39e90264f33305004495a9","hash":"8f21243c0014cf7689e012daf6f715a179eb020c"}
,"F:\\final pharmatrack web\\Backend\\Middleware\\superAdmin.middleware.js": {"path":"F:\\final pharmatrack web\\Backend\\Middleware\\superAdmin.middleware.js","statementMap":{"0":{"start":{"line":5,"column":28},"end":{"line":43,"column":1}},"1":{"start":{"line":6,"column":2},"end":{"line":42,"column":3}},"2":{"start":{"line":7,"column":23},"end":{"line":7,"column":48}},"3":{"start":{"line":9,"column":4},"end":{"line":11,"column":5}},"4":{"start":{"line":10,"column":6},"end":{"line":10,"column":74}},"5":{"start":{"line":13,"column":18},"end":{"line":13,"column":42}},"6":{"start":{"line":15,"column":4},"end":{"line":38,"column":5}},"7":{"start":{"line":16,"column":22},"end":{"line":16,"column":105}},"8":{"start":{"line":17,"column":6},"end":{"line":17,"column":25}},"9":{"start":{"line":20,"column":19},"end":{"line":20,"column":54}},"10":{"start":{"line":22,"column":6},"end":{"line":24,"column":7}},"11":{"start":{"line":23,"column":8},"end":{"line":23,"column":67}},"12":{"start":{"line":26,"column":6},"end":{"line":28,"column":7}},"13":{"start":{"line":27,"column":8},"end":{"line":27,"column":100}},"14":{"start":{"line":30,"column":6},"end":{"line":32,"column":7}},"15":{"start":{"line":31,"column":8},"end":{"line":31,"column":74}},"16":{"start":{"line":34,"column":6},"end":{"line":34,"column":28}},"17":{"start":{"line":35,"column":6},"end":{"line":35,"column":13}},"18":{"start":{"line":37,"column":6},"end":{"line":37,"column":75}},"19":{"start":{"line":40,"column":4},"end":{"line":40,"column":52}},"20":{"start":{"line":41,"column":4},"end":{"line":41,"column":70}},"21":{"start":{"line":46,"column":23},"end":{"line":83,"column":1}},"22":{"start":{"line":47,"column":2},"end":{"line":82,"column":3}},"23":{"start":{"line":48,"column":23},"end":{"line":48,"column":48}},"24":{"start":{"line":50,"column":4},"end":{"line":52,"column":5}},"25":{"start":{"line":51,"column":6},"end":{"line":51,"column":74}},"26":{"start":{"line":54,"column":18},"end":{"line":54,"column":42}},"27":{"start":{"line":56,"column":4},"end":{"line":78,"column":5}},"28":{"start":{"line":57,"column":22},"end":{"line":57,"column":105}},"29":{"start":{"line":58,"column":6},"end":{"line":58,"column":25}},"30":{"start":{"line":60,"column":19},"end":{"line":60,"column":54}},"31":{"start":{"line":62,"column":6},"end":{"line":64,"column":7}},"32":{"start":{"line":63,"column":8},"end":{"line":63,"column":67}},"33":{"start":{"line":66,"column":6},"end":{"line":68,"column":7}},"34":{"start":{"line":67,"column":8},"end":{"line":67,"column":94}},"35":{"start":{"line":70,"column":6},"end":{"line":72,"column":7}},"36":{"start":{"line":71,"column":8},"end":{"line":71,"column":74}},"37":{"start":{"line":74,"column":6},"end":{"line":74,"column":27}},"38":{"start":{"line":75,"column":6},"end":{"line":75,"column":13}},"39":{"start":{"line":77,"column":6},"end":{"line":77,"column":75}},"40":{"start":{"line":80,"column":4},"end":{"line":80,"column":46}},"41":{"start":{"line":81,"column":4},"end":{"line":81,"column":70}},"42":{"start":{"line":86,"column":34},"end":{"line":126,"column":1}},"43":{"start":{"line":87,"column":2},"end":{"line":125,"column":3}},"44":{"start":{"line":88,"column":4},"end":{"line":90,"column":5}},"45":{"start":{"line":89,"column":6},"end":{"line":89,"column":74}},"46":{"start":{"line":92,"column":17},"end":{"line":92,"column":53}},"47":{"start":{"line":94,"column":4},"end":{"line":96,"column":5}},"48":{"start":{"line":95,"column":6},"end":{"line":95,"column":65}},"49":{"start":{"line":99,"column":4},"end":{"line":101,"column":5}},"50":{"start":{"line":100,"column":6},"end":{"line":100,"column":104}},"51":{"start":{"line":104,"column":4},"end":{"line":109,"column":5}},"52":{"start":{"line":105,"column":6},"end":{"line":108,"column":9}},"53":{"start":{"line":112,"column":4},"end":{"line":114,"column":5}},"54":{"start":{"line":113,"column":6},"end":{"line":113,"column":106}},"55":{"start":{"line":117,"column":4},"end":{"line":119,"column":5}},"56":{"start":{"line":118,"column":6},"end":{"line":118,"column":84}},"57":{"start":{"line":121,"column":4},"end":{"line":121,"column":11}},"58":{"start":{"line":123,"column":4},"end":{"line":123,"column":56}},"59":{"start":{"line":124,"column":4},"end":{"line":124,"column":80}}},"fnMap":{"0":{"name":"(anonymous_0)","decl":{"start":{"line":5,"column":28},"end":{"line":5,"column":29}},"loc":{"start":{"line":5,"column":54},"end":{"line":43,"column":1}},"line":5},"1":{"name":"(anonymous_1)","decl":{"start":{"line":46,"column":23},"end":{"line":46,"column":24}},"loc":{"start":{"line":46,"column":49},"end":{"line":83,"column":1}},"line":46},"2":{"name":"(anonymous_2)","decl":{"start":{"line":86,"column":34},"end":{"line":86,"column":35}},"loc":{"start":{"line":86,"column":60},"end":{"line":126,"column":1}},"line":86}},"branchMap":{"0":{"loc":{"start":{"line":9,"column":4},"end":{"line":11,"column":5}},"type":"if","locations":[{"start":{"line":9,"column":4},"end":{"line":11,"column":5}},{"start":{},"end":{}}],"line":9},"1":{"loc":{"start":{"line":9,"column":8},"end":{"line":9,"column":56}},"type":"binary-expr","locations":[{"start":{"line":9,"column":8},"end":{"line":9,"column":19}},{"start":{"line":9,"column":23},"end":{"line":9,"column":56}}],"line":9},"2":{"loc":{"start":{"line":16,"column":40},"end":{"line":16,"column":104}},"type":"binary-expr","locations":[{"start":{"line":16,"column":40},"end":{"line":16,"column":62}},{"start":{"line":16,"column":66},"end":{"line":16,"column":104}}],"line":16},"3":{"loc":{"start":{"line":22,"column":6},"end":{"line":24,"column":7}},"type":"if","locations":[{"start":{"line":22,"column":6},"end":{"line":24,"column":7}},{"start":{},"end":{}}],"line":22},"4":{"loc":{"start":{"line":26,"column":6},"end":{"line":28,"column":7}},"type":"if","locations":[{"start":{"line":26,"column":6},"end":{"line":28,"column":7}},{"start":{},"end":{}}],"line":26},"5":{"loc":{"start":{"line":30,"column":6},"end":{"line":32,"column":7}},"type":"if","locations":[{"start":{"line":30,"column":6},"end":{"line":32,"column":7}},{"start":{},"end":{}}],"line":30},"6":{"loc":{"start":{"line":50,"column":4},"end":{"line":52,"column":5}},"type":"if","locations":[{"start":{"line":50,"column":4},"end":{"line":52,"column":5}},{"start":{},"end":{}}],"line":50},"7":{"loc":{"start":{"line":50,"column":8},"end":{"line":50,"column":56}},"type":"binary-expr","locations":[{"start":{"line":50,"column":8},"end":{"line":50,"column":19}},{"start":{"line":50,"column":23},"end":{"line":50,"column":56}}],"line":50},"8":{"loc":{"start":{"line":57,"column":40},"end":{"line":57,"column":104}},"type":"binary-expr","locations":[{"start":{"line":57,"column":40},"end":{"line":57,"column":62}},{"start":{"line":57,"column":66},"end":{"line":57,"column":104}}],"line":57},"9":{"loc":{"start":{"line":62,"column":6},"end":{"line":64,"column":7}},"type":"if","locations":[{"start":{"line":62,"column":6},"end":{"line":64,"column":7}},{"start":{},"end":{}}],"line":62},"10":{"loc":{"start":{"line":66,"column":6},"end":{"line":68,"column":7}},"type":"if","locations":[{"start":{"line":66,"column":6},"end":{"line":68,"column":7}},{"start":{},"end":{}}],"line":66},"11":{"loc":{"start":{"line":70,"column":6},"end":{"line":72,"column":7}},"type":"if","locations":[{"start":{"line":70,"column":6},"end":{"line":72,"column":7}},{"start":{},"end":{}}],"line":70},"12":{"loc":{"start":{"line":88,"column":4},"end":{"line":90,"column":5}},"type":"if","locations":[{"start":{"line":88,"column":4},"end":{"line":90,"column":5}},{"start":{},"end":{}}],"line":88},"13":{"loc":{"start":{"line":88,"column":8},"end":{"line":88,"column":37}},"type":"binary-expr","locations":[{"start":{"line":88,"column":8},"end":{"line":88,"column":17}},{"start":{"line":88,"column":21},"end":{"line":88,"column":37}}],"line":88},"14":{"loc":{"start":{"line":94,"column":4},"end":{"line":96,"column":5}},"type":"if","locations":[{"start":{"line":94,"column":4},"end":{"line":96,"column":5}},{"start":{},"end":{}}],"line":94},"15":{"loc":{"start":{"line":99,"column":4},"end":{"line":101,"column":5}},"type":"if","locations":[{"start":{"line":99,"column":4},"end":{"line":101,"column":5}},{"start":{},"end":{}}],"line":99},"16":{"loc":{"start":{"line":104,"column":4},"end":{"line":109,"column":5}},"type":"if","locations":[{"start":{"line":104,"column":4},"end":{"line":109,"column":5}},{"start":{},"end":{}}],"line":104},"17":{"loc":{"start":{"line":112,"column":4},"end":{"line":114,"column":5}},"type":"if","locations":[{"start":{"line":112,"column":4},"end":{"line":114,"column":5}},{"start":{},"end":{}}],"line":112},"18":{"loc":{"start":{"line":117,"column":4},"end":{"line":119,"column":5}},"type":"if","locations":[{"start":{"line":117,"column":4},"end":{"line":119,"column":5}},{"start":{},"end":{}}],"line":117},"19":{"loc":{"start":{"line":117,"column":8},"end":{"line":117,"column":53}},"type":"binary-expr","locations":[{"start":{"line":117,"column":8},"end":{"line":117,"column":33}},{"start":{"line":117,"column":37},"end":{"line":117,"column":53}}],"line":117}},"s":{"0":0,"1":0,"2":0,"3":0,"4":0,"5":0,"6":0,"7":0,"8":0,"9":0,"10":0,"11":0,"12":0,"13":0,"14":0,"15":0,"16":0,"17":0,"18":0,"19":0,"20":0,"21":0,"22":0,"23":0,"24":0,"25":0,"26":0,"27":0,"28":0,"29":0,"30":0,"31":0,"32":0,"33":0,"34":0,"35":0,"36":0,"37":0,"38":0,"39":0,"40":0,"41":0,"42":0,"43":0,"44":0,"45":0,"46":0,"47":0,"48":0,"49":0,"50":0,"51":0,"52":0,"53":0,"54":0,"55":0,"56":0,"57":0,"58":0,"59":0},"f":{"0":0,"1":0,"2":0},"b":{"0":[0,0],"1":[0,0],"2":[0,0],"3":[0,0],"4":[0,0],"5":[0,0],"6":[0,0],"7":[0,0],"8":[0,0],"9":[0,0],"10":[0,0],"11":[0,0],"12":[0,0],"13":[0,0],"14":[0,0],"15":[0,0],"16":[0,0],"17":[0,0],"18":[0,0],"19":[0,0]},"inputSourceMap":null}
,"F:\\final pharmatrack web\\Backend\\Middleware\\validation.middleware.js": {"path":"F:\\final pharmatrack web\\Backend\\Middleware\\validation.middleware.js","statementMap":{"0":{"start":{"line":7,"column":24},"end":{"line":34,"column":1}},"1":{"start":{"line":8,"column":2},"end":{"line":33,"column":4}},"2":{"start":{"line":9,"column":4},"end":{"line":32,"column":5}},"3":{"start":{"line":11,"column":21},"end":{"line":11,"column":47}},"4":{"start":{"line":13,"column":6},"end":{"line":24,"column":7}},"5":{"start":{"line":15,"column":23},"end":{"line":18,"column":11}},"6":{"start":{"line":15,"column":57},"end":{"line":18,"column":9}},"7":{"start":{"line":20,"column":8},"end":{"line":23,"column":11}},"8":{"start":{"line":27,"column":6},"end":{"line":27,"column":29}},"9":{"start":{"line":28,"column":6},"end":{"line":28,"column":13}},"10":{"start":{"line":30,"column":6},"end":{"line":30,"column":48}},"11":{"start":{"line":31,"column":6},"end":{"line":31,"column":76}},"12":{"start":{"line":41,"column":29},"end":{"line":65,"column":1}},"13":{"start":{"line":42,"column":2},"end":{"line":64,"column":4}},"14":{"start":{"line":43,"column":4},"end":{"line":63,"column":5}},"15":{"start":{"line":44,"column":21},"end":{"line":44,"column":48}},"16":{"start":{"line":46,"column":6},"end":{"line":56,"column":7}},"17":{"start":{"line":47,"column":23},"end":{"line":50,"column":11}},"18":{"start":{"line":47,"column":57},"end":{"line":50,"column":9}},"19":{"start":{"line":52,"column":8},"end":{"line":55,"column":11}},"20":{"start":{"line":58,"column":6},"end":{"line":58,"column":30}},"21":{"start":{"line":59,"column":6},"end":{"line":59,"column":13}},"22":{"start":{"line":61,"column":6},"end":{"line":61,"column":54}},"23":{"start":{"line":62,"column":6},"end":{"line":62,"column":82}},"24":{"start":{"line":72,"column":30},"end":{"line":96,"column":1}},"25":{"start":{"line":73,"column":2},"end":{"line":95,"column":4}},"26":{"start":{"line":74,"column":4},"end":{"line":94,"column":5}},"27":{"start":{"line":75,"column":21},"end":{"line":75,"column":49}},"28":{"start":{"line":77,"column":6},"end":{"line":87,"column":7}},"29":{"start":{"line":78,"column":23},"end":{"line":81,"column":11}},"30":{"start":{"line":78,"column":57},"end":{"line":81,"column":9}},"31":{"start":{"line":83,"column":8},"end":{"line":86,"column":11}},"32":{"start":{"line":89,"column":6},"end":{"line":89,"column":31}},"33":{"start":{"line":90,"column":6},"end":{"line":90,"column":13}},"34":{"start":{"line":92,"column":6},"end":{"line":92,"column":55}},"35":{"start":{"line":93,"column":6},"end":{"line":93,"column":86}}},"fnMap":{"0":{"name":"(anonymous_0)","decl":{"start":{"line":7,"column":24},"end":{"line":7,"column":25}},"loc":{"start":{"line":7,"column":36},"end":{"line":34,"column":1}},"line":7},"1":{"name":"(anonymous_1)","decl":{"start":{"line":8,"column":9},"end":{"line":8,"column":10}},"loc":{"start":{"line":8,"column":35},"end":{"line":33,"column":3}},"line":8},"2":{"name":"(anonymous_2)","decl":{"start":{"line":15,"column":47},"end":{"line":15,"column":48}},"loc":{"start":{"line":15,"column":57},"end":{"line":18,"column":9}},"line":15},"3":{"name":"(anonymous_3)","decl":{"start":{"line":41,"column":29},"end":{"line":41,"column":30}},"loc":{"start":{"line":41,"column":41},"end":{"line":65,"column":1}},"line":41},"4":{"name":"(anonymous_4)","decl":{"start":{"line":42,"column":9},"end":{"line":42,"column":10}},"loc":{"start":{"line":42,"column":35},"end":{"line":64,"column":3}},"line":42},"5":{"name":"(anonymous_5)","decl":{"start":{"line":47,"column":47},"end":{"line":47,"column":48}},"loc":{"start":{"line":47,"column":57},"end":{"line":50,"column":9}},"line":47},"6":{"name":"(anonymous_6)","decl":{"start":{"line":72,"column":30},"end":{"line":72,"column":31}},"loc":{"start":{"line":72,"column":42},"end":{"line":96,"column":1}},"line":72},"7":{"name":"(anonymous_7)","decl":{"start":{"line":73,"column":9},"end":{"line":73,"column":10}},"loc":{"start":{"line":73,"column":35},"end":{"line":95,"column":3}},"line":73},"8":{"name":"(anonymous_8)","decl":{"start":{"line":78,"column":47},"end":{"line":78,"column":48}},"loc":{"start":{"line":78,"column":57},"end":{"line":81,"column":9}},"line":78}},"branchMap":{"0":{"loc":{"start":{"line":13,"column":6},"end":{"line":24,"column":7}},"type":"if","locations":[{"start":{"line":13,"column":6},"end":{"line":24,"column":7}},{"start":{},"end":{}}],"line":13},"1":{"loc":{"start":{"line":46,"column":6},"end":{"line":56,"column":7}},"type":"if","locations":[{"start":{"line":46,"column":6},"end":{"line":56,"column":7}},{"start":{},"end":{}}],"line":46},"2":{"loc":{"start":{"line":77,"column":6},"end":{"line":87,"column":7}},"type":"if","locations":[{"start":{"line":77,"column":6},"end":{"line":87,"column":7}},{"start":{},"end":{}}],"line":77}},"s":{"0":0,"1":0,"2":0,"3":0,"4":0,"5":0,"6":0,"7":0,"8":0,"9":0,"10":0,"11":0,"12":0,"13":0,"14":0,"15":0,"16":0,"17":0,"18":0,"19":0,"20":0,"21":0,"22":0,"23":0,"24":0,"25":0,"26":0,"27":0,"28":0,"29":0,"30":0,"31":0,"32":0,"33":0,"34":0,"35":0},"f":{"0":0,"1":0,"2":0,"3":0,"4":0,"5":0,"6":0,"7":0,"8":0},"b":{"0":[0,0],"1":[0,0],"2":[0,0]},"inputSourceMap":null}
}
