TN:
SF:Controller\auth.controller.js
FN:8,(anonymous_0)
FN:25,(anonymous_1)
FN:89,(anonymous_2)
FN:199,(anonymous_3)
FN:219,(anonymous_4)
FN:233,(anonymous_5)
FN:261,(anonymous_6)
FN:307,(anonymous_7)
FN:333,(anonymous_8)
FN:338,(anonymous_9)
FN:390,(anonymous_10)
FN:431,(anonymous_11)
FNF:12
FNH:3
FNDA:1,(anonymous_0)
FNDA:5,(anonymous_1)
FNDA:5,(anonymous_2)
FNDA:0,(anonymous_3)
FNDA:0,(anonymous_4)
FNDA:0,(anonymous_5)
FNDA:0,(anonymous_6)
FNDA:0,(anonymous_7)
FNDA:0,(anonymous_8)
FNDA:0,(anonymous_9)
FNDA:0,(anonymous_10)
FNDA:0,(anonymous_11)
DA:8,1
DA:9,1
DA:10,1
DA:20,0
DA:25,1
DA:26,5
DA:35,5
DA:36,5
DA:39,5
DA:40,1
DA:42,4
DA:43,1
DA:45,3
DA:46,1
DA:49,2
DA:50,2
DA:51,1
DA:55,1
DA:56,1
DA:57,1
DA:58,1
DA:64,1
DA:77,1
DA:83,0
DA:84,0
DA:89,1
DA:90,5
DA:91,5
DA:93,5
DA:94,2
DA:97,3
DA:98,3
DA:99,1
DA:103,2
DA:104,0
DA:106,0
DA:108,0
DA:109,0
DA:114,2
DA:115,0
DA:119,2
DA:120,1
DA:123,1
DA:124,1
DA:126,0
DA:127,0
DA:129,0
DA:130,0
DA:131,0
DA:134,0
DA:136,0
DA:137,0
DA:138,0
DA:139,0
DA:142,0
DA:148,0
DA:149,0
DA:151,0
DA:152,0
DA:155,0
DA:159,1
DA:160,1
DA:168,1
DA:170,1
DA:176,1
DA:194,0
DA:195,0
DA:199,1
DA:200,0
DA:201,0
DA:202,0
DA:203,0
DA:206,0
DA:207,0
DA:208,0
DA:211,0
DA:212,0
DA:214,0
DA:219,1
DA:220,0
DA:221,0
DA:225,0
DA:227,0
DA:228,0
DA:233,1
DA:234,0
DA:235,0
DA:252,0
DA:253,0
DA:255,0
DA:256,0
DA:261,1
DA:262,0
DA:263,0
DA:264,0
DA:265,0
DA:267,0
DA:268,0
DA:269,0
DA:270,0
DA:274,0
DA:285,0
DA:301,0
DA:302,0
DA:307,1
DA:308,0
DA:309,0
DA:310,0
DA:311,0
DA:314,0
DA:315,0
DA:317,0
DA:318,0
DA:319,0
DA:322,0
DA:323,0
DA:325,0
DA:327,0
DA:328,0
DA:333,1
DA:334,0
DA:338,1
DA:339,0
DA:340,0
DA:342,0
DA:343,0
DA:347,0
DA:348,0
DA:351,0
DA:355,0
DA:356,0
DA:360,0
DA:363,0
DA:364,0
DA:370,0
DA:373,0
DA:374,0
DA:376,0
DA:377,0
DA:380,0
DA:384,0
DA:385,0
DA:390,1
DA:391,0
DA:392,0
DA:394,0
DA:395,0
DA:398,0
DA:399,0
DA:400,0
DA:404,0
DA:405,0
DA:408,0
DA:410,0
DA:411,0
DA:415,0
DA:416,0
DA:417,0
DA:420,0
DA:425,0
DA:426,0
DA:431,1
DA:432,0
DA:433,0
DA:435,0
DA:436,0
DA:440,0
DA:441,0
DA:446,0
DA:447,0
DA:448,0
DA:452,0
DA:453,0
DA:456,0
DA:457,0
DA:458,0
DA:462,0
DA:463,0
DA:464,0
DA:468,0
DA:469,0
DA:470,0
DA:471,0
DA:474,0
DA:476,0
DA:478,0
DA:479,0
LF:187
LH:50
BRDA:8,0,0,1
BRDA:8,1,0,1
BRDA:14,2,0,1
BRDA:14,2,1,0
BRDA:36,3,0,5
BRDA:36,3,1,5
BRDA:36,4,0,4
BRDA:36,4,1,1
BRDA:39,5,0,1
BRDA:39,5,1,4
BRDA:39,6,0,5
BRDA:39,6,1,5
BRDA:39,6,2,4
BRDA:39,6,3,4
BRDA:39,6,4,4
BRDA:39,6,5,4
BRDA:39,6,6,4
BRDA:42,7,0,1
BRDA:42,7,1,3
BRDA:45,8,0,1
BRDA:45,8,1,2
BRDA:50,9,0,1
BRDA:50,9,1,1
BRDA:73,10,0,0
BRDA:73,10,1,1
BRDA:78,11,0,0
BRDA:78,11,1,1
BRDA:93,12,0,2
BRDA:93,12,1,3
BRDA:93,13,0,5
BRDA:93,13,1,4
BRDA:98,14,0,1
BRDA:98,14,1,2
BRDA:103,15,0,0
BRDA:103,15,1,2
BRDA:104,16,0,0
BRDA:104,16,1,0
BRDA:104,17,0,0
BRDA:104,17,1,0
BRDA:114,18,0,0
BRDA:114,18,1,2
BRDA:119,19,0,1
BRDA:119,19,1,1
BRDA:119,20,0,2
BRDA:119,20,1,2
BRDA:124,21,0,0
BRDA:124,21,1,1
BRDA:126,22,0,0
BRDA:126,22,1,0
BRDA:131,23,0,0
BRDA:131,23,1,0
BRDA:134,24,0,0
BRDA:134,24,1,0
BRDA:139,25,0,0
BRDA:139,25,1,0
BRDA:159,26,0,1
BRDA:159,26,1,0
BRDA:172,27,0,1
BRDA:172,27,1,1
BRDA:202,28,0,0
BRDA:202,28,1,0
BRDA:207,29,0,0
BRDA:207,29,1,0
BRDA:211,30,0,0
BRDA:211,30,1,0
BRDA:252,31,0,0
BRDA:252,31,1,0
BRDA:265,32,0,0
BRDA:265,32,1,0
BRDA:267,33,0,0
BRDA:267,33,1,0
BRDA:267,34,0,0
BRDA:267,34,1,0
BRDA:269,35,0,0
BRDA:269,35,1,0
BRDA:275,36,0,0
BRDA:275,36,1,0
BRDA:276,37,0,0
BRDA:276,37,1,0
BRDA:277,38,0,0
BRDA:277,38,1,0
BRDA:278,39,0,0
BRDA:278,39,1,0
BRDA:279,40,0,0
BRDA:279,40,1,0
BRDA:280,41,0,0
BRDA:280,41,1,0
BRDA:281,42,0,0
BRDA:281,42,1,0
BRDA:282,43,0,0
BRDA:282,43,1,0
BRDA:310,44,0,0
BRDA:310,44,1,0
BRDA:310,45,0,0
BRDA:310,45,1,0
BRDA:315,46,0,0
BRDA:315,46,1,0
BRDA:318,47,0,0
BRDA:318,47,1,0
BRDA:342,48,0,0
BRDA:342,48,1,0
BRDA:348,49,0,0
BRDA:348,49,1,0
BRDA:355,50,0,0
BRDA:355,50,1,0
BRDA:394,51,0,0
BRDA:394,51,1,0
BRDA:394,52,0,0
BRDA:394,52,1,0
BRDA:399,53,0,0
BRDA:399,53,1,0
BRDA:404,54,0,0
BRDA:404,54,1,0
BRDA:404,55,0,0
BRDA:404,55,1,0
BRDA:408,56,0,0
BRDA:408,56,1,0
BRDA:416,57,0,0
BRDA:416,57,1,0
BRDA:435,58,0,0
BRDA:435,58,1,0
BRDA:435,59,0,0
BRDA:435,59,1,0
BRDA:435,59,2,0
BRDA:440,60,0,0
BRDA:440,60,1,0
BRDA:447,61,0,0
BRDA:447,61,1,0
BRDA:452,62,0,0
BRDA:452,62,1,0
BRDA:452,63,0,0
BRDA:452,63,1,0
BRDA:456,64,0,0
BRDA:456,64,1,0
BRDA:463,65,0,0
BRDA:463,65,1,0
BRF:136
BRH:40
end_of_record
TN:
SF:Controller\index.js
FNF:0
FNH:0
LF:0
LH:0
BRF:0
BRH:0
end_of_record
TN:
SF:Controller\Bill\billController.js
FN:6,(anonymous_0)
FN:78,(anonymous_1)
FN:114,(anonymous_2)
FN:144,(anonymous_3)
FN:177,(anonymous_4)
FN:219,(anonymous_5)
FN:253,(anonymous_6)
FN:286,(anonymous_7)
FN:327,(anonymous_8)
FN:359,(anonymous_9)
FN:397,(anonymous_10)
FNF:11
FNH:0
FNDA:0,(anonymous_0)
FNDA:0,(anonymous_1)
FNDA:0,(anonymous_2)
FNDA:0,(anonymous_3)
FNDA:0,(anonymous_4)
FNDA:0,(anonymous_5)
FNDA:0,(anonymous_6)
FNDA:0,(anonymous_7)
FNDA:0,(anonymous_8)
FNDA:0,(anonymous_9)
FNDA:0,(anonymous_10)
DA:6,0
DA:7,0
DA:8,0
DA:9,0
DA:11,0
DA:13,0
DA:14,0
DA:20,0
DA:21,0
DA:24,0
DA:25,0
DA:28,0
DA:29,0
DA:34,0
DA:61,0
DA:72,0
DA:73,0
DA:78,0
DA:79,0
DA:80,0
DA:102,0
DA:103,0
DA:106,0
DA:108,0
DA:109,0
DA:114,0
DA:115,0
DA:117,0
DA:126,0
DA:129,0
DA:130,0
DA:131,0
DA:132,0
DA:136,0
DA:137,0
DA:140,0
DA:141,0
DA:142,0
DA:144,0
DA:145,0
DA:146,0
DA:149,0
DA:151,0
DA:152,0
DA:153,0
DA:156,0
DA:159,0
DA:177,0
DA:178,0
DA:179,0
DA:182,0
DA:183,0
DA:185,0
DA:198,0
DA:200,0
DA:203,0
DA:210,0
DA:212,0
DA:213,0
DA:214,0
DA:219,0
DA:220,0
DA:222,0
DA:223,0
DA:228,0
DA:229,0
DA:230,0
DA:233,0
DA:234,0
DA:235,0
DA:246,0
DA:249,0
DA:250,0
DA:251,0
DA:253,0
DA:254,0
DA:255,0
DA:258,0
DA:260,0
DA:261,0
DA:262,0
DA:265,0
DA:266,0
DA:269,0
DA:284,0
DA:286,0
DA:287,0
DA:288,0
DA:291,0
DA:292,0
DA:294,0
DA:307,0
DA:309,0
DA:311,0
DA:318,0
DA:320,0
DA:321,0
DA:322,0
DA:327,0
DA:328,0
DA:330,0
DA:331,0
DA:336,0
DA:337,0
DA:338,0
DA:341,0
DA:342,0
DA:343,0
DA:346,0
DA:347,0
DA:349,0
DA:350,0
DA:352,0
DA:353,0
DA:354,0
DA:359,0
DA:360,0
DA:361,0
DA:363,0
DA:378,0
DA:391,0
DA:392,0
DA:397,0
DA:398,0
DA:399,0
DA:401,0
DA:412,0
DA:414,0
DA:415,0
LF:129
LH:0
BRDA:8,0,0,0
BRDA:8,1,0,0
BRDA:13,2,0,0
BRDA:13,2,1,0
BRDA:20,3,0,0
BRDA:20,3,1,0
BRDA:24,4,0,0
BRDA:24,4,1,0
BRDA:28,5,0,0
BRDA:28,5,1,0
BRDA:28,6,0,0
BRDA:28,6,1,0
BRDA:102,7,0,0
BRDA:102,7,1,0
BRDA:125,8,0,0
BRDA:136,9,0,0
BRDA:136,9,1,0
BRDA:146,10,0,0
BRDA:146,10,1,0
BRDA:147,11,0,0
BRDA:147,11,1,0
BRDA:148,12,0,0
BRDA:148,12,1,0
BRDA:149,13,0,0
BRDA:149,13,1,0
BRDA:179,14,0,0
BRDA:179,14,1,0
BRDA:192,15,0,0
BRDA:192,15,1,0
BRDA:228,16,0,0
BRDA:228,16,1,0
BRDA:233,17,0,0
BRDA:233,17,1,0
BRDA:255,18,0,0
BRDA:255,18,1,0
BRDA:288,19,0,0
BRDA:288,19,1,0
BRDA:301,20,0,0
BRDA:301,20,1,0
BRDA:336,21,0,0
BRDA:336,21,1,0
BRDA:341,22,0,0
BRDA:341,22,1,0
BRDA:381,23,0,0
BRDA:381,23,1,0
BRDA:382,24,0,0
BRDA:382,24,1,0
BRDA:383,25,0,0
BRDA:383,25,1,0
BRDA:384,26,0,0
BRDA:384,26,1,0
BRDA:385,27,0,0
BRDA:385,27,1,0
BRDA:386,28,0,0
BRDA:386,28,1,0
BRDA:387,29,0,0
BRDA:387,29,1,0
BRDA:387,30,0,0
BRDA:387,30,1,0
BRF:59
BRH:0
end_of_record
TN:
SF:Controller\Customer\customerController.js
FN:5,(anonymous_0)
FN:45,(anonymous_1)
FN:68,(anonymous_2)
FN:106,(anonymous_3)
FN:120,(anonymous_4)
FN:166,(anonymous_5)
FN:179,(anonymous_6)
FN:204,(anonymous_7)
FNF:8
FNH:3
FNDA:5,(anonymous_0)
FNDA:3,(anonymous_1)
FNDA:5,(anonymous_2)
FNDA:0,(anonymous_3)
FNDA:0,(anonymous_4)
FNDA:0,(anonymous_5)
FNDA:0,(anonymous_6)
FNDA:0,(anonymous_7)
DA:5,1
DA:6,5
DA:7,5
DA:10,5
DA:13,5
DA:14,1
DA:18,5
DA:19,5
DA:20,5
DA:23,5
DA:24,1
DA:32,5
DA:37,4
DA:39,1
DA:40,1
DA:45,1
DA:46,3
DA:47,3
DA:49,3
DA:56,2
DA:57,1
DA:60,1
DA:62,1
DA:63,1
DA:68,1
DA:69,5
DA:70,5
DA:73,5
DA:74,2
DA:78,3
DA:84,3
DA:85,1
DA:88,2
DA:89,2
DA:100,1
DA:102,1
DA:105,1
DA:106,0
DA:107,0
DA:111,1
DA:112,0
DA:115,1
DA:120,1
DA:121,0
DA:122,0
DA:123,0
DA:125,0
DA:132,0
DA:133,0
DA:137,0
DA:138,0
DA:145,0
DA:146,0
DA:151,0
DA:161,0
DA:163,0
DA:165,0
DA:166,0
DA:167,0
DA:170,0
DA:171,0
DA:174,0
DA:179,1
DA:180,0
DA:181,0
DA:183,0
DA:190,0
DA:191,0
DA:194,0
DA:196,0
DA:198,0
DA:199,0
DA:204,1
DA:205,0
DA:206,0
DA:214,0
DA:222,0
DA:223,0
LF:78
LH:42
BRDA:13,0,0,1
BRDA:13,0,1,4
BRDA:13,1,0,5
BRDA:13,1,1,1
BRDA:23,2,0,1
BRDA:23,2,1,4
BRDA:56,3,0,1
BRDA:56,3,1,1
BRDA:73,4,0,2
BRDA:73,4,1,3
BRDA:73,5,0,5
BRDA:73,5,1,4
BRDA:84,6,0,1
BRDA:84,6,1,2
BRDA:92,7,0,2
BRDA:92,7,1,2
BRDA:94,8,0,2
BRDA:94,8,1,1
BRDA:95,9,0,2
BRDA:95,9,1,2
BRDA:96,10,0,2
BRDA:96,10,1,1
BRDA:97,11,0,2
BRDA:97,11,1,2
BRDA:105,12,0,0
BRDA:105,12,1,1
BRDA:111,13,0,0
BRDA:111,13,1,1
BRDA:132,14,0,0
BRDA:132,14,1,0
BRDA:137,15,0,0
BRDA:137,15,1,0
BRDA:137,16,0,0
BRDA:137,16,1,0
BRDA:145,17,0,0
BRDA:145,17,1,0
BRDA:152,18,0,0
BRDA:152,18,1,0
BRDA:153,19,0,0
BRDA:153,19,1,0
BRDA:153,20,0,0
BRDA:153,20,1,0
BRDA:154,21,0,0
BRDA:154,21,1,0
BRDA:155,22,0,0
BRDA:155,22,1,0
BRDA:155,23,0,0
BRDA:155,23,1,0
BRDA:156,24,0,0
BRDA:156,24,1,0
BRDA:157,25,0,0
BRDA:157,25,1,0
BRDA:157,26,0,0
BRDA:157,26,1,0
BRDA:158,27,0,0
BRDA:158,27,1,0
BRDA:158,28,0,0
BRDA:158,28,1,0
BRDA:165,29,0,0
BRDA:165,29,1,0
BRDA:170,30,0,0
BRDA:170,30,1,0
BRDA:190,31,0,0
BRDA:190,31,1,0
BRF:64
BRH:26
end_of_record
TN:
SF:Controller\Dashboard\dashboardController.js
FN:5,(anonymous_0)
FN:87,(anonymous_1)
FN:134,(anonymous_2)
FN:137,(anonymous_3)
FN:145,(anonymous_4)
FN:153,(anonymous_5)
FN:166,(anonymous_6)
FN:174,(anonymous_7)
FN:184,(anonymous_8)
FN:202,(anonymous_9)
FN:211,(anonymous_10)
FN:213,(anonymous_11)
FN:216,(anonymous_12)
FN:220,(anonymous_13)
FN:228,(anonymous_14)
FN:275,(anonymous_15)
FN:293,(anonymous_16)
FNF:17
FNH:0
FNDA:0,(anonymous_0)
FNDA:0,(anonymous_1)
FNDA:0,(anonymous_2)
FNDA:0,(anonymous_3)
FNDA:0,(anonymous_4)
FNDA:0,(anonymous_5)
FNDA:0,(anonymous_6)
FNDA:0,(anonymous_7)
FNDA:0,(anonymous_8)
FNDA:0,(anonymous_9)
FNDA:0,(anonymous_10)
FNDA:0,(anonymous_11)
FNDA:0,(anonymous_12)
FNDA:0,(anonymous_13)
FNDA:0,(anonymous_14)
FNDA:0,(anonymous_15)
FNDA:0,(anonymous_16)
DA:5,0
DA:6,0
DA:9,0
DA:10,0
DA:11,0
DA:12,0
DA:13,0
DA:14,0
DA:23,0
DA:32,0
DA:40,0
DA:49,0
DA:56,0
DA:65,0
DA:71,0
DA:87,0
DA:88,0
DA:89,0
DA:90,0
DA:91,0
DA:94,0
DA:95,0
DA:97,0
DA:98,0
DA:101,0
DA:102,0
DA:103,0
DA:106,0
DA:107,0
DA:108,0
DA:109,0
DA:110,0
DA:111,0
DA:112,0
DA:113,0
DA:114,0
DA:116,0
DA:118,0
DA:123,0
DA:126,0
DA:127,0
DA:134,0
DA:137,0
DA:145,0
DA:153,0
DA:166,0
DA:174,0
DA:184,0
DA:202,0
DA:205,0
DA:207,0
DA:211,0
DA:212,0
DA:213,0
DA:216,0
DA:217,0
DA:218,0
DA:219,0
DA:220,0
DA:223,0
DA:224,0
DA:225,0
DA:226,0
DA:227,0
DA:228,0
DA:230,0
DA:239,0
DA:242,0
DA:243,0
DA:244,0
DA:247,0
DA:267,0
DA:269,0
DA:270,0
DA:275,0
DA:276,0
DA:277,0
DA:278,0
DA:280,0
DA:285,0
DA:287,0
DA:288,0
DA:293,0
DA:294,0
DA:295,0
DA:297,0
DA:302,0
DA:304,0
DA:305,0
LF:89
LH:0
BRDA:101,0,0,0
BRDA:101,0,1,0
BRDA:212,1,0,0
BRDA:212,1,1,0
BRDA:217,2,0,0
BRDA:217,2,1,0
BRDA:219,3,0,0
BRDA:219,3,1,0
BRDA:233,4,0,0
BRDA:233,4,1,0
BRDA:234,5,0,0
BRDA:234,5,1,0
BRDA:239,6,0,0
BRDA:239,6,1,0
BRDA:239,6,2,0
BRDA:239,6,3,0
BRDA:242,7,0,0
BRDA:242,7,1,0
BRDA:251,8,0,0
BRDA:251,8,1,0
BRF:20
BRH:0
end_of_record
TN:
SF:Controller\Inventory\inventoryController.js
FN:7,(anonymous_0)
FN:65,(anonymous_1)
FN:164,(anonymous_2)
FN:201,(anonymous_3)
FNF:4
FNH:2
FNDA:5,(anonymous_0)
FNDA:5,(anonymous_1)
FNDA:0,(anonymous_2)
FNDA:0,(anonymous_3)
DA:7,1
DA:8,5
DA:9,5
DA:11,5
DA:16,5
DA:17,1
DA:21,5
DA:22,1
DA:25,1
DA:27,1
DA:28,1
DA:30,0
DA:31,0
DA:33,0
DA:34,0
DA:36,0
DA:39,1
DA:40,1
DA:41,1
DA:47,5
DA:57,4
DA:59,1
DA:60,1
DA:65,1
DA:66,5
DA:68,5
DA:69,5
DA:72,5
DA:73,1
DA:74,1
DA:77,4
DA:78,1
DA:79,1
DA:82,3
DA:83,2
DA:84,2
DA:88,1
DA:94,1
DA:95,1
DA:96,1
DA:99,0
DA:103,0
DA:104,0
DA:105,0
DA:106,0
DA:107,0
DA:108,0
DA:112,0
DA:114,0
DA:115,0
DA:119,0
DA:122,0
DA:125,0
DA:142,0
DA:144,0
DA:147,0
DA:155,0
DA:157,0
DA:158,0
DA:159,0
DA:164,1
DA:165,0
DA:166,0
DA:167,0
DA:169,0
DA:176,0
DA:177,0
DA:181,0
DA:182,0
DA:185,0
DA:193,0
DA:195,0
DA:196,0
DA:201,1
DA:202,0
DA:204,0
DA:205,0
DA:207,0
DA:215,0
DA:216,0
DA:217,0
DA:221,0
DA:222,0
DA:228,0
DA:230,0
DA:231,0
DA:233,0
DA:237,0
DA:239,0
DA:243,0
DA:244,0
DA:246,0
DA:248,0
DA:249,0
DA:250,0
LF:95
LH:37
BRDA:16,0,0,1
BRDA:16,0,1,4
BRDA:16,1,0,5
BRDA:16,1,1,1
BRDA:21,2,0,1
BRDA:21,2,1,4
BRDA:21,3,0,5
BRDA:21,3,1,1
BRDA:25,4,0,1
BRDA:25,4,1,0
BRDA:25,4,2,0
BRDA:25,4,3,0
BRDA:39,5,0,1
BRDA:39,5,1,0
BRDA:72,6,0,1
BRDA:72,6,1,4
BRDA:72,7,0,5
BRDA:72,7,1,4
BRDA:72,7,2,4
BRDA:77,8,0,1
BRDA:77,8,1,3
BRDA:82,9,0,2
BRDA:82,9,1,1
BRDA:82,10,0,3
BRDA:82,10,1,1
BRDA:94,11,0,1
BRDA:94,11,1,0
BRDA:99,12,0,0
BRDA:99,12,1,0
BRDA:103,13,0,0
BRDA:103,13,1,0
BRDA:105,14,0,0
BRDA:105,14,1,0
BRDA:106,15,0,0
BRDA:106,15,1,0
BRDA:128,16,0,0
BRDA:128,16,1,0
BRDA:132,17,0,0
BRDA:132,17,1,0
BRDA:135,18,0,0
BRDA:135,18,1,0
BRDA:176,19,0,0
BRDA:176,19,1,0
BRDA:181,20,0,0
BRDA:181,20,1,0
BRDA:181,21,0,0
BRDA:181,21,1,0
BRDA:186,22,0,0
BRDA:186,22,1,0
BRDA:187,23,0,0
BRDA:187,23,1,0
BRDA:188,24,0,0
BRDA:188,24,1,0
BRDA:189,25,0,0
BRDA:189,25,1,0
BRDA:190,26,0,0
BRDA:190,26,1,0
BRDA:215,27,0,0
BRDA:215,27,1,0
BRDA:221,28,0,0
BRDA:221,28,1,0
BRDA:221,29,0,0
BRDA:221,29,1,0
BRDA:228,30,0,0
BRDA:228,30,1,0
BRDA:230,31,0,0
BRDA:230,31,1,0
BRDA:231,32,0,0
BRDA:231,32,1,0
BRDA:233,33,0,0
BRDA:233,33,1,0
BRF:71
BRH:22
end_of_record
TN:
SF:Controller\Invoice\invoiceController.js
FN:5,(anonymous_0)
FN:12,(anonymous_1)
FN:34,(anonymous_2)
FN:39,(anonymous_3)
FN:66,(anonymous_4)
FN:84,(anonymous_5)
FN:108,(anonymous_6)
FN:255,(anonymous_7)
FN:295,(anonymous_8)
FNF:9
FNH:0
FNDA:0,(anonymous_0)
FNDA:0,(anonymous_1)
FNDA:0,(anonymous_2)
FNDA:0,(anonymous_3)
FNDA:0,(anonymous_4)
FNDA:0,(anonymous_5)
FNDA:0,(anonymous_6)
FNDA:0,(anonymous_7)
FNDA:0,(anonymous_8)
DA:5,0
DA:6,0
DA:7,0
DA:8,0
DA:9,0
DA:12,0
DA:13,0
DA:14,0
DA:15,0
DA:17,0
DA:18,0
DA:20,0
DA:21,0
DA:25,0
DA:26,0
DA:27,0
DA:31,0
DA:34,0
DA:35,0
DA:36,0
DA:37,0
DA:39,0
DA:40,0
DA:41,0
DA:42,0
DA:43,0
DA:44,0
DA:46,0
DA:47,0
DA:48,0
DA:50,0
DA:62,0
DA:63,0
DA:66,0
DA:67,0
DA:68,0
DA:77,0
DA:79,0
DA:80,0
DA:84,0
DA:85,0
DA:86,0
DA:88,0
DA:97,0
DA:98,0
DA:101,0
DA:103,0
DA:104,0
DA:108,0
DA:109,0
DA:111,0
DA:124,0
DA:126,0
DA:127,0
DA:128,0
DA:129,0
DA:132,0
DA:133,0
DA:134,0
DA:135,0
DA:136,0
DA:138,0
DA:139,0
DA:140,0
DA:143,0
DA:144,0
DA:152,0
DA:153,0
DA:154,0
DA:157,0
DA:158,0
DA:159,0
DA:162,0
DA:163,0
DA:164,0
DA:167,0
DA:168,0
DA:171,0
DA:172,0
DA:173,0
DA:176,0
DA:177,0
DA:178,0
DA:182,0
DA:186,0
DA:187,0
DA:188,0
DA:193,0
DA:194,0
DA:195,0
DA:201,0
DA:202,0
DA:203,0
DA:206,0
DA:207,0
DA:208,0
DA:211,0
DA:212,0
DA:213,0
DA:218,0
DA:221,0
DA:222,0
DA:223,0
DA:224,0
DA:228,0
DA:229,0
DA:232,0
DA:234,0
DA:254,0
DA:255,0
DA:264,0
DA:265,0
DA:266,0
DA:272,0
DA:273,0
DA:277,0
DA:279,0
DA:287,0
DA:289,0
DA:290,0
DA:291,0
DA:295,0
DA:296,0
DA:298,0
DA:299,0
DA:307,0
DA:309,0
DA:314,0
DA:315,0
DA:316,0
DA:319,0
DA:320,0
DA:321,0
DA:324,0
DA:325,0
DA:326,0
DA:327,0
DA:330,0
DA:332,0
DA:341,0
DA:342,0
DA:346,0
DA:347,0
DA:353,0
DA:354,0
DA:355,0
DA:358,0
DA:359,0
DA:360,0
DA:363,0
DA:364,0
DA:365,0
DA:370,0
DA:376,0
DA:377,0
DA:381,0
DA:383,0
DA:390,0
DA:392,0
DA:393,0
DA:394,0
LF:161
LH:0
BRDA:13,0,0,0
BRDA:13,0,1,0
BRDA:14,1,0,0
BRDA:14,1,1,0
BRDA:17,2,0,0
BRDA:17,2,1,0
BRDA:20,3,0,0
BRDA:20,3,1,0
BRDA:20,4,0,0
BRDA:20,4,1,0
BRDA:20,4,2,0
BRDA:25,5,0,0
BRDA:25,5,1,0
BRDA:26,6,0,0
BRDA:26,6,1,0
BRDA:26,7,0,0
BRDA:26,7,1,0
BRDA:41,8,0,0
BRDA:41,8,1,0
BRDA:43,9,0,0
BRDA:43,9,1,0
BRDA:56,10,0,0
BRDA:56,10,1,0
BRDA:57,11,0,0
BRDA:57,11,1,0
BRDA:97,12,0,0
BRDA:97,12,1,0
BRDA:127,13,0,0
BRDA:127,13,1,0
BRDA:132,14,0,0
BRDA:132,14,1,0
BRDA:136,15,0,0
BRDA:136,15,1,0
BRDA:139,16,0,0
BRDA:139,16,1,0
BRDA:143,17,0,0
BRDA:143,17,1,0
BRDA:152,18,0,0
BRDA:152,18,1,0
BRDA:157,19,0,0
BRDA:157,19,1,0
BRDA:157,20,0,0
BRDA:157,20,1,0
BRDA:162,21,0,0
BRDA:162,21,1,0
BRDA:171,22,0,0
BRDA:171,22,1,0
BRDA:176,23,0,0
BRDA:176,23,1,0
BRDA:176,24,0,0
BRDA:176,24,1,0
BRDA:186,25,0,0
BRDA:186,25,1,0
BRDA:201,26,0,0
BRDA:201,26,1,0
BRDA:206,27,0,0
BRDA:206,27,1,0
BRDA:206,28,0,0
BRDA:206,28,1,0
BRDA:211,29,0,0
BRDA:211,29,1,0
BRDA:218,30,0,0
BRDA:218,30,1,0
BRDA:221,31,0,0
BRDA:221,31,1,0
BRDA:222,32,0,0
BRDA:222,32,1,0
BRDA:223,33,0,0
BRDA:223,33,1,0
BRDA:224,34,0,0
BRDA:224,34,1,0
BRDA:224,35,0,0
BRDA:224,35,1,0
BRDA:229,36,0,0
BRDA:229,36,1,0
BRDA:230,37,0,0
BRDA:230,37,1,0
BRDA:231,38,0,0
BRDA:231,38,1,0
BRDA:236,39,0,0
BRDA:236,39,1,0
BRDA:247,40,0,0
BRDA:247,40,1,0
BRDA:248,41,0,0
BRDA:248,41,1,0
BRDA:249,42,0,0
BRDA:249,42,1,0
BRDA:250,43,0,0
BRDA:250,43,1,0
BRDA:258,44,0,0
BRDA:258,44,1,0
BRDA:264,45,0,0
BRDA:264,45,1,0
BRDA:272,46,0,0
BRDA:272,46,1,0
BRDA:314,47,0,0
BRDA:314,47,1,0
BRDA:319,48,0,0
BRDA:319,48,1,0
BRDA:325,49,0,0
BRDA:325,49,1,0
BRDA:330,50,0,0
BRDA:330,50,1,0
BRDA:333,51,0,0
BRDA:333,51,1,0
BRDA:334,52,0,0
BRDA:334,52,1,0
BRDA:335,53,0,0
BRDA:335,53,1,0
BRDA:336,54,0,0
BRDA:336,54,1,0
BRDA:338,55,0,0
BRDA:338,55,1,0
BRDA:341,56,0,0
BRDA:341,56,1,0
BRDA:353,57,0,0
BRDA:353,57,1,0
BRDA:358,58,0,0
BRDA:358,58,1,0
BRDA:358,59,0,0
BRDA:358,59,1,0
BRDA:363,60,0,0
BRDA:363,60,1,0
BRDA:376,61,0,0
BRDA:376,61,1,0
BRDA:376,62,0,0
BRDA:376,62,1,0
BRF:127
BRH:0
end_of_record
TN:
SF:Controller\Items\itemController.js
FN:5,(anonymous_0)
FN:37,(anonymous_1)
FN:51,(anonymous_2)
FN:76,(anonymous_3)
FNF:4
FNH:4
FNDA:5,(anonymous_0)
FNDA:3,(anonymous_1)
FNDA:3,(anonymous_2)
FNDA:2,(anonymous_3)
DA:5,1
DA:6,5
DA:7,5
DA:10,5
DA:11,3
DA:14,2
DA:29,1
DA:31,1
DA:32,1
DA:37,1
DA:38,3
DA:39,3
DA:43,2
DA:45,1
DA:46,1
DA:51,1
DA:52,3
DA:53,3
DA:54,3
DA:56,3
DA:63,2
DA:64,1
DA:67,1
DA:68,1
DA:70,1
DA:71,1
DA:76,1
DA:77,2
DA:78,2
DA:80,2
DA:87,2
DA:88,1
DA:91,1
DA:92,1
DA:94,0
DA:95,0
LF:36
LH:34
BRDA:10,0,0,3
BRDA:10,0,1,2
BRDA:10,1,0,5
BRDA:10,1,1,4
BRDA:10,1,2,3
BRDA:10,1,3,2
BRDA:23,2,0,2
BRDA:23,2,1,1
BRDA:24,3,0,2
BRDA:24,3,1,1
BRDA:26,4,0,2
BRDA:26,4,1,2
BRDA:63,5,0,1
BRDA:63,5,1,1
BRDA:87,6,0,1
BRDA:87,6,1,1
BRF:16
BRH:16
end_of_record
TN:
SF:Controller\ItemsGroup\diseaseCategoryController.js
FN:5,(anonymous_0)
FN:19,(anonymous_1)
FN:46,(anonymous_2)
FN:80,(anonymous_3)
FN:101,(anonymous_4)
FNF:5
FNH:0
FNDA:0,(anonymous_0)
FNDA:0,(anonymous_1)
FNDA:0,(anonymous_2)
FNDA:0,(anonymous_3)
FNDA:0,(anonymous_4)
DA:5,0
DA:6,0
DA:7,0
DA:11,0
DA:13,0
DA:14,0
DA:19,0
DA:20,0
DA:21,0
DA:23,0
DA:24,0
DA:28,0
DA:29,0
DA:30,0
DA:33,0
DA:38,0
DA:40,0
DA:41,0
DA:46,0
DA:47,0
DA:48,0
DA:49,0
DA:51,0
DA:52,0
DA:53,0
DA:56,0
DA:58,0
DA:61,0
DA:62,0
DA:64,0
DA:67,0
DA:68,0
DA:71,0
DA:72,0
DA:74,0
DA:75,0
DA:80,0
DA:81,0
DA:82,0
DA:84,0
DA:85,0
DA:86,0
DA:90,0
DA:91,0
DA:93,0
DA:95,0
DA:96,0
DA:101,0
DA:102,0
DA:103,0
DA:105,0
DA:106,0
DA:107,0
DA:110,0
DA:111,0
DA:113,0
DA:114,0
LF:57
LH:0
BRDA:23,0,0,0
BRDA:23,0,1,0
BRDA:23,1,0,0
BRDA:23,1,1,0
BRDA:29,2,0,0
BRDA:29,2,1,0
BRDA:35,3,0,0
BRDA:35,3,1,0
BRDA:52,4,0,0
BRDA:52,4,1,0
BRDA:56,5,0,0
BRDA:56,5,1,0
BRDA:56,6,0,0
BRDA:56,6,1,0
BRDA:61,7,0,0
BRDA:61,7,1,0
BRDA:61,8,0,0
BRDA:61,8,1,0
BRDA:67,9,0,0
BRDA:67,9,1,0
BRDA:68,10,0,0
BRDA:68,10,1,0
BRDA:85,11,0,0
BRDA:85,11,1,0
BRDA:106,12,0,0
BRDA:106,12,1,0
BRF:26
BRH:0
end_of_record
TN:
SF:Controller\ItemsGroup\index.js
FNF:0
FNH:0
LF:0
LH:0
BRF:0
BRH:0
end_of_record
TN:
SF:Controller\ItemsGroup\itemsGroupController.js
FN:8,(anonymous_0)
FN:58,(anonymous_1)
FN:93,(anonymous_2)
FN:152,(anonymous_3)
FN:218,(anonymous_4)
FN:244,(anonymous_5)
FNF:6
FNH:0
FNDA:0,(anonymous_0)
FNDA:0,(anonymous_1)
FNDA:0,(anonymous_2)
FNDA:0,(anonymous_3)
FNDA:0,(anonymous_4)
FNDA:0,(anonymous_5)
DA:8,0
DA:9,0
DA:10,0
DA:13,0
DA:18,0
DA:19,0
DA:25,0
DA:26,0
DA:29,0
DA:30,0
DA:33,0
DA:50,0
DA:52,0
DA:53,0
DA:58,0
DA:59,0
DA:60,0
DA:62,0
DA:81,0
DA:82,0
DA:85,0
DA:87,0
DA:88,0
DA:93,0
DA:94,0
DA:95,0
DA:98,0
DA:99,0
DA:101,0
DA:102,0
DA:104,0
DA:105,0
DA:109,0
DA:110,0
DA:111,0
DA:115,0
DA:116,0
DA:117,0
DA:120,0
DA:129,0
DA:144,0
DA:146,0
DA:147,0
DA:152,0
DA:153,0
DA:154,0
DA:155,0
DA:157,0
DA:163,0
DA:164,0
DA:168,0
DA:169,0
DA:172,0
DA:173,0
DA:174,0
DA:175,0
DA:177,0
DA:180,0
DA:181,0
DA:182,0
DA:183,0
DA:185,0
DA:188,0
DA:189,0
DA:192,0
DA:195,0
DA:210,0
DA:212,0
DA:213,0
DA:218,0
DA:219,0
DA:220,0
DA:222,0
DA:228,0
DA:229,0
DA:233,0
DA:234,0
DA:236,0
DA:238,0
DA:239,0
DA:244,0
DA:245,0
DA:246,0
DA:248,0
DA:254,0
DA:255,0
DA:258,0
DA:259,0
DA:261,0
DA:262,0
LF:90
LH:0
BRDA:18,0,0,0
BRDA:18,0,1,0
BRDA:25,1,0,0
BRDA:25,1,1,0
BRDA:29,2,0,0
BRDA:29,2,1,0
BRDA:81,3,0,0
BRDA:81,3,1,0
BRDA:98,4,0,0
BRDA:98,4,1,0
BRDA:98,5,0,0
BRDA:98,5,1,0
BRDA:101,6,0,0
BRDA:101,6,1,0
BRDA:104,7,0,0
BRDA:104,7,1,0
BRDA:110,8,0,0
BRDA:110,8,1,0
BRDA:116,9,0,0
BRDA:116,9,1,0
BRDA:125,10,0,0
BRDA:125,10,1,0
BRDA:163,11,0,0
BRDA:163,11,1,0
BRDA:168,12,0,0
BRDA:168,12,1,0
BRDA:168,13,0,0
BRDA:168,13,1,0
BRDA:172,14,0,0
BRDA:172,14,1,0
BRDA:174,15,0,0
BRDA:174,15,1,0
BRDA:180,16,0,0
BRDA:180,16,1,0
BRDA:182,17,0,0
BRDA:182,17,1,0
BRDA:188,18,0,0
BRDA:188,18,1,0
BRDA:189,19,0,0
BRDA:189,19,1,0
BRDA:228,20,0,0
BRDA:228,20,1,0
BRDA:254,21,0,0
BRDA:254,21,1,0
BRF:44
BRH:0
end_of_record
TN:
SF:Controller\ItemsGroup\medicineTypeController.js
FN:5,(anonymous_0)
FN:19,(anonymous_1)
FN:46,(anonymous_2)
FN:80,(anonymous_3)
FN:101,(anonymous_4)
FNF:5
FNH:0
FNDA:0,(anonymous_0)
FNDA:0,(anonymous_1)
FNDA:0,(anonymous_2)
FNDA:0,(anonymous_3)
FNDA:0,(anonymous_4)
DA:5,0
DA:6,0
DA:7,0
DA:11,0
DA:13,0
DA:14,0
DA:19,0
DA:20,0
DA:21,0
DA:23,0
DA:24,0
DA:28,0
DA:29,0
DA:30,0
DA:33,0
DA:38,0
DA:40,0
DA:41,0
DA:46,0
DA:47,0
DA:48,0
DA:49,0
DA:51,0
DA:52,0
DA:53,0
DA:56,0
DA:58,0
DA:61,0
DA:62,0
DA:64,0
DA:67,0
DA:68,0
DA:71,0
DA:72,0
DA:74,0
DA:75,0
DA:80,0
DA:81,0
DA:82,0
DA:84,0
DA:85,0
DA:86,0
DA:90,0
DA:91,0
DA:93,0
DA:95,0
DA:96,0
DA:101,0
DA:102,0
DA:103,0
DA:105,0
DA:106,0
DA:107,0
DA:110,0
DA:111,0
DA:113,0
DA:114,0
LF:57
LH:0
BRDA:23,0,0,0
BRDA:23,0,1,0
BRDA:23,1,0,0
BRDA:23,1,1,0
BRDA:29,2,0,0
BRDA:29,2,1,0
BRDA:35,3,0,0
BRDA:35,3,1,0
BRDA:52,4,0,0
BRDA:52,4,1,0
BRDA:56,5,0,0
BRDA:56,5,1,0
BRDA:56,6,0,0
BRDA:56,6,1,0
BRDA:61,7,0,0
BRDA:61,7,1,0
BRDA:61,8,0,0
BRDA:61,8,1,0
BRDA:67,9,0,0
BRDA:67,9,1,0
BRDA:68,10,0,0
BRDA:68,10,1,0
BRDA:85,11,0,0
BRDA:85,11,1,0
BRDA:106,12,0,0
BRDA:106,12,1,0
BRF:26
BRH:0
end_of_record
TN:
SF:Controller\Notification\notificationController.js
FN:4,(anonymous_0)
FN:16,(anonymous_1)
FN:36,(anonymous_2)
FN:53,(anonymous_3)
FN:71,(anonymous_4)
FN:86,(anonymous_5)
FN:97,(anonymous_6)
FNF:7
FNH:0
FNDA:0,(anonymous_0)
FNDA:0,(anonymous_1)
FNDA:0,(anonymous_2)
FNDA:0,(anonymous_3)
FNDA:0,(anonymous_4)
FNDA:0,(anonymous_5)
FNDA:0,(anonymous_6)
DA:4,0
DA:5,0
DA:7,0
DA:16,0
DA:17,0
DA:26,0
DA:36,0
DA:37,0
DA:46,0
DA:47,0
DA:50,0
DA:53,0
DA:54,0
DA:55,0
DA:57,0
DA:62,0
DA:63,0
DA:64,0
DA:70,0
DA:71,0
DA:81,0
DA:82,0
DA:86,0
DA:87,0
DA:88,0
DA:89,0
DA:90,0
DA:92,0
DA:93,0
DA:97,0
DA:98,0
DA:99,0
DA:100,0
DA:101,0
DA:102,0
DA:104,0
DA:105,0
LF:37
LH:0
BRDA:46,0,0,0
BRDA:46,0,1,0
BRDA:62,1,0,0
BRDA:62,1,1,0
BRF:4
BRH:0
end_of_record
TN:
SF:Controller\Payment\paymentController.js
FN:6,(anonymous_0)
FN:79,(anonymous_1)
FN:115,(anonymous_2)
FN:210,(anonymous_3)
FN:258,(anonymous_4)
FNF:5
FNH:0
FNDA:0,(anonymous_0)
FNDA:0,(anonymous_1)
FNDA:0,(anonymous_2)
FNDA:0,(anonymous_3)
FNDA:0,(anonymous_4)
DA:6,0
DA:7,0
DA:8,0
DA:9,0
DA:11,0
DA:13,0
DA:14,0
DA:21,0
DA:22,0
DA:25,0
DA:26,0
DA:29,0
DA:30,0
DA:35,0
DA:62,0
DA:73,0
DA:74,0
DA:79,0
DA:80,0
DA:81,0
DA:103,0
DA:104,0
DA:107,0
DA:109,0
DA:110,0
DA:115,0
DA:116,0
DA:118,0
DA:130,0
DA:133,0
DA:134,0
DA:135,0
DA:136,0
DA:140,0
DA:141,0
DA:144,0
DA:160,0
DA:161,0
DA:163,0
DA:170,0
DA:171,0
DA:172,0
DA:173,0
DA:175,0
DA:176,0
DA:177,0
DA:178,0
DA:179,0
DA:182,0
DA:191,0
DA:194,0
DA:201,0
DA:203,0
DA:204,0
DA:205,0
DA:210,0
DA:211,0
DA:213,0
DA:214,0
DA:220,0
DA:221,0
DA:222,0
DA:226,0
DA:227,0
DA:228,0
DA:229,0
DA:230,0
DA:232,0
DA:233,0
DA:234,0
DA:237,0
DA:245,0
DA:246,0
DA:248,0
DA:249,0
DA:251,0
DA:252,0
DA:253,0
DA:258,0
DA:259,0
DA:260,0
DA:261,0
DA:262,0
DA:263,0
DA:265,0
DA:292,0
DA:302,0
DA:314,0
DA:315,0
LF:89
LH:0
BRDA:8,0,0,0
BRDA:8,1,0,0
BRDA:13,2,0,0
BRDA:13,2,1,0
BRDA:21,3,0,0
BRDA:21,3,1,0
BRDA:25,4,0,0
BRDA:25,4,1,0
BRDA:29,5,0,0
BRDA:29,5,1,0
BRDA:29,6,0,0
BRDA:29,6,1,0
BRDA:103,7,0,0
BRDA:103,7,1,0
BRDA:129,8,0,0
BRDA:140,9,0,0
BRDA:140,9,1,0
BRDA:160,10,0,0
BRDA:160,10,1,0
BRDA:171,11,0,0
BRDA:171,11,1,0
BRDA:176,12,0,0
BRDA:176,12,1,0
BRDA:178,13,0,0
BRDA:178,13,1,0
BRDA:220,14,0,0
BRDA:220,14,1,0
BRDA:228,15,0,0
BRDA:228,15,1,0
BRDA:233,16,0,0
BRDA:233,16,1,0
BRDA:233,17,0,0
BRDA:233,17,1,0
BRDA:305,18,0,0
BRDA:305,18,1,0
BRDA:306,19,0,0
BRDA:306,19,1,0
BRDA:307,20,0,0
BRDA:307,20,1,0
BRDA:308,21,0,0
BRDA:308,21,1,0
BRDA:309,22,0,0
BRDA:309,22,1,0
BRF:43
BRH:0
end_of_record
TN:
SF:Controller\PurchaseOrder\purchaseOrderController.js
FN:9,(anonymous_0)
FN:17,(anonymous_1)
FN:66,(anonymous_2)
FN:95,(anonymous_3)
FN:102,(anonymous_4)
FN:198,(anonymous_5)
FN:250,(anonymous_6)
FN:321,(anonymous_7)
FN:392,(anonymous_8)
FN:415,(anonymous_9)
FN:438,(anonymous_10)
FNF:11
FNH:0
FNDA:0,(anonymous_0)
FNDA:0,(anonymous_1)
FNDA:0,(anonymous_2)
FNDA:0,(anonymous_3)
FNDA:0,(anonymous_4)
FNDA:0,(anonymous_5)
FNDA:0,(anonymous_6)
FNDA:0,(anonymous_7)
FNDA:0,(anonymous_8)
FNDA:0,(anonymous_9)
FNDA:0,(anonymous_10)
DA:9,0
DA:10,0
DA:11,0
DA:12,0
DA:13,0
DA:17,0
DA:18,0
DA:19,0
DA:21,0
DA:22,0
DA:23,0
DA:24,0
DA:29,0
DA:31,0
DA:54,0
DA:66,0
DA:67,0
DA:87,0
DA:88,0
DA:91,0
DA:95,0
DA:96,0
DA:97,0
DA:98,0
DA:99,0
DA:102,0
DA:103,0
DA:105,0
DA:117,0
DA:119,0
DA:120,0
DA:121,0
DA:124,0
DA:125,0
DA:126,0
DA:129,0
DA:130,0
DA:131,0
DA:134,0
DA:135,0
DA:136,0
DA:138,0
DA:139,0
DA:140,0
DA:142,0
DA:143,0
DA:145,0
DA:148,0
DA:149,0
DA:151,0
DA:152,0
DA:153,0
DA:156,0
DA:158,0
DA:160,0
DA:162,0
DA:163,0
DA:164,0
DA:165,0
DA:166,0
DA:185,0
DA:186,0
DA:187,0
DA:192,0
DA:194,0
DA:198,0
DA:199,0
DA:200,0
DA:202,0
DA:203,0
DA:205,0
DA:208,0
DA:209,0
DA:210,0
DA:212,0
DA:226,0
DA:228,0
DA:231,0
DA:242,0
DA:244,0
DA:245,0
DA:250,0
DA:251,0
DA:253,0
DA:254,0
DA:267,0
DA:269,0
DA:273,0
DA:274,0
DA:275,0
DA:279,0
DA:280,0
DA:281,0
DA:285,0
DA:286,0
DA:287,0
DA:288,0
DA:290,0
DA:291,0
DA:292,0
DA:293,0
DA:295,0
DA:296,0
DA:297,0
DA:299,0
DA:300,0
DA:302,0
DA:305,0
DA:306,0
DA:308,0
DA:309,0
DA:310,0
DA:313,0
DA:316,0
DA:321,0
DA:322,0
DA:323,0
DA:325,0
DA:326,0
DA:328,0
DA:331,0
DA:332,0
DA:333,0
DA:335,0
DA:349,0
DA:353,0
DA:370,0
DA:373,0
DA:384,0
DA:386,0
DA:387,0
DA:392,0
DA:393,0
DA:394,0
DA:396,0
DA:397,0
DA:398,0
DA:401,0
DA:405,0
DA:406,0
DA:409,0
DA:411,0
DA:415,0
DA:416,0
DA:418,0
DA:422,0
DA:423,0
DA:427,0
DA:428,0
DA:431,0
DA:432,0
DA:434,0
DA:438,0
DA:439,0
DA:440,0
LF:155
LH:0
BRDA:18,0,0,0
BRDA:18,1,0,0
BRDA:21,2,0,0
BRDA:21,2,1,0
BRDA:22,3,0,0
BRDA:22,3,1,0
BRDA:23,4,0,0
BRDA:23,4,1,0
BRDA:23,5,0,0
BRDA:23,5,1,0
BRDA:87,6,0,0
BRDA:87,6,1,0
BRDA:96,7,0,0
BRDA:96,7,1,0
BRDA:98,8,0,0
BRDA:98,8,1,0
BRDA:119,9,0,0
BRDA:119,9,1,0
BRDA:124,10,0,0
BRDA:124,10,1,0
BRDA:124,11,0,0
BRDA:124,11,1,0
BRDA:142,12,0,0
BRDA:142,12,1,0
BRDA:145,13,0,0
BRDA:145,13,1,0
BRDA:156,14,0,0
BRDA:156,14,1,0
BRDA:162,15,0,0
BRDA:162,15,1,0
BRDA:170,16,0,0
BRDA:170,16,1,0
BRDA:176,17,0,0
BRDA:176,17,1,0
BRDA:186,18,0,0
BRDA:186,18,1,0
BRDA:186,19,0,0
BRDA:186,19,1,0
BRDA:192,20,0,0
BRDA:192,20,1,0
BRDA:202,21,0,0
BRDA:202,21,1,0
BRDA:205,22,0,0
BRDA:205,22,1,0
BRDA:218,23,0,0
BRDA:218,23,1,0
BRDA:219,24,0,0
BRDA:219,24,1,0
BRDA:220,25,0,0
BRDA:220,25,1,0
BRDA:273,26,0,0
BRDA:273,26,1,0
BRDA:279,27,0,0
BRDA:279,27,1,0
BRDA:290,28,0,0
BRDA:290,28,1,0
BRDA:290,29,0,0
BRDA:290,29,1,0
BRDA:299,30,0,0
BRDA:299,30,1,0
BRDA:302,31,0,0
BRDA:302,31,1,0
BRDA:313,32,0,0
BRDA:313,32,1,0
BRDA:313,32,2,0
BRDA:325,33,0,0
BRDA:325,33,1,0
BRDA:328,34,0,0
BRDA:328,34,1,0
BRDA:339,35,0,0
BRDA:339,35,1,0
BRDA:341,36,0,0
BRDA:341,36,1,0
BRDA:342,37,0,0
BRDA:342,37,1,0
BRDA:343,38,0,0
BRDA:343,38,1,0
BRDA:354,39,0,0
BRDA:354,39,1,0
BRDA:355,40,0,0
BRDA:355,40,1,0
BRDA:356,41,0,0
BRDA:356,41,1,0
BRDA:357,42,0,0
BRDA:357,42,1,0
BRDA:358,43,0,0
BRDA:358,43,1,0
BRDA:359,44,0,0
BRDA:359,44,1,0
BRDA:360,45,0,0
BRDA:360,45,1,0
BRDA:361,46,0,0
BRDA:361,46,1,0
BRDA:366,47,0,0
BRDA:366,47,1,0
BRDA:367,48,0,0
BRDA:367,48,1,0
BRDA:397,49,0,0
BRDA:397,49,1,0
BRDA:405,50,0,0
BRDA:405,50,1,0
BRDA:422,51,0,0
BRDA:422,51,1,0
BRDA:427,52,0,0
BRDA:427,52,1,0
BRF:105
BRH:0
end_of_record
TN:
SF:Controller\PurchaseReceive\purchaseReceiveController.js
FN:9,(anonymous_0)
FN:28,(anonymous_1)
FN:77,(anonymous_2)
FN:106,(anonymous_3)
FN:223,(anonymous_4)
FN:244,(anonymous_5)
FN:280,(anonymous_6)
FNF:7
FNH:0
FNDA:0,(anonymous_0)
FNDA:0,(anonymous_1)
FNDA:0,(anonymous_2)
FNDA:0,(anonymous_3)
FNDA:0,(anonymous_4)
FNDA:0,(anonymous_5)
FNDA:0,(anonymous_6)
DA:9,0
DA:10,0
DA:11,0
DA:13,0
DA:18,0
DA:19,0
DA:20,0
DA:21,0
DA:24,0
DA:28,0
DA:29,0
DA:30,0
DA:32,0
DA:33,0
DA:34,0
DA:35,0
DA:40,0
DA:42,0
DA:65,0
DA:77,0
DA:78,0
DA:98,0
DA:99,0
DA:102,0
DA:106,0
DA:107,0
DA:109,0
DA:110,0
DA:112,0
DA:113,0
DA:114,0
DA:117,0
DA:118,0
DA:119,0
DA:122,0
DA:125,0
DA:126,0
DA:127,0
DA:129,0
DA:130,0
DA:131,0
DA:133,0
DA:134,0
DA:136,0
DA:139,0
DA:140,0
DA:142,0
DA:143,0
DA:144,0
DA:147,0
DA:149,0
DA:168,0
DA:169,0
DA:170,0
DA:172,0
DA:173,0
DA:175,0
DA:178,0
DA:179,0
DA:180,0
DA:182,0
DA:199,0
DA:206,0
DA:208,0
DA:215,0
DA:217,0
DA:218,0
DA:223,0
DA:224,0
DA:228,0
DA:229,0
DA:232,0
DA:233,0
DA:236,0
DA:238,0
DA:240,0
DA:244,0
DA:245,0
DA:247,0
DA:248,0
DA:253,0
DA:254,0
DA:255,0
DA:259,0
DA:260,0
DA:261,0
DA:269,0
DA:270,0
DA:272,0
DA:274,0
DA:275,0
DA:280,0
DA:281,0
DA:283,0
DA:284,0
DA:285,0
DA:287,0
DA:289,0
LF:98
LH:0
BRDA:19,0,0,0
BRDA:19,0,1,0
BRDA:29,1,0,0
BRDA:29,2,0,0
BRDA:32,3,0,0
BRDA:32,3,1,0
BRDA:33,4,0,0
BRDA:33,4,1,0
BRDA:34,5,0,0
BRDA:34,5,1,0
BRDA:34,6,0,0
BRDA:34,6,1,0
BRDA:98,7,0,0
BRDA:98,7,1,0
BRDA:112,8,0,0
BRDA:112,8,1,0
BRDA:117,9,0,0
BRDA:117,9,1,0
BRDA:117,10,0,0
BRDA:117,10,1,0
BRDA:133,11,0,0
BRDA:133,11,1,0
BRDA:136,12,0,0
BRDA:136,12,1,0
BRDA:153,13,0,0
BRDA:153,13,1,0
BRDA:172,14,0,0
BRDA:172,14,1,0
BRDA:175,15,0,0
BRDA:175,15,1,0
BRDA:185,16,0,0
BRDA:185,16,1,0
BRDA:188,17,0,0
BRDA:188,17,1,0
BRDA:189,18,0,0
BRDA:189,18,1,0
BRDA:190,19,0,0
BRDA:190,19,1,0
BRDA:228,20,0,0
BRDA:228,20,1,0
BRDA:232,21,0,0
BRDA:232,21,1,0
BRDA:253,22,0,0
BRDA:253,22,1,0
BRDA:259,23,0,0
BRDA:259,23,1,0
BRDA:287,24,0,0
BRDA:287,24,1,0
BRF:48
BRH:0
end_of_record
TN:
SF:Controller\SalesOrder\salesOrderController.js
FN:8,(anonymous_0)
FN:74,(anonymous_1)
FN:108,(anonymous_2)
FN:227,(anonymous_3)
FN:256,(anonymous_4)
FN:265,(anonymous_5)
FN:354,(anonymous_6)
FN:420,(anonymous_7)
FN:429,(anonymous_8)
FN:459,(anonymous_9)
FN:494,(anonymous_10)
FNF:11
FNH:0
FNDA:0,(anonymous_0)
FNDA:0,(anonymous_1)
FNDA:0,(anonymous_2)
FNDA:0,(anonymous_3)
FNDA:0,(anonymous_4)
FNDA:0,(anonymous_5)
FNDA:0,(anonymous_6)
FNDA:0,(anonymous_7)
FNDA:0,(anonymous_8)
FNDA:0,(anonymous_9)
FNDA:0,(anonymous_10)
DA:8,0
DA:9,0
DA:10,0
DA:13,0
DA:18,0
DA:19,0
DA:23,0
DA:24,0
DA:28,0
DA:29,0
DA:33,0
DA:34,0
DA:36,0
DA:37,0
DA:44,0
DA:45,0
DA:50,0
DA:66,0
DA:68,0
DA:69,0
DA:74,0
DA:75,0
DA:76,0
DA:78,0
DA:96,0
DA:97,0
DA:100,0
DA:102,0
DA:103,0
DA:108,0
DA:109,0
DA:111,0
DA:123,0
DA:126,0
DA:127,0
DA:128,0
DA:132,0
DA:139,0
DA:140,0
DA:141,0
DA:145,0
DA:146,0
DA:149,0
DA:152,0
DA:153,0
DA:154,0
DA:156,0
DA:158,0
DA:159,0
DA:166,0
DA:167,0
DA:168,0
DA:172,0
DA:173,0
DA:174,0
DA:179,0
DA:180,0
DA:181,0
DA:182,0
DA:183,0
DA:185,0
DA:186,0
DA:187,0
DA:189,0
DA:201,0
DA:204,0
DA:226,0
DA:227,0
DA:234,0
DA:237,0
DA:250,0
DA:252,0
DA:253,0
DA:255,0
DA:256,0
DA:257,0
DA:260,0
DA:265,0
DA:266,0
DA:268,0
DA:269,0
DA:281,0
DA:283,0
DA:290,0
DA:291,0
DA:292,0
DA:296,0
DA:297,0
DA:298,0
DA:302,0
DA:303,0
DA:304,0
DA:305,0
DA:307,0
DA:309,0
DA:310,0
DA:317,0
DA:318,0
DA:319,0
DA:322,0
DA:323,0
DA:324,0
DA:325,0
DA:326,0
DA:328,0
DA:329,0
DA:330,0
DA:332,0
DA:344,0
DA:347,0
DA:353,0
DA:354,0
DA:362,0
DA:382,0
DA:398,0
DA:401,0
DA:414,0
DA:416,0
DA:417,0
DA:419,0
DA:420,0
DA:421,0
DA:424,0
DA:429,0
DA:430,0
DA:431,0
DA:433,0
DA:440,0
DA:441,0
DA:445,0
DA:446,0
DA:449,0
DA:451,0
DA:453,0
DA:454,0
DA:459,0
DA:460,0
DA:461,0
DA:471,0
DA:478,0
DA:488,0
DA:489,0
DA:494,0
DA:495,0
DA:496,0
DA:497,0
DA:499,0
DA:506,0
DA:507,0
DA:511,0
DA:519,0
DA:520,0
DA:525,0
DA:527,0
DA:529,0
DA:530,0
LF:156
LH:0
BRDA:18,0,0,0
BRDA:18,0,1,0
BRDA:18,1,0,0
BRDA:18,1,1,0
BRDA:23,2,0,0
BRDA:23,2,1,0
BRDA:23,3,0,0
BRDA:23,3,1,0
BRDA:28,4,0,0
BRDA:28,4,1,0
BRDA:28,5,0,0
BRDA:28,5,1,0
BRDA:33,6,0,0
BRDA:33,6,1,0
BRDA:36,7,0,0
BRDA:36,7,1,0
BRDA:44,8,0,0
BRDA:44,8,1,0
BRDA:96,9,0,0
BRDA:96,9,1,0
BRDA:126,10,0,0
BRDA:126,10,1,0
BRDA:126,11,0,0
BRDA:126,11,1,0
BRDA:126,11,2,0
BRDA:139,12,0,0
BRDA:139,12,1,0
BRDA:166,13,0,0
BRDA:166,13,1,0
BRDA:172,14,0,0
BRDA:172,14,1,0
BRDA:180,15,0,0
BRDA:180,15,1,0
BRDA:182,16,0,0
BRDA:182,16,1,0
BRDA:195,17,0,0
BRDA:195,17,1,0
BRDA:196,18,0,0
BRDA:196,18,1,0
BRDA:209,19,0,0
BRDA:209,19,1,0
BRDA:211,20,0,0
BRDA:211,20,1,0
BRDA:212,21,0,0
BRDA:212,21,1,0
BRDA:215,22,0,0
BRDA:215,22,1,0
BRDA:255,23,0,0
BRDA:255,23,1,0
BRDA:290,24,0,0
BRDA:290,24,1,0
BRDA:296,25,0,0
BRDA:296,25,1,0
BRDA:296,26,0,0
BRDA:296,26,1,0
BRDA:302,27,0,0
BRDA:302,27,1,0
BRDA:302,28,0,0
BRDA:302,28,1,0
BRDA:317,29,0,0
BRDA:317,29,1,0
BRDA:323,30,0,0
BRDA:323,30,1,0
BRDA:325,31,0,0
BRDA:325,31,1,0
BRDA:338,32,0,0
BRDA:338,32,1,0
BRDA:339,33,0,0
BRDA:339,33,1,0
BRDA:364,34,0,0
BRDA:364,34,1,0
BRDA:365,35,0,0
BRDA:365,35,1,0
BRDA:366,36,0,0
BRDA:366,36,1,0
BRDA:367,37,0,0
BRDA:367,37,1,0
BRDA:368,38,0,0
BRDA:368,38,1,0
BRDA:369,39,0,0
BRDA:369,39,1,0
BRDA:370,40,0,0
BRDA:370,40,1,0
BRDA:371,41,0,0
BRDA:371,41,1,0
BRDA:376,42,0,0
BRDA:376,42,1,0
BRDA:384,43,0,0
BRDA:384,43,1,0
BRDA:385,44,0,0
BRDA:385,44,1,0
BRDA:386,45,0,0
BRDA:386,45,1,0
BRDA:387,46,0,0
BRDA:387,46,1,0
BRDA:388,47,0,0
BRDA:388,47,1,0
BRDA:389,48,0,0
BRDA:389,48,1,0
BRDA:390,49,0,0
BRDA:390,49,1,0
BRDA:391,50,0,0
BRDA:391,50,1,0
BRDA:392,51,0,0
BRDA:392,51,1,0
BRDA:419,52,0,0
BRDA:419,52,1,0
BRDA:440,53,0,0
BRDA:440,53,1,0
BRDA:445,54,0,0
BRDA:445,54,1,0
BRDA:485,55,0,0
BRDA:485,55,1,0
BRDA:506,56,0,0
BRDA:506,56,1,0
BRDA:519,57,0,0
BRDA:519,57,1,0
BRF:117
BRH:0
end_of_record
TN:
SF:Controller\Search\searchController.js
FN:4,(anonymous_0)
FNF:1
FNH:0
FNDA:0,(anonymous_0)
DA:4,0
DA:5,0
DA:6,0
DA:7,0
DA:8,0
DA:11,0
DA:12,0
DA:14,0
DA:56,0
DA:58,0
DA:59,0
LF:11
LH:0
BRDA:6,0,0,0
BRDA:6,0,1,0
BRDA:7,1,0,0
BRDA:7,1,1,0
BRF:4
BRH:0
end_of_record
TN:
SF:Controller\SuperAdmin\activityController.js
FN:5,(anonymous_0)
FN:56,(anonymous_1)
FN:88,(anonymous_2)
FN:115,(anonymous_3)
FN:144,(anonymous_4)
FN:162,(anonymous_5)
FN:192,(anonymous_6)
FN:250,(anonymous_7)
FN:271,(anonymous_8)
FNF:9
FNH:0
FNDA:0,(anonymous_0)
FNDA:0,(anonymous_1)
FNDA:0,(anonymous_2)
FNDA:0,(anonymous_3)
FNDA:0,(anonymous_4)
FNDA:0,(anonymous_5)
FNDA:0,(anonymous_6)
FNDA:0,(anonymous_7)
FNDA:0,(anonymous_8)
DA:5,0
DA:6,0
DA:15,0
DA:17,0
DA:19,0
DA:20,0
DA:23,0
DA:24,0
DA:27,0
DA:28,0
DA:31,0
DA:32,0
DA:33,0
DA:34,0
DA:36,0
DA:37,0
DA:41,0
DA:43,0
DA:55,0
DA:56,0
DA:82,0
DA:83,0
DA:88,0
DA:89,0
DA:90,0
DA:92,0
DA:96,0
DA:97,0
DA:100,0
DA:102,0
DA:114,0
DA:115,0
DA:138,0
DA:139,0
DA:144,0
DA:145,0
DA:146,0
DA:147,0
DA:149,0
DA:161,0
DA:162,0
DA:186,0
DA:187,0
DA:192,0
DA:193,0
DA:194,0
DA:195,0
DA:196,0
DA:204,0
DA:236,0
DA:244,0
DA:245,0
DA:250,0
DA:251,0
DA:252,0
DA:253,0
DA:255,0
DA:257,0
DA:258,0
DA:261,0
DA:263,0
DA:265,0
DA:266,0
DA:271,0
DA:272,0
DA:273,0
DA:274,0
DA:275,0
DA:277,0
DA:284,0
DA:288,0
DA:289,0
LF:72
LH:0
BRDA:13,0,0,0
BRDA:14,1,0,0
BRDA:19,2,0,0
BRDA:19,2,1,0
BRDA:23,3,0,0
BRDA:23,3,1,0
BRDA:27,4,0,0
BRDA:27,4,1,0
BRDA:31,5,0,0
BRDA:31,5,1,0
BRDA:31,6,0,0
BRDA:31,6,1,0
BRDA:33,7,0,0
BRDA:33,7,1,0
BRDA:36,8,0,0
BRDA:36,8,1,0
BRDA:67,9,0,0
BRDA:67,9,1,0
BRDA:90,10,0,0
BRDA:90,11,0,0
BRDA:96,12,0,0
BRDA:96,12,1,0
BRDA:123,13,0,0
BRDA:123,13,1,0
BRDA:146,14,0,0
BRDA:146,15,0,0
BRDA:170,16,0,0
BRDA:170,16,1,0
BRDA:253,17,0,0
BRDA:257,18,0,0
BRDA:257,18,1,0
BRDA:263,19,0,0
BRDA:263,19,1,0
BRDA:273,20,0,0
BRF:34
BRH:0
end_of_record
TN:
SF:Controller\SuperAdmin\dashboardController.js
FN:5,(anonymous_0)
FN:68,(anonymous_1)
FN:106,(anonymous_2)
FN:131,(anonymous_3)
FN:134,(anonymous_4)
FN:137,(anonymous_5)
FN:140,(anonymous_6)
FN:143,(anonymous_7)
FN:146,(anonymous_8)
FN:149,(anonymous_9)
FN:152,(anonymous_10)
FN:163,(anonymous_11)
FN:177,(anonymous_12)
FN:194,(anonymous_13)
FN:206,(anonymous_14)
FN:220,(anonymous_15)
FN:246,(anonymous_16)
FN:260,(anonymous_17)
FN:269,(anonymous_18)
FN:286,(anonymous_19)
FN:309,(anonymous_20)
FN:326,(anonymous_21)
FN:336,(anonymous_22)
FN:346,(anonymous_23)
FN:364,(anonymous_24)
FN:369,(anonymous_25)
FNF:26
FNH:0
FNDA:0,(anonymous_0)
FNDA:0,(anonymous_1)
FNDA:0,(anonymous_2)
FNDA:0,(anonymous_3)
FNDA:0,(anonymous_4)
FNDA:0,(anonymous_5)
FNDA:0,(anonymous_6)
FNDA:0,(anonymous_7)
FNDA:0,(anonymous_8)
FNDA:0,(anonymous_9)
FNDA:0,(anonymous_10)
FNDA:0,(anonymous_11)
FNDA:0,(anonymous_12)
FNDA:0,(anonymous_13)
FNDA:0,(anonymous_14)
FNDA:0,(anonymous_15)
FNDA:0,(anonymous_16)
FNDA:0,(anonymous_17)
FNDA:0,(anonymous_18)
FNDA:0,(anonymous_19)
FNDA:0,(anonymous_20)
FNDA:0,(anonymous_21)
FNDA:0,(anonymous_22)
FNDA:0,(anonymous_23)
FNDA:0,(anonymous_24)
FNDA:0,(anonymous_25)
DA:5,0
DA:6,0
DA:9,0
DA:18,0
DA:27,0
DA:28,0
DA:29,0
DA:30,0
DA:31,0
DA:32,0
DA:40,0
DA:48,0
DA:68,0
DA:69,0
DA:77,0
DA:78,0
DA:79,0
DA:80,0
DA:81,0
DA:82,0
DA:89,0
DA:106,0
DA:107,0
DA:108,0
DA:109,0
DA:110,0
DA:111,0
DA:112,0
DA:114,0
DA:115,0
DA:116,0
DA:117,0
DA:118,0
DA:119,0
DA:120,0
DA:121,0
DA:122,0
DA:123,0
DA:124,0
DA:125,0
DA:126,0
DA:128,0
DA:129,0
DA:131,0
DA:134,0
DA:137,0
DA:140,0
DA:143,0
DA:146,0
DA:149,0
DA:152,0
DA:163,0
DA:177,0
DA:194,0
DA:197,0
DA:199,0
DA:202,0
DA:204,0
DA:206,0
DA:208,0
DA:211,0
DA:213,0
DA:220,0
DA:222,0
DA:226,0
DA:229,0
DA:230,0
DA:231,0
DA:234,0
DA:246,0
DA:260,0
DA:269,0
DA:278,0
DA:280,0
DA:281,0
DA:286,0
DA:287,0
DA:288,0
DA:289,0
DA:290,0
DA:291,0
DA:293,0
DA:294,0
DA:309,0
DA:326,0
DA:336,0
DA:346,0
DA:349,0
DA:351,0
DA:355,0
DA:358,0
DA:359,0
DA:360,0
DA:363,0
DA:364,0
DA:369,0
DA:378,0
DA:380,0
DA:381,0
LF:99
LH:0
BRDA:31,0,0,0
BRDA:31,0,1,0
BRDA:226,1,0,0
BRDA:226,1,1,0
BRDA:226,1,2,0
BRDA:229,2,0,0
BRDA:229,2,1,0
BRDA:241,3,0,0
BRDA:241,3,1,0
BRDA:250,4,0,0
BRDA:250,4,1,0
BRDA:273,5,0,0
BRDA:273,5,1,0
BRDA:274,6,0,0
BRDA:274,6,1,0
BRDA:355,7,0,0
BRDA:355,7,1,0
BRDA:358,8,0,0
BRDA:358,8,1,0
BRDA:367,9,0,0
BRDA:367,9,1,0
BRDA:371,10,0,0
BRDA:371,10,1,0
BRDA:372,11,0,0
BRDA:372,11,1,0
BRF:25
BRH:0
end_of_record
TN:
SF:Controller\SuperAdmin\index.js
FNF:0
FNH:0
LF:0
LH:0
BRF:0
BRH:0
end_of_record
TN:
SF:Controller\SuperAdmin\settingsController.js
FN:6,(anonymous_0)
FN:22,(anonymous_1)
FN:51,(anonymous_2)
FN:79,(anonymous_3)
FN:103,(anonymous_4)
FN:145,(anonymous_5)
FN:184,(anonymous_6)
FN:194,(anonymous_7)
FN:209,(anonymous_8)
FN:252,(anonymous_9)
FN:288,(anonymous_10)
FN:340,parseSettingValue
FN:357,stringifySettingValue
FNF:13
FNH:0
FNDA:0,(anonymous_0)
FNDA:0,(anonymous_1)
FNDA:0,(anonymous_2)
FNDA:0,(anonymous_3)
FNDA:0,(anonymous_4)
FNDA:0,(anonymous_5)
FNDA:0,(anonymous_6)
FNDA:0,(anonymous_7)
FNDA:0,(anonymous_8)
FNDA:0,(anonymous_9)
FNDA:0,(anonymous_10)
FNDA:0,parseSettingValue
FNDA:0,stringifySettingValue
DA:6,0
DA:7,0
DA:8,0
DA:17,0
DA:22,0
DA:23,0
DA:24,0
DA:26,0
DA:27,0
DA:28,0
DA:31,0
DA:42,0
DA:43,0
DA:44,0
DA:51,0
DA:52,0
DA:53,0
DA:55,0
DA:68,0
DA:71,0
DA:73,0
DA:74,0
DA:79,0
DA:80,0
DA:81,0
DA:83,0
DA:85,0
DA:86,0
DA:89,0
DA:97,0
DA:98,0
DA:103,0
DA:104,0
DA:105,0
DA:106,0
DA:107,0
DA:109,0
DA:111,0
DA:112,0
DA:115,0
DA:116,0
DA:120,0
DA:122,0
DA:123,0
DA:128,0
DA:130,0
DA:139,0
DA:140,0
DA:145,0
DA:146,0
DA:147,0
DA:148,0
DA:150,0
DA:151,0
DA:154,0
DA:156,0
DA:157,0
DA:159,0
DA:160,0
DA:161,0
DA:164,0
DA:165,0
DA:166,0
DA:169,0
DA:170,0
DA:171,0
DA:174,0
DA:176,0
DA:178,0
DA:179,0
DA:184,0
DA:185,0
DA:186,0
DA:187,0
DA:189,0
DA:191,0
DA:193,0
DA:194,0
DA:197,0
DA:199,0
DA:201,0
DA:203,0
DA:204,0
DA:209,0
DA:210,0
DA:211,0
DA:212,0
DA:214,0
DA:216,0
DA:217,0
DA:222,0
DA:223,0
DA:226,0
DA:227,0
DA:230,0
DA:231,0
DA:234,0
DA:235,0
DA:238,0
DA:240,0
DA:246,0
DA:247,0
DA:252,0
DA:253,0
DA:254,0
DA:257,0
DA:265,0
DA:278,0
DA:280,0
DA:282,0
DA:283,0
DA:288,0
DA:289,0
DA:290,0
DA:292,0
DA:293,0
DA:294,0
DA:296,0
DA:297,0
DA:306,0
DA:319,0
DA:334,0
DA:335,0
DA:341,0
DA:343,0
DA:345,0
DA:347,0
DA:348,0
DA:350,0
DA:353,0
DA:358,0
DA:360,0
DA:362,0
LF:133
LH:0
BRDA:6,0,0,0
BRDA:12,1,0,0
BRDA:12,1,1,0
BRDA:27,2,0,0
BRDA:27,2,1,0
BRDA:42,3,0,0
BRDA:42,3,1,0
BRDA:52,4,0,0
BRDA:52,4,1,0
BRDA:63,5,0,0
BRDA:63,5,1,0
BRDA:85,6,0,0
BRDA:85,6,1,0
BRDA:111,7,0,0
BRDA:111,7,1,0
BRDA:115,8,0,0
BRDA:115,8,1,0
BRDA:150,9,0,0
BRDA:150,9,1,0
BRDA:150,10,0,0
BRDA:150,10,1,0
BRDA:159,11,0,0
BRDA:159,11,1,0
BRDA:164,12,0,0
BRDA:164,12,1,0
BRDA:189,13,0,0
BRDA:189,13,1,0
BRDA:193,14,0,0
BRDA:193,14,1,0
BRDA:199,15,0,0
BRDA:199,15,1,0
BRDA:211,16,0,0
BRDA:216,17,0,0
BRDA:216,17,1,0
BRDA:216,18,0,0
BRDA:216,18,1,0
BRDA:222,19,0,0
BRDA:222,19,1,0
BRDA:222,20,0,0
BRDA:222,20,1,0
BRDA:226,21,0,0
BRDA:226,21,1,0
BRDA:226,22,0,0
BRDA:226,22,1,0
BRDA:230,23,0,0
BRDA:230,23,1,0
BRDA:230,24,0,0
BRDA:230,24,1,0
BRDA:234,25,0,0
BRDA:234,25,1,0
BRDA:234,26,0,0
BRDA:234,26,1,0
BRDA:267,27,0,0
BRDA:267,27,1,0
BRDA:293,28,0,0
BRDA:293,28,1,0
BRDA:294,29,0,0
BRDA:294,29,1,0
BRDA:296,30,0,0
BRDA:296,30,1,0
BRDA:296,31,0,0
BRDA:296,31,1,0
BRDA:297,32,0,0
BRDA:297,32,1,0
BRDA:297,33,0,0
BRDA:297,33,1,0
BRDA:309,34,0,0
BRDA:309,34,1,0
BRDA:309,35,0,0
BRDA:309,35,1,0
BRDA:310,36,0,0
BRDA:310,36,1,0
BRDA:310,37,0,0
BRDA:310,37,1,0
BRDA:321,38,0,0
BRDA:321,38,1,0
BRDA:322,39,0,0
BRDA:322,39,1,0
BRDA:325,40,0,0
BRDA:325,40,1,0
BRDA:341,41,0,0
BRDA:341,41,1,0
BRDA:341,41,2,0
BRDA:341,41,3,0
BRDA:358,42,0,0
BRDA:358,42,1,0
BRDA:360,43,0,0
BRDA:360,43,1,0
BRF:88
BRH:0
end_of_record
TN:
SF:Controller\SuperAdmin\userManagementController.js
FN:7,(anonymous_0)
FN:23,(anonymous_1)
FN:77,(anonymous_2)
FN:104,(anonymous_3)
FN:136,(anonymous_4)
FN:164,(anonymous_5)
FN:192,(anonymous_6)
FN:222,(anonymous_7)
FN:256,(anonymous_8)
FN:283,(anonymous_9)
FN:315,(anonymous_10)
FN:348,(anonymous_11)
FN:385,(anonymous_12)
FN:412,(anonymous_13)
FNF:14
FNH:0
FNDA:0,(anonymous_0)
FNDA:0,(anonymous_1)
FNDA:0,(anonymous_2)
FNDA:0,(anonymous_3)
FNDA:0,(anonymous_4)
FNDA:0,(anonymous_5)
FNDA:0,(anonymous_6)
FNDA:0,(anonymous_7)
FNDA:0,(anonymous_8)
FNDA:0,(anonymous_9)
FNDA:0,(anonymous_10)
FNDA:0,(anonymous_11)
FNDA:0,(anonymous_12)
FNDA:0,(anonymous_13)
DA:7,0
DA:8,0
DA:9,0
DA:18,0
DA:23,0
DA:24,0
DA:25,0
DA:27,0
DA:29,0
DA:30,0
DA:33,0
DA:34,0
DA:37,0
DA:38,0
DA:46,0
DA:48,0
DA:61,0
DA:71,0
DA:72,0
DA:77,0
DA:78,0
DA:79,0
DA:81,0
DA:85,0
DA:86,0
DA:90,0
DA:96,0
DA:98,0
DA:99,0
DA:104,0
DA:105,0
DA:106,0
DA:107,0
DA:109,0
DA:111,0
DA:112,0
DA:115,0
DA:116,0
DA:119,0
DA:126,0
DA:128,0
DA:130,0
DA:131,0
DA:136,0
DA:137,0
DA:138,0
DA:139,0
DA:140,0
DA:142,0
DA:144,0
DA:145,0
DA:148,0
DA:149,0
DA:152,0
DA:154,0
DA:156,0
DA:158,0
DA:159,0
DA:164,0
DA:165,0
DA:166,0
DA:167,0
DA:169,0
DA:171,0
DA:172,0
DA:175,0
DA:182,0
DA:184,0
DA:186,0
DA:187,0
DA:192,0
DA:193,0
DA:194,0
DA:195,0
DA:197,0
DA:199,0
DA:200,0
DA:203,0
DA:204,0
DA:207,0
DA:212,0
DA:214,0
DA:216,0
DA:217,0
DA:222,0
DA:223,0
DA:224,0
DA:225,0
DA:226,0
DA:228,0
DA:230,0
DA:231,0
DA:234,0
DA:235,0
DA:238,0
DA:240,0
DA:246,0
DA:248,0
DA:250,0
DA:251,0
DA:256,0
DA:257,0
DA:258,0
DA:259,0
DA:261,0
DA:263,0
DA:264,0
DA:267,0
DA:273,0
DA:275,0
DA:277,0
DA:278,0
DA:283,0
DA:284,0
DA:285,0
DA:286,0
DA:288,0
DA:290,0
DA:291,0
DA:294,0
DA:295,0
DA:298,0
DA:299,0
DA:302,0
DA:303,0
DA:305,0
DA:307,0
DA:309,0
DA:310,0
DA:315,0
DA:316,0
DA:317,0
DA:318,0
DA:319,0
DA:321,0
DA:322,0
DA:325,0
DA:327,0
DA:328,0
DA:331,0
DA:338,0
DA:340,0
DA:342,0
DA:343,0
DA:348,0
DA:349,0
DA:350,0
DA:351,0
DA:352,0
DA:354,0
DA:355,0
DA:358,0
DA:360,0
DA:361,0
DA:364,0
DA:365,0
DA:368,0
DA:369,0
DA:372,0
DA:373,0
DA:375,0
DA:377,0
DA:379,0
DA:380,0
DA:385,0
DA:386,0
DA:387,0
DA:388,0
DA:390,0
DA:392,0
DA:393,0
DA:396,0
DA:397,0
DA:400,0
DA:402,0
DA:404,0
DA:406,0
DA:407,0
DA:412,0
DA:413,0
DA:414,0
DA:428,0
DA:430,0
DA:431,0
LF:184
LH:0
BRDA:7,0,0,0
BRDA:13,1,0,0
BRDA:13,1,1,0
BRDA:25,2,0,0
BRDA:25,3,0,0
BRDA:25,4,0,0
BRDA:25,5,0,0
BRDA:29,6,0,0
BRDA:29,6,1,0
BRDA:33,7,0,0
BRDA:33,7,1,0
BRDA:37,8,0,0
BRDA:37,8,1,0
BRDA:85,9,0,0
BRDA:85,9,1,0
BRDA:111,10,0,0
BRDA:111,10,1,0
BRDA:115,11,0,0
BRDA:115,11,1,0
BRDA:144,12,0,0
BRDA:144,12,1,0
BRDA:148,13,0,0
BRDA:148,13,1,0
BRDA:154,14,0,0
BRDA:154,14,1,0
BRDA:171,15,0,0
BRDA:171,15,1,0
BRDA:199,16,0,0
BRDA:199,16,1,0
BRDA:203,17,0,0
BRDA:203,17,1,0
BRDA:230,18,0,0
BRDA:230,18,1,0
BRDA:234,19,0,0
BRDA:234,19,1,0
BRDA:238,20,0,0
BRDA:238,20,1,0
BRDA:246,21,0,0
BRDA:246,21,1,0
BRDA:263,22,0,0
BRDA:263,22,1,0
BRDA:290,23,0,0
BRDA:290,23,1,0
BRDA:294,24,0,0
BRDA:294,24,1,0
BRDA:298,25,0,0
BRDA:298,25,1,0
BRDA:321,26,0,0
BRDA:321,26,1,0
BRDA:321,27,0,0
BRDA:321,27,1,0
BRDA:327,28,0,0
BRDA:327,28,1,0
BRDA:354,29,0,0
BRDA:354,29,1,0
BRDA:360,30,0,0
BRDA:360,30,1,0
BRDA:364,31,0,0
BRDA:364,31,1,0
BRDA:368,32,0,0
BRDA:368,32,1,0
BRDA:392,33,0,0
BRDA:392,33,1,0
BRDA:396,34,0,0
BRDA:396,34,1,0
BRF:65
BRH:0
end_of_record
TN:
SF:Controller\Supplier\supplierController.js
FN:3,(anonymous_0)
FN:16,(anonymous_1)
FN:117,(anonymous_2)
FN:148,(anonymous_3)
FNF:4
FNH:4
FNDA:3,(anonymous_0)
FNDA:5,(anonymous_1)
FNDA:2,(anonymous_2)
FNDA:2,(anonymous_3)
DA:3,1
DA:4,3
DA:5,3
DA:9,2
DA:11,1
DA:12,1
DA:16,1
DA:17,5
DA:53,5
DA:56,5
DA:60,5
DA:61,1
DA:63,4
DA:64,1
DA:66,3
DA:67,1
DA:70,2
DA:110,1
DA:112,1
DA:113,1
DA:117,1
DA:118,2
DA:119,2
DA:123,2
DA:124,1
DA:127,1
DA:128,1
DA:129,1
DA:131,1
DA:135,1
DA:136,1
DA:137,1
DA:140,1
DA:141,1
DA:143,0
DA:144,0
DA:148,1
DA:149,2
DA:150,2
DA:154,2
DA:155,1
DA:158,1
DA:159,1
DA:161,0
DA:162,0
LF:45
LH:41
BRDA:56,0,0,5
BRDA:56,0,1,1
BRDA:56,0,2,1
BRDA:60,1,0,1
BRDA:60,1,1,4
BRDA:63,2,0,1
BRDA:63,2,1,3
BRDA:66,3,0,1
BRDA:66,3,1,2
BRDA:82,4,0,2
BRDA:82,4,1,2
BRDA:82,4,2,2
BRDA:107,5,0,2
BRDA:107,5,1,2
BRDA:123,6,0,1
BRDA:123,6,1,1
BRDA:131,7,0,1
BRDA:131,7,1,1
BRDA:131,7,2,0
BRDA:135,8,0,1
BRDA:135,8,1,0
BRDA:154,9,0,1
BRDA:154,9,1,1
BRF:23
BRH:21
end_of_record
TN:
SF:Controller\User\userController.js
FN:9,(anonymous_0)
FN:35,(anonymous_1)
FN:70,(anonymous_2)
FNF:3
FNH:0
FNDA:0,(anonymous_0)
FNDA:0,(anonymous_1)
FNDA:0,(anonymous_2)
DA:6,0
DA:7,0
DA:9,0
DA:10,0
DA:11,0
DA:13,0
DA:14,0
DA:18,0
DA:19,0
DA:20,0
DA:23,0
DA:26,0
DA:28,0
DA:30,0
DA:31,0
DA:35,0
DA:36,0
DA:37,0
DA:38,0
DA:39,0
DA:42,0
DA:43,0
DA:45,0
DA:46,0
DA:49,0
DA:52,0
DA:58,0
DA:64,0
DA:65,0
DA:70,0
DA:71,0
DA:72,0
DA:73,0
DA:74,0
DA:77,0
DA:78,0
DA:81,0
DA:82,0
DA:83,0
DA:86,0
DA:88,0
DA:89,0
DA:91,0
LF:43
LH:0
BRDA:6,0,0,0
BRDA:6,0,1,0
BRDA:13,1,0,0
BRDA:13,1,1,0
BRDA:13,2,0,0
BRDA:13,2,1,0
BRDA:13,2,2,0
BRDA:19,3,0,0
BRDA:19,3,1,0
BRDA:38,4,0,0
BRDA:38,4,1,0
BRDA:38,5,0,0
BRDA:38,5,1,0
BRDA:43,6,0,0
BRDA:43,6,1,0
BRDA:46,7,0,0
BRDA:46,7,1,0
BRDA:73,8,0,0
BRDA:73,8,1,0
BRDA:73,9,0,0
BRDA:73,9,1,0
BRDA:82,10,0,0
BRDA:82,10,1,0
BRDA:88,11,0,0
BRDA:88,11,1,0
BRF:25
BRH:0
end_of_record
TN:
SF:Controller\VendorCredit\vendorCreditController.js
FN:6,(anonymous_0)
FN:84,(anonymous_1)
FN:125,(anonymous_2)
FN:155,(anonymous_3)
FN:188,(anonymous_4)
FN:241,(anonymous_5)
FN:275,(anonymous_6)
FN:307,(anonymous_7)
FN:350,(anonymous_8)
FN:382,(anonymous_9)
FN:452,(anonymous_10)
FN:494,(anonymous_11)
FNF:12
FNH:0
FNDA:0,(anonymous_0)
FNDA:0,(anonymous_1)
FNDA:0,(anonymous_2)
FNDA:0,(anonymous_3)
FNDA:0,(anonymous_4)
FNDA:0,(anonymous_5)
FNDA:0,(anonymous_6)
FNDA:0,(anonymous_7)
FNDA:0,(anonymous_8)
FNDA:0,(anonymous_9)
FNDA:0,(anonymous_10)
FNDA:0,(anonymous_11)
DA:6,0
DA:7,0
DA:8,0
DA:9,0
DA:11,0
DA:13,0
DA:14,0
DA:21,0
DA:22,0
DA:25,0
DA:26,0
DA:29,0
DA:30,0
DA:35,0
DA:67,0
DA:78,0
DA:79,0
DA:84,0
DA:85,0
DA:86,0
DA:113,0
DA:114,0
DA:117,0
DA:119,0
DA:120,0
DA:125,0
DA:126,0
DA:128,0
DA:138,0
DA:141,0
DA:142,0
DA:143,0
DA:144,0
DA:148,0
DA:149,0
DA:152,0
DA:153,0
DA:155,0
DA:156,0
DA:157,0
DA:160,0
DA:161,0
DA:163,0
DA:164,0
DA:167,0
DA:170,0
DA:188,0
DA:189,0
DA:190,0
DA:193,0
DA:194,0
DA:195,0
DA:197,0
DA:210,0
DA:213,0
DA:214,0
DA:221,0
DA:224,0
DA:232,0
DA:234,0
DA:235,0
DA:236,0
DA:241,0
DA:242,0
DA:244,0
DA:245,0
DA:250,0
DA:251,0
DA:252,0
DA:255,0
DA:256,0
DA:257,0
DA:269,0
DA:272,0
DA:273,0
DA:275,0
DA:276,0
DA:277,0
DA:280,0
DA:281,0
DA:283,0
DA:284,0
DA:287,0
DA:290,0
DA:305,0
DA:307,0
DA:308,0
DA:309,0
DA:312,0
DA:313,0
DA:314,0
DA:316,0
DA:329,0
DA:331,0
DA:333,0
DA:341,0
DA:343,0
DA:344,0
DA:345,0
DA:350,0
DA:351,0
DA:353,0
DA:354,0
DA:359,0
DA:360,0
DA:361,0
DA:364,0
DA:365,0
DA:366,0
DA:369,0
DA:370,0
DA:372,0
DA:373,0
DA:375,0
DA:376,0
DA:377,0
DA:382,0
DA:383,0
DA:385,0
DA:386,0
DA:387,0
DA:389,0
DA:394,0
DA:395,0
DA:396,0
DA:399,0
DA:400,0
DA:401,0
DA:404,0
DA:409,0
DA:410,0
DA:411,0
DA:415,0
DA:416,0
DA:418,0
DA:425,0
DA:426,0
DA:428,0
DA:429,0
DA:430,0
DA:431,0
DA:432,0
DA:435,0
DA:441,0
DA:443,0
DA:445,0
DA:446,0
DA:447,0
DA:452,0
DA:453,0
DA:454,0
DA:456,0
DA:465,0
DA:475,0
DA:488,0
DA:489,0
DA:494,0
DA:495,0
DA:496,0
DA:498,0
DA:509,0
DA:511,0
DA:512,0
LF:163
LH:0
BRDA:8,0,0,0
BRDA:8,1,0,0
BRDA:13,2,0,0
BRDA:13,2,1,0
BRDA:21,3,0,0
BRDA:21,3,1,0
BRDA:25,4,0,0
BRDA:25,4,1,0
BRDA:29,5,0,0
BRDA:29,5,1,0
BRDA:29,6,0,0
BRDA:29,6,1,0
BRDA:113,7,0,0
BRDA:113,7,1,0
BRDA:137,8,0,0
BRDA:148,9,0,0
BRDA:148,9,1,0
BRDA:157,10,0,0
BRDA:157,10,1,0
BRDA:158,11,0,0
BRDA:158,11,1,0
BRDA:159,12,0,0
BRDA:159,12,1,0
BRDA:161,13,0,0
BRDA:161,13,1,0
BRDA:190,14,0,0
BRDA:190,14,1,0
BRDA:191,15,0,0
BRDA:191,15,1,0
BRDA:192,16,0,0
BRDA:192,16,1,0
BRDA:194,17,0,0
BRDA:194,17,1,0
BRDA:203,18,0,0
BRDA:203,18,1,0
BRDA:204,19,0,0
BRDA:204,19,1,0
BRDA:205,20,0,0
BRDA:205,20,1,0
BRDA:250,21,0,0
BRDA:250,21,1,0
BRDA:255,22,0,0
BRDA:255,22,1,0
BRDA:277,23,0,0
BRDA:277,23,1,0
BRDA:278,24,0,0
BRDA:278,24,1,0
BRDA:279,25,0,0
BRDA:279,25,1,0
BRDA:281,26,0,0
BRDA:281,26,1,0
BRDA:309,27,0,0
BRDA:309,27,1,0
BRDA:310,28,0,0
BRDA:310,28,1,0
BRDA:311,29,0,0
BRDA:311,29,1,0
BRDA:313,30,0,0
BRDA:313,30,1,0
BRDA:322,31,0,0
BRDA:322,31,1,0
BRDA:323,32,0,0
BRDA:323,32,1,0
BRDA:324,33,0,0
BRDA:324,33,1,0
BRDA:359,34,0,0
BRDA:359,34,1,0
BRDA:364,35,0,0
BRDA:364,35,1,0
BRDA:394,36,0,0
BRDA:394,36,1,0
BRDA:399,37,0,0
BRDA:399,37,1,0
BRDA:409,38,0,0
BRDA:409,38,1,0
BRDA:421,39,0,0
BRDA:421,39,1,0
BRDA:429,40,0,0
BRDA:429,40,1,0
BRDA:431,41,0,0
BRDA:431,41,1,0
BRDA:478,42,0,0
BRDA:478,42,1,0
BRDA:479,43,0,0
BRDA:479,43,1,0
BRDA:480,44,0,0
BRDA:480,44,1,0
BRDA:481,45,0,0
BRDA:481,45,1,0
BRDA:482,46,0,0
BRDA:482,46,1,0
BRDA:483,47,0,0
BRDA:483,47,1,0
BRDA:483,48,0,0
BRDA:483,48,1,0
BRF:95
BRH:0
end_of_record
TN:
SF:Middleware\auth.middleware.js
FN:3,(anonymous_0)
FNF:1
FNH:1
FNDA:5,(anonymous_0)
DA:3,1
DA:4,5
DA:6,5
DA:7,2
DA:10,3
DA:12,3
DA:13,3
DA:14,1
DA:15,1
DA:16,1
DA:18,2
LF:11
LH:11
BRDA:6,0,0,2
BRDA:6,0,1,3
BRDA:6,1,0,5
BRDA:6,1,1,4
BRDA:13,2,0,3
BRDA:13,2,1,3
BRF:6
BRH:6
end_of_record
TN:
SF:Middleware\superAdmin.middleware.js
FN:5,(anonymous_0)
FN:46,(anonymous_1)
FN:86,(anonymous_2)
FNF:3
FNH:0
FNDA:0,(anonymous_0)
FNDA:0,(anonymous_1)
FNDA:0,(anonymous_2)
DA:5,0
DA:6,0
DA:7,0
DA:9,0
DA:10,0
DA:13,0
DA:15,0
DA:16,0
DA:17,0
DA:20,0
DA:22,0
DA:23,0
DA:26,0
DA:27,0
DA:30,0
DA:31,0
DA:34,0
DA:35,0
DA:37,0
DA:40,0
DA:41,0
DA:46,0
DA:47,0
DA:48,0
DA:50,0
DA:51,0
DA:54,0
DA:56,0
DA:57,0
DA:58,0
DA:60,0
DA:62,0
DA:63,0
DA:66,0
DA:67,0
DA:70,0
DA:71,0
DA:74,0
DA:75,0
DA:77,0
DA:80,0
DA:81,0
DA:86,0
DA:87,0
DA:88,0
DA:89,0
DA:92,0
DA:94,0
DA:95,0
DA:99,0
DA:100,0
DA:104,0
DA:105,0
DA:112,0
DA:113,0
DA:117,0
DA:118,0
DA:121,0
DA:123,0
DA:124,0
LF:60
LH:0
BRDA:9,0,0,0
BRDA:9,0,1,0
BRDA:9,1,0,0
BRDA:9,1,1,0
BRDA:16,2,0,0
BRDA:16,2,1,0
BRDA:22,3,0,0
BRDA:22,3,1,0
BRDA:26,4,0,0
BRDA:26,4,1,0
BRDA:30,5,0,0
BRDA:30,5,1,0
BRDA:50,6,0,0
BRDA:50,6,1,0
BRDA:50,7,0,0
BRDA:50,7,1,0
BRDA:57,8,0,0
BRDA:57,8,1,0
BRDA:62,9,0,0
BRDA:62,9,1,0
BRDA:66,10,0,0
BRDA:66,10,1,0
BRDA:70,11,0,0
BRDA:70,11,1,0
BRDA:88,12,0,0
BRDA:88,12,1,0
BRDA:88,13,0,0
BRDA:88,13,1,0
BRDA:94,14,0,0
BRDA:94,14,1,0
BRDA:99,15,0,0
BRDA:99,15,1,0
BRDA:104,16,0,0
BRDA:104,16,1,0
BRDA:112,17,0,0
BRDA:112,17,1,0
BRDA:117,18,0,0
BRDA:117,18,1,0
BRDA:117,19,0,0
BRDA:117,19,1,0
BRF:40
BRH:0
end_of_record
TN:
SF:Middleware\validation.middleware.js
FN:7,(anonymous_0)
FN:8,(anonymous_1)
FN:15,(anonymous_2)
FN:41,(anonymous_3)
FN:42,(anonymous_4)
FN:47,(anonymous_5)
FN:72,(anonymous_6)
FN:73,(anonymous_7)
FN:78,(anonymous_8)
FNF:9
FNH:0
FNDA:0,(anonymous_0)
FNDA:0,(anonymous_1)
FNDA:0,(anonymous_2)
FNDA:0,(anonymous_3)
FNDA:0,(anonymous_4)
FNDA:0,(anonymous_5)
FNDA:0,(anonymous_6)
FNDA:0,(anonymous_7)
FNDA:0,(anonymous_8)
DA:7,0
DA:8,0
DA:9,0
DA:11,0
DA:13,0
DA:15,0
DA:20,0
DA:27,0
DA:28,0
DA:30,0
DA:31,0
DA:41,0
DA:42,0
DA:43,0
DA:44,0
DA:46,0
DA:47,0
DA:52,0
DA:58,0
DA:59,0
DA:61,0
DA:62,0
DA:72,0
DA:73,0
DA:74,0
DA:75,0
DA:77,0
DA:78,0
DA:83,0
DA:89,0
DA:90,0
DA:92,0
DA:93,0
LF:33
LH:0
BRDA:13,0,0,0
BRDA:13,0,1,0
BRDA:46,1,0,0
BRDA:46,1,1,0
BRDA:77,2,0,0
BRDA:77,2,1,0
BRF:6
BRH:0
end_of_record
